[2025-08-09 12:35:35] local.ERROR: file_put_contents(storage/app/public/9_76382729_CERTIUNICOLABORAL.pdf): failed to open stream: Permission denied {"exception":"[object] (ErrorException(code: 0): file_put_contents(storage/app/public/9_76382729_CERTIUNICOLABORAL.pdf): failed to open stream: Permission denied at /var/www/html/sis_dbu/backend/app/Services/Solicitud/CreateSolicitudService.php:128)
[stacktrace]
#0 [internal function]: Laravel\\Lumen\\Application->Laravel\\Lumen\\Concerns\\{closure}()
#1 /var/www/html/sis_dbu/backend/app/Services/Solicitud/CreateSolicitudService.php(128): file_put_contents()
#2 /var/www/html/sis_dbu/backend/app/Services/Solicitud/CreateSolicitudService.php(60): App\\Services\\Solicitud\\CreateSolicitudService->saveFileLocal()
#3 /var/www/html/sis_dbu/backend/app/Http/Controllers/SolicitudController.php(99): App\\Services\\Solicitud\\CreateSolicitudService->uploadFile()
#4 /var/www/html/sis_dbu/backend/vendor/illuminate/container/BoundMethod.php(36): App\\Http\\Controllers\\SolicitudController->uploadDocument()
#5 /var/www/html/sis_dbu/backend/vendor/illuminate/container/Util.php(37): Illuminate\\Container\\BoundMethod::Illuminate\\Container\\{closure}()
#6 /var/www/html/sis_dbu/backend/vendor/illuminate/container/BoundMethod.php(93): Illuminate\\Container\\Util::unwrapIfClosure()
#7 /var/www/html/sis_dbu/backend/vendor/illuminate/container/BoundMethod.php(37): Illuminate\\Container\\BoundMethod::callBoundMethod()
#8 /var/www/html/sis_dbu/backend/vendor/illuminate/container/Container.php(596): Illuminate\\Container\\BoundMethod::call()
#9 /var/www/html/sis_dbu/backend/vendor/laravel/lumen-framework/src/Concerns/RoutesRequests.php(386): Illuminate\\Container\\Container->call()
#10 /var/www/html/sis_dbu/backend/vendor/laravel/lumen-framework/src/Concerns/RoutesRequests.php(352): Laravel\\Lumen\\Application->callControllerCallable()
#11 /var/www/html/sis_dbu/backend/vendor/laravel/lumen-framework/src/Concerns/RoutesRequests.php(326): Laravel\\Lumen\\Application->callLumenController()
#12 /var/www/html/sis_dbu/backend/vendor/laravel/lumen-framework/src/Concerns/RoutesRequests.php(279): Laravel\\Lumen\\Application->callControllerAction()
#13 /var/www/html/sis_dbu/backend/vendor/laravel/lumen-framework/src/Concerns/RoutesRequests.php(264): Laravel\\Lumen\\Application->callActionOnArrayBasedRoute()
#14 /var/www/html/sis_dbu/backend/vendor/laravel/lumen-framework/src/Concerns/RoutesRequests.php(166): Laravel\\Lumen\\Application->handleFoundRoute()
#15 [internal function]: Laravel\\Lumen\\Application->Laravel\\Lumen\\Concerns\\{closure}()
#16 /var/www/html/sis_dbu/backend/vendor/laravel/lumen-framework/src/Routing/Pipeline.php(48): call_user_func()
#17 /var/www/html/sis_dbu/backend/vendor/fruitcake/laravel-cors/src/HandleCors.php(52): Laravel\\Lumen\\Routing\\Pipeline->Laravel\\Lumen\\Routing\\{closure}()
#18 /var/www/html/sis_dbu/backend/vendor/illuminate/pipeline/Pipeline.php(167): Fruitcake\\Cors\\HandleCors->handle()
#19 [internal function]: Illuminate\\Pipeline\\Pipeline->Illuminate\\Pipeline\\{closure}()
#20 /var/www/html/sis_dbu/backend/vendor/laravel/lumen-framework/src/Routing/Pipeline.php(30): call_user_func()
#21 /var/www/html/sis_dbu/backend/vendor/illuminate/pipeline/Pipeline.php(103): Laravel\\Lumen\\Routing\\Pipeline->Laravel\\Lumen\\Routing\\{closure}()
#22 /var/www/html/sis_dbu/backend/vendor/laravel/lumen-framework/src/Concerns/RoutesRequests.php(423): Illuminate\\Pipeline\\Pipeline->then()
#23 /var/www/html/sis_dbu/backend/vendor/laravel/lumen-framework/src/Concerns/RoutesRequests.php(172): Laravel\\Lumen\\Application->sendThroughPipeline()
#24 /var/www/html/sis_dbu/backend/vendor/laravel/lumen-framework/src/Concerns/RoutesRequests.php(109): Laravel\\Lumen\\Application->dispatch()
#25 /var/www/html/sis_dbu/backend/index.php(28): Laravel\\Lumen\\Application->run()
#26 {main}
"} 
[2025-08-09 12:36:19] local.ERROR: file_put_contents(storage/app/public/9_76382729_CERTIUNICOLABORAL.pdf): failed to open stream: Permission denied {"exception":"[object] (ErrorException(code: 0): file_put_contents(storage/app/public/9_76382729_CERTIUNICOLABORAL.pdf): failed to open stream: Permission denied at /var/www/html/sis_dbu/backend/app/Services/Solicitud/CreateSolicitudService.php:128)
[stacktrace]
#0 [internal function]: Laravel\\Lumen\\Application->Laravel\\Lumen\\Concerns\\{closure}()
#1 /var/www/html/sis_dbu/backend/app/Services/Solicitud/CreateSolicitudService.php(128): file_put_contents()
#2 /var/www/html/sis_dbu/backend/app/Services/Solicitud/CreateSolicitudService.php(60): App\\Services\\Solicitud\\CreateSolicitudService->saveFileLocal()
#3 /var/www/html/sis_dbu/backend/app/Http/Controllers/SolicitudController.php(99): App\\Services\\Solicitud\\CreateSolicitudService->uploadFile()
#4 /var/www/html/sis_dbu/backend/vendor/illuminate/container/BoundMethod.php(36): App\\Http\\Controllers\\SolicitudController->uploadDocument()
#5 /var/www/html/sis_dbu/backend/vendor/illuminate/container/Util.php(37): Illuminate\\Container\\BoundMethod::Illuminate\\Container\\{closure}()
#6 /var/www/html/sis_dbu/backend/vendor/illuminate/container/BoundMethod.php(93): Illuminate\\Container\\Util::unwrapIfClosure()
#7 /var/www/html/sis_dbu/backend/vendor/illuminate/container/BoundMethod.php(37): Illuminate\\Container\\BoundMethod::callBoundMethod()
#8 /var/www/html/sis_dbu/backend/vendor/illuminate/container/Container.php(596): Illuminate\\Container\\BoundMethod::call()
#9 /var/www/html/sis_dbu/backend/vendor/laravel/lumen-framework/src/Concerns/RoutesRequests.php(386): Illuminate\\Container\\Container->call()
#10 /var/www/html/sis_dbu/backend/vendor/laravel/lumen-framework/src/Concerns/RoutesRequests.php(352): Laravel\\Lumen\\Application->callControllerCallable()
#11 /var/www/html/sis_dbu/backend/vendor/laravel/lumen-framework/src/Concerns/RoutesRequests.php(326): Laravel\\Lumen\\Application->callLumenController()
#12 /var/www/html/sis_dbu/backend/vendor/laravel/lumen-framework/src/Concerns/RoutesRequests.php(279): Laravel\\Lumen\\Application->callControllerAction()
#13 /var/www/html/sis_dbu/backend/vendor/laravel/lumen-framework/src/Concerns/RoutesRequests.php(264): Laravel\\Lumen\\Application->callActionOnArrayBasedRoute()
#14 /var/www/html/sis_dbu/backend/vendor/laravel/lumen-framework/src/Concerns/RoutesRequests.php(166): Laravel\\Lumen\\Application->handleFoundRoute()
#15 [internal function]: Laravel\\Lumen\\Application->Laravel\\Lumen\\Concerns\\{closure}()
#16 /var/www/html/sis_dbu/backend/vendor/laravel/lumen-framework/src/Routing/Pipeline.php(48): call_user_func()
#17 /var/www/html/sis_dbu/backend/vendor/fruitcake/laravel-cors/src/HandleCors.php(52): Laravel\\Lumen\\Routing\\Pipeline->Laravel\\Lumen\\Routing\\{closure}()
#18 /var/www/html/sis_dbu/backend/vendor/illuminate/pipeline/Pipeline.php(167): Fruitcake\\Cors\\HandleCors->handle()
#19 [internal function]: Illuminate\\Pipeline\\Pipeline->Illuminate\\Pipeline\\{closure}()
#20 /var/www/html/sis_dbu/backend/vendor/laravel/lumen-framework/src/Routing/Pipeline.php(30): call_user_func()
#21 /var/www/html/sis_dbu/backend/vendor/illuminate/pipeline/Pipeline.php(103): Laravel\\Lumen\\Routing\\Pipeline->Laravel\\Lumen\\Routing\\{closure}()
#22 /var/www/html/sis_dbu/backend/vendor/laravel/lumen-framework/src/Concerns/RoutesRequests.php(423): Illuminate\\Pipeline\\Pipeline->then()
#23 /var/www/html/sis_dbu/backend/vendor/laravel/lumen-framework/src/Concerns/RoutesRequests.php(172): Laravel\\Lumen\\Application->sendThroughPipeline()
#24 /var/www/html/sis_dbu/backend/vendor/laravel/lumen-framework/src/Concerns/RoutesRequests.php(109): Laravel\\Lumen\\Application->dispatch()
#25 /var/www/html/sis_dbu/backend/index.php(28): Laravel\\Lumen\\Application->run()
#26 {main}
"} 
[2025-08-09 12:36:36] local.ERROR: file_put_contents(storage/app/public/9_76382729_SIS.pdf): failed to open stream: Permission denied {"exception":"[object] (ErrorException(code: 0): file_put_contents(storage/app/public/9_76382729_SIS.pdf): failed to open stream: Permission denied at /var/www/html/sis_dbu/backend/app/Services/Solicitud/CreateSolicitudService.php:128)
[stacktrace]
#0 [internal function]: Laravel\\Lumen\\Application->Laravel\\Lumen\\Concerns\\{closure}()
#1 /var/www/html/sis_dbu/backend/app/Services/Solicitud/CreateSolicitudService.php(128): file_put_contents()
#2 /var/www/html/sis_dbu/backend/app/Services/Solicitud/CreateSolicitudService.php(60): App\\Services\\Solicitud\\CreateSolicitudService->saveFileLocal()
#3 /var/www/html/sis_dbu/backend/app/Http/Controllers/SolicitudController.php(99): App\\Services\\Solicitud\\CreateSolicitudService->uploadFile()
#4 /var/www/html/sis_dbu/backend/vendor/illuminate/container/BoundMethod.php(36): App\\Http\\Controllers\\SolicitudController->uploadDocument()
#5 /var/www/html/sis_dbu/backend/vendor/illuminate/container/Util.php(37): Illuminate\\Container\\BoundMethod::Illuminate\\Container\\{closure}()
#6 /var/www/html/sis_dbu/backend/vendor/illuminate/container/BoundMethod.php(93): Illuminate\\Container\\Util::unwrapIfClosure()
#7 /var/www/html/sis_dbu/backend/vendor/illuminate/container/BoundMethod.php(37): Illuminate\\Container\\BoundMethod::callBoundMethod()
#8 /var/www/html/sis_dbu/backend/vendor/illuminate/container/Container.php(596): Illuminate\\Container\\BoundMethod::call()
#9 /var/www/html/sis_dbu/backend/vendor/laravel/lumen-framework/src/Concerns/RoutesRequests.php(386): Illuminate\\Container\\Container->call()
#10 /var/www/html/sis_dbu/backend/vendor/laravel/lumen-framework/src/Concerns/RoutesRequests.php(352): Laravel\\Lumen\\Application->callControllerCallable()
#11 /var/www/html/sis_dbu/backend/vendor/laravel/lumen-framework/src/Concerns/RoutesRequests.php(326): Laravel\\Lumen\\Application->callLumenController()
#12 /var/www/html/sis_dbu/backend/vendor/laravel/lumen-framework/src/Concerns/RoutesRequests.php(279): Laravel\\Lumen\\Application->callControllerAction()
#13 /var/www/html/sis_dbu/backend/vendor/laravel/lumen-framework/src/Concerns/RoutesRequests.php(264): Laravel\\Lumen\\Application->callActionOnArrayBasedRoute()
#14 /var/www/html/sis_dbu/backend/vendor/laravel/lumen-framework/src/Concerns/RoutesRequests.php(166): Laravel\\Lumen\\Application->handleFoundRoute()
#15 [internal function]: Laravel\\Lumen\\Application->Laravel\\Lumen\\Concerns\\{closure}()
#16 /var/www/html/sis_dbu/backend/vendor/laravel/lumen-framework/src/Routing/Pipeline.php(48): call_user_func()
#17 /var/www/html/sis_dbu/backend/vendor/fruitcake/laravel-cors/src/HandleCors.php(52): Laravel\\Lumen\\Routing\\Pipeline->Laravel\\Lumen\\Routing\\{closure}()
#18 /var/www/html/sis_dbu/backend/vendor/illuminate/pipeline/Pipeline.php(167): Fruitcake\\Cors\\HandleCors->handle()
#19 [internal function]: Illuminate\\Pipeline\\Pipeline->Illuminate\\Pipeline\\{closure}()
#20 /var/www/html/sis_dbu/backend/vendor/laravel/lumen-framework/src/Routing/Pipeline.php(30): call_user_func()
#21 /var/www/html/sis_dbu/backend/vendor/illuminate/pipeline/Pipeline.php(103): Laravel\\Lumen\\Routing\\Pipeline->Laravel\\Lumen\\Routing\\{closure}()
#22 /var/www/html/sis_dbu/backend/vendor/laravel/lumen-framework/src/Concerns/RoutesRequests.php(423): Illuminate\\Pipeline\\Pipeline->then()
#23 /var/www/html/sis_dbu/backend/vendor/laravel/lumen-framework/src/Concerns/RoutesRequests.php(172): Laravel\\Lumen\\Application->sendThroughPipeline()
#24 /var/www/html/sis_dbu/backend/vendor/laravel/lumen-framework/src/Concerns/RoutesRequests.php(109): Laravel\\Lumen\\Application->dispatch()
#25 /var/www/html/sis_dbu/backend/index.php(28): Laravel\\Lumen\\Application->run()
#26 {main}
"} 
[2025-08-09 12:44:28] local.ERROR: file_put_contents(storage/app/public/9_76382729_RESULTADO DE CONSULTA MI HOGAR.pdf): failed to open stream: Permission denied {"exception":"[object] (ErrorException(code: 0): file_put_contents(storage/app/public/9_76382729_RESULTADO DE CONSULTA MI HOGAR.pdf): failed to open stream: Permission denied at /var/www/html/sis_dbu/backend/app/Services/Solicitud/CreateSolicitudService.php:128)
[stacktrace]
#0 [internal function]: Laravel\\Lumen\\Application->Laravel\\Lumen\\Concerns\\{closure}()
#1 /var/www/html/sis_dbu/backend/app/Services/Solicitud/CreateSolicitudService.php(128): file_put_contents()
#2 /var/www/html/sis_dbu/backend/app/Services/Solicitud/CreateSolicitudService.php(60): App\\Services\\Solicitud\\CreateSolicitudService->saveFileLocal()
#3 /var/www/html/sis_dbu/backend/app/Http/Controllers/SolicitudController.php(99): App\\Services\\Solicitud\\CreateSolicitudService->uploadFile()
#4 /var/www/html/sis_dbu/backend/vendor/illuminate/container/BoundMethod.php(36): App\\Http\\Controllers\\SolicitudController->uploadDocument()
#5 /var/www/html/sis_dbu/backend/vendor/illuminate/container/Util.php(37): Illuminate\\Container\\BoundMethod::Illuminate\\Container\\{closure}()
#6 /var/www/html/sis_dbu/backend/vendor/illuminate/container/BoundMethod.php(93): Illuminate\\Container\\Util::unwrapIfClosure()
#7 /var/www/html/sis_dbu/backend/vendor/illuminate/container/BoundMethod.php(37): Illuminate\\Container\\BoundMethod::callBoundMethod()
#8 /var/www/html/sis_dbu/backend/vendor/illuminate/container/Container.php(596): Illuminate\\Container\\BoundMethod::call()
#9 /var/www/html/sis_dbu/backend/vendor/laravel/lumen-framework/src/Concerns/RoutesRequests.php(386): Illuminate\\Container\\Container->call()
#10 /var/www/html/sis_dbu/backend/vendor/laravel/lumen-framework/src/Concerns/RoutesRequests.php(352): Laravel\\Lumen\\Application->callControllerCallable()
#11 /var/www/html/sis_dbu/backend/vendor/laravel/lumen-framework/src/Concerns/RoutesRequests.php(326): Laravel\\Lumen\\Application->callLumenController()
#12 /var/www/html/sis_dbu/backend/vendor/laravel/lumen-framework/src/Concerns/RoutesRequests.php(279): Laravel\\Lumen\\Application->callControllerAction()
#13 /var/www/html/sis_dbu/backend/vendor/laravel/lumen-framework/src/Concerns/RoutesRequests.php(264): Laravel\\Lumen\\Application->callActionOnArrayBasedRoute()
#14 /var/www/html/sis_dbu/backend/vendor/laravel/lumen-framework/src/Concerns/RoutesRequests.php(166): Laravel\\Lumen\\Application->handleFoundRoute()
#15 [internal function]: Laravel\\Lumen\\Application->Laravel\\Lumen\\Concerns\\{closure}()
#16 /var/www/html/sis_dbu/backend/vendor/laravel/lumen-framework/src/Routing/Pipeline.php(48): call_user_func()
#17 /var/www/html/sis_dbu/backend/vendor/fruitcake/laravel-cors/src/HandleCors.php(52): Laravel\\Lumen\\Routing\\Pipeline->Laravel\\Lumen\\Routing\\{closure}()
#18 /var/www/html/sis_dbu/backend/vendor/illuminate/pipeline/Pipeline.php(167): Fruitcake\\Cors\\HandleCors->handle()
#19 [internal function]: Illuminate\\Pipeline\\Pipeline->Illuminate\\Pipeline\\{closure}()
#20 /var/www/html/sis_dbu/backend/vendor/laravel/lumen-framework/src/Routing/Pipeline.php(30): call_user_func()
#21 /var/www/html/sis_dbu/backend/vendor/illuminate/pipeline/Pipeline.php(103): Laravel\\Lumen\\Routing\\Pipeline->Laravel\\Lumen\\Routing\\{closure}()
#22 /var/www/html/sis_dbu/backend/vendor/laravel/lumen-framework/src/Concerns/RoutesRequests.php(423): Illuminate\\Pipeline\\Pipeline->then()
#23 /var/www/html/sis_dbu/backend/vendor/laravel/lumen-framework/src/Concerns/RoutesRequests.php(172): Laravel\\Lumen\\Application->sendThroughPipeline()
#24 /var/www/html/sis_dbu/backend/vendor/laravel/lumen-framework/src/Concerns/RoutesRequests.php(109): Laravel\\Lumen\\Application->dispatch()
#25 /var/www/html/sis_dbu/backend/index.php(28): Laravel\\Lumen\\Application->run()
#26 {main}
"} 
[2025-08-09 12:46:07] local.ERROR: file_put_contents(storage/app/public/9_76382729_CONSTANCIA DOMICILIARIA.pdf): failed to open stream: Permission denied {"exception":"[object] (ErrorException(code: 0): file_put_contents(storage/app/public/9_76382729_CONSTANCIA DOMICILIARIA.pdf): failed to open stream: Permission denied at /var/www/html/sis_dbu/backend/app/Services/Solicitud/CreateSolicitudService.php:128)
[stacktrace]
#0 [internal function]: Laravel\\Lumen\\Application->Laravel\\Lumen\\Concerns\\{closure}()
#1 /var/www/html/sis_dbu/backend/app/Services/Solicitud/CreateSolicitudService.php(128): file_put_contents()
#2 /var/www/html/sis_dbu/backend/app/Services/Solicitud/CreateSolicitudService.php(60): App\\Services\\Solicitud\\CreateSolicitudService->saveFileLocal()
#3 /var/www/html/sis_dbu/backend/app/Http/Controllers/SolicitudController.php(99): App\\Services\\Solicitud\\CreateSolicitudService->uploadFile()
#4 /var/www/html/sis_dbu/backend/vendor/illuminate/container/BoundMethod.php(36): App\\Http\\Controllers\\SolicitudController->uploadDocument()
#5 /var/www/html/sis_dbu/backend/vendor/illuminate/container/Util.php(37): Illuminate\\Container\\BoundMethod::Illuminate\\Container\\{closure}()
#6 /var/www/html/sis_dbu/backend/vendor/illuminate/container/BoundMethod.php(93): Illuminate\\Container\\Util::unwrapIfClosure()
#7 /var/www/html/sis_dbu/backend/vendor/illuminate/container/BoundMethod.php(37): Illuminate\\Container\\BoundMethod::callBoundMethod()
#8 /var/www/html/sis_dbu/backend/vendor/illuminate/container/Container.php(596): Illuminate\\Container\\BoundMethod::call()
#9 /var/www/html/sis_dbu/backend/vendor/laravel/lumen-framework/src/Concerns/RoutesRequests.php(386): Illuminate\\Container\\Container->call()
#10 /var/www/html/sis_dbu/backend/vendor/laravel/lumen-framework/src/Concerns/RoutesRequests.php(352): Laravel\\Lumen\\Application->callControllerCallable()
#11 /var/www/html/sis_dbu/backend/vendor/laravel/lumen-framework/src/Concerns/RoutesRequests.php(326): Laravel\\Lumen\\Application->callLumenController()
#12 /var/www/html/sis_dbu/backend/vendor/laravel/lumen-framework/src/Concerns/RoutesRequests.php(279): Laravel\\Lumen\\Application->callControllerAction()
#13 /var/www/html/sis_dbu/backend/vendor/laravel/lumen-framework/src/Concerns/RoutesRequests.php(264): Laravel\\Lumen\\Application->callActionOnArrayBasedRoute()
#14 /var/www/html/sis_dbu/backend/vendor/laravel/lumen-framework/src/Concerns/RoutesRequests.php(166): Laravel\\Lumen\\Application->handleFoundRoute()
#15 [internal function]: Laravel\\Lumen\\Application->Laravel\\Lumen\\Concerns\\{closure}()
#16 /var/www/html/sis_dbu/backend/vendor/laravel/lumen-framework/src/Routing/Pipeline.php(48): call_user_func()
#17 /var/www/html/sis_dbu/backend/vendor/fruitcake/laravel-cors/src/HandleCors.php(52): Laravel\\Lumen\\Routing\\Pipeline->Laravel\\Lumen\\Routing\\{closure}()
#18 /var/www/html/sis_dbu/backend/vendor/illuminate/pipeline/Pipeline.php(167): Fruitcake\\Cors\\HandleCors->handle()
#19 [internal function]: Illuminate\\Pipeline\\Pipeline->Illuminate\\Pipeline\\{closure}()
#20 /var/www/html/sis_dbu/backend/vendor/laravel/lumen-framework/src/Routing/Pipeline.php(30): call_user_func()
#21 /var/www/html/sis_dbu/backend/vendor/illuminate/pipeline/Pipeline.php(103): Laravel\\Lumen\\Routing\\Pipeline->Laravel\\Lumen\\Routing\\{closure}()
#22 /var/www/html/sis_dbu/backend/vendor/laravel/lumen-framework/src/Concerns/RoutesRequests.php(423): Illuminate\\Pipeline\\Pipeline->then()
#23 /var/www/html/sis_dbu/backend/vendor/laravel/lumen-framework/src/Concerns/RoutesRequests.php(172): Laravel\\Lumen\\Application->sendThroughPipeline()
#24 /var/www/html/sis_dbu/backend/vendor/laravel/lumen-framework/src/Concerns/RoutesRequests.php(109): Laravel\\Lumen\\Application->dispatch()
#25 /var/www/html/sis_dbu/backend/index.php(28): Laravel\\Lumen\\Application->run()
#26 {main}
"} 
[2025-08-09 19:38:05] local.ERROR: file_put_contents(storage/app/public/9_60920734_DNI MAMA.pdf): failed to open stream: Permission denied {"exception":"[object] (ErrorException(code: 0): file_put_contents(storage/app/public/9_60920734_DNI MAMA.pdf): failed to open stream: Permission denied at /var/www/html/sis_dbu/backend/app/Services/Solicitud/CreateSolicitudService.php:128)
[stacktrace]
#0 [internal function]: Laravel\\Lumen\\Application->Laravel\\Lumen\\Concerns\\{closure}()
#1 /var/www/html/sis_dbu/backend/app/Services/Solicitud/CreateSolicitudService.php(128): file_put_contents()
#2 /var/www/html/sis_dbu/backend/app/Services/Solicitud/CreateSolicitudService.php(60): App\\Services\\Solicitud\\CreateSolicitudService->saveFileLocal()
#3 /var/www/html/sis_dbu/backend/app/Http/Controllers/SolicitudController.php(99): App\\Services\\Solicitud\\CreateSolicitudService->uploadFile()
#4 /var/www/html/sis_dbu/backend/vendor/illuminate/container/BoundMethod.php(36): App\\Http\\Controllers\\SolicitudController->uploadDocument()
#5 /var/www/html/sis_dbu/backend/vendor/illuminate/container/Util.php(37): Illuminate\\Container\\BoundMethod::Illuminate\\Container\\{closure}()
#6 /var/www/html/sis_dbu/backend/vendor/illuminate/container/BoundMethod.php(93): Illuminate\\Container\\Util::unwrapIfClosure()
#7 /var/www/html/sis_dbu/backend/vendor/illuminate/container/BoundMethod.php(37): Illuminate\\Container\\BoundMethod::callBoundMethod()
#8 /var/www/html/sis_dbu/backend/vendor/illuminate/container/Container.php(596): Illuminate\\Container\\BoundMethod::call()
#9 /var/www/html/sis_dbu/backend/vendor/laravel/lumen-framework/src/Concerns/RoutesRequests.php(386): Illuminate\\Container\\Container->call()
#10 /var/www/html/sis_dbu/backend/vendor/laravel/lumen-framework/src/Concerns/RoutesRequests.php(352): Laravel\\Lumen\\Application->callControllerCallable()
#11 /var/www/html/sis_dbu/backend/vendor/laravel/lumen-framework/src/Concerns/RoutesRequests.php(326): Laravel\\Lumen\\Application->callLumenController()
#12 /var/www/html/sis_dbu/backend/vendor/laravel/lumen-framework/src/Concerns/RoutesRequests.php(279): Laravel\\Lumen\\Application->callControllerAction()
#13 /var/www/html/sis_dbu/backend/vendor/laravel/lumen-framework/src/Concerns/RoutesRequests.php(264): Laravel\\Lumen\\Application->callActionOnArrayBasedRoute()
#14 /var/www/html/sis_dbu/backend/vendor/laravel/lumen-framework/src/Concerns/RoutesRequests.php(166): Laravel\\Lumen\\Application->handleFoundRoute()
#15 [internal function]: Laravel\\Lumen\\Application->Laravel\\Lumen\\Concerns\\{closure}()
#16 /var/www/html/sis_dbu/backend/vendor/laravel/lumen-framework/src/Routing/Pipeline.php(48): call_user_func()
#17 /var/www/html/sis_dbu/backend/vendor/fruitcake/laravel-cors/src/HandleCors.php(52): Laravel\\Lumen\\Routing\\Pipeline->Laravel\\Lumen\\Routing\\{closure}()
#18 /var/www/html/sis_dbu/backend/vendor/illuminate/pipeline/Pipeline.php(167): Fruitcake\\Cors\\HandleCors->handle()
#19 [internal function]: Illuminate\\Pipeline\\Pipeline->Illuminate\\Pipeline\\{closure}()
#20 /var/www/html/sis_dbu/backend/vendor/laravel/lumen-framework/src/Routing/Pipeline.php(30): call_user_func()
#21 /var/www/html/sis_dbu/backend/vendor/illuminate/pipeline/Pipeline.php(103): Laravel\\Lumen\\Routing\\Pipeline->Laravel\\Lumen\\Routing\\{closure}()
#22 /var/www/html/sis_dbu/backend/vendor/laravel/lumen-framework/src/Concerns/RoutesRequests.php(423): Illuminate\\Pipeline\\Pipeline->then()
#23 /var/www/html/sis_dbu/backend/vendor/laravel/lumen-framework/src/Concerns/RoutesRequests.php(172): Laravel\\Lumen\\Application->sendThroughPipeline()
#24 /var/www/html/sis_dbu/backend/vendor/laravel/lumen-framework/src/Concerns/RoutesRequests.php(109): Laravel\\Lumen\\Application->dispatch()
#25 /var/www/html/sis_dbu/backend/index.php(28): Laravel\\Lumen\\Application->run()
#26 {main}
"} 
[2025-08-09 19:42:50] local.ERROR: file_put_contents(storage/app/public/9_60920734_CERTIFICADO DOMICILIARIO.pdf): failed to open stream: Permission denied {"exception":"[object] (ErrorException(code: 0): file_put_contents(storage/app/public/9_60920734_CERTIFICADO DOMICILIARIO.pdf): failed to open stream: Permission denied at /var/www/html/sis_dbu/backend/app/Services/Solicitud/CreateSolicitudService.php:128)
[stacktrace]
#0 [internal function]: Laravel\\Lumen\\Application->Laravel\\Lumen\\Concerns\\{closure}()
#1 /var/www/html/sis_dbu/backend/app/Services/Solicitud/CreateSolicitudService.php(128): file_put_contents()
#2 /var/www/html/sis_dbu/backend/app/Services/Solicitud/CreateSolicitudService.php(60): App\\Services\\Solicitud\\CreateSolicitudService->saveFileLocal()
#3 /var/www/html/sis_dbu/backend/app/Http/Controllers/SolicitudController.php(99): App\\Services\\Solicitud\\CreateSolicitudService->uploadFile()
#4 /var/www/html/sis_dbu/backend/vendor/illuminate/container/BoundMethod.php(36): App\\Http\\Controllers\\SolicitudController->uploadDocument()
#5 /var/www/html/sis_dbu/backend/vendor/illuminate/container/Util.php(37): Illuminate\\Container\\BoundMethod::Illuminate\\Container\\{closure}()
#6 /var/www/html/sis_dbu/backend/vendor/illuminate/container/BoundMethod.php(93): Illuminate\\Container\\Util::unwrapIfClosure()
#7 /var/www/html/sis_dbu/backend/vendor/illuminate/container/BoundMethod.php(37): Illuminate\\Container\\BoundMethod::callBoundMethod()
#8 /var/www/html/sis_dbu/backend/vendor/illuminate/container/Container.php(596): Illuminate\\Container\\BoundMethod::call()
#9 /var/www/html/sis_dbu/backend/vendor/laravel/lumen-framework/src/Concerns/RoutesRequests.php(386): Illuminate\\Container\\Container->call()
#10 /var/www/html/sis_dbu/backend/vendor/laravel/lumen-framework/src/Concerns/RoutesRequests.php(352): Laravel\\Lumen\\Application->callControllerCallable()
#11 /var/www/html/sis_dbu/backend/vendor/laravel/lumen-framework/src/Concerns/RoutesRequests.php(326): Laravel\\Lumen\\Application->callLumenController()
#12 /var/www/html/sis_dbu/backend/vendor/laravel/lumen-framework/src/Concerns/RoutesRequests.php(279): Laravel\\Lumen\\Application->callControllerAction()
#13 /var/www/html/sis_dbu/backend/vendor/laravel/lumen-framework/src/Concerns/RoutesRequests.php(264): Laravel\\Lumen\\Application->callActionOnArrayBasedRoute()
#14 /var/www/html/sis_dbu/backend/vendor/laravel/lumen-framework/src/Concerns/RoutesRequests.php(166): Laravel\\Lumen\\Application->handleFoundRoute()
#15 [internal function]: Laravel\\Lumen\\Application->Laravel\\Lumen\\Concerns\\{closure}()
#16 /var/www/html/sis_dbu/backend/vendor/laravel/lumen-framework/src/Routing/Pipeline.php(48): call_user_func()
#17 /var/www/html/sis_dbu/backend/vendor/fruitcake/laravel-cors/src/HandleCors.php(52): Laravel\\Lumen\\Routing\\Pipeline->Laravel\\Lumen\\Routing\\{closure}()
#18 /var/www/html/sis_dbu/backend/vendor/illuminate/pipeline/Pipeline.php(167): Fruitcake\\Cors\\HandleCors->handle()
#19 [internal function]: Illuminate\\Pipeline\\Pipeline->Illuminate\\Pipeline\\{closure}()
#20 /var/www/html/sis_dbu/backend/vendor/laravel/lumen-framework/src/Routing/Pipeline.php(30): call_user_func()
#21 /var/www/html/sis_dbu/backend/vendor/illuminate/pipeline/Pipeline.php(103): Laravel\\Lumen\\Routing\\Pipeline->Laravel\\Lumen\\Routing\\{closure}()
#22 /var/www/html/sis_dbu/backend/vendor/laravel/lumen-framework/src/Concerns/RoutesRequests.php(423): Illuminate\\Pipeline\\Pipeline->then()
#23 /var/www/html/sis_dbu/backend/vendor/laravel/lumen-framework/src/Concerns/RoutesRequests.php(172): Laravel\\Lumen\\Application->sendThroughPipeline()
#24 /var/www/html/sis_dbu/backend/vendor/laravel/lumen-framework/src/Concerns/RoutesRequests.php(109): Laravel\\Lumen\\Application->dispatch()
#25 /var/www/html/sis_dbu/backend/index.php(28): Laravel\\Lumen\\Application->run()
#26 {main}
"} 
[2025-08-09 19:50:44] local.ERROR: file_put_contents(storage/app/public/9_60920734_CLASIFICACION SOCIOECONOMICA.pdf): failed to open stream: Permission denied {"exception":"[object] (ErrorException(code: 0): file_put_contents(storage/app/public/9_60920734_CLASIFICACION SOCIOECONOMICA.pdf): failed to open stream: Permission denied at /var/www/html/sis_dbu/backend/app/Services/Solicitud/CreateSolicitudService.php:128)
[stacktrace]
#0 [internal function]: Laravel\\Lumen\\Application->Laravel\\Lumen\\Concerns\\{closure}()
#1 /var/www/html/sis_dbu/backend/app/Services/Solicitud/CreateSolicitudService.php(128): file_put_contents()
#2 /var/www/html/sis_dbu/backend/app/Services/Solicitud/CreateSolicitudService.php(60): App\\Services\\Solicitud\\CreateSolicitudService->saveFileLocal()
#3 /var/www/html/sis_dbu/backend/app/Http/Controllers/SolicitudController.php(99): App\\Services\\Solicitud\\CreateSolicitudService->uploadFile()
#4 /var/www/html/sis_dbu/backend/vendor/illuminate/container/BoundMethod.php(36): App\\Http\\Controllers\\SolicitudController->uploadDocument()
#5 /var/www/html/sis_dbu/backend/vendor/illuminate/container/Util.php(37): Illuminate\\Container\\BoundMethod::Illuminate\\Container\\{closure}()
#6 /var/www/html/sis_dbu/backend/vendor/illuminate/container/BoundMethod.php(93): Illuminate\\Container\\Util::unwrapIfClosure()
#7 /var/www/html/sis_dbu/backend/vendor/illuminate/container/BoundMethod.php(37): Illuminate\\Container\\BoundMethod::callBoundMethod()
#8 /var/www/html/sis_dbu/backend/vendor/illuminate/container/Container.php(596): Illuminate\\Container\\BoundMethod::call()
#9 /var/www/html/sis_dbu/backend/vendor/laravel/lumen-framework/src/Concerns/RoutesRequests.php(386): Illuminate\\Container\\Container->call()
#10 /var/www/html/sis_dbu/backend/vendor/laravel/lumen-framework/src/Concerns/RoutesRequests.php(352): Laravel\\Lumen\\Application->callControllerCallable()
#11 /var/www/html/sis_dbu/backend/vendor/laravel/lumen-framework/src/Concerns/RoutesRequests.php(326): Laravel\\Lumen\\Application->callLumenController()
#12 /var/www/html/sis_dbu/backend/vendor/laravel/lumen-framework/src/Concerns/RoutesRequests.php(279): Laravel\\Lumen\\Application->callControllerAction()
#13 /var/www/html/sis_dbu/backend/vendor/laravel/lumen-framework/src/Concerns/RoutesRequests.php(264): Laravel\\Lumen\\Application->callActionOnArrayBasedRoute()
#14 /var/www/html/sis_dbu/backend/vendor/laravel/lumen-framework/src/Concerns/RoutesRequests.php(166): Laravel\\Lumen\\Application->handleFoundRoute()
#15 [internal function]: Laravel\\Lumen\\Application->Laravel\\Lumen\\Concerns\\{closure}()
#16 /var/www/html/sis_dbu/backend/vendor/laravel/lumen-framework/src/Routing/Pipeline.php(48): call_user_func()
#17 /var/www/html/sis_dbu/backend/vendor/fruitcake/laravel-cors/src/HandleCors.php(52): Laravel\\Lumen\\Routing\\Pipeline->Laravel\\Lumen\\Routing\\{closure}()
#18 /var/www/html/sis_dbu/backend/vendor/illuminate/pipeline/Pipeline.php(167): Fruitcake\\Cors\\HandleCors->handle()
#19 [internal function]: Illuminate\\Pipeline\\Pipeline->Illuminate\\Pipeline\\{closure}()
#20 /var/www/html/sis_dbu/backend/vendor/laravel/lumen-framework/src/Routing/Pipeline.php(30): call_user_func()
#21 /var/www/html/sis_dbu/backend/vendor/illuminate/pipeline/Pipeline.php(103): Laravel\\Lumen\\Routing\\Pipeline->Laravel\\Lumen\\Routing\\{closure}()
#22 /var/www/html/sis_dbu/backend/vendor/laravel/lumen-framework/src/Concerns/RoutesRequests.php(423): Illuminate\\Pipeline\\Pipeline->then()
#23 /var/www/html/sis_dbu/backend/vendor/laravel/lumen-framework/src/Concerns/RoutesRequests.php(172): Laravel\\Lumen\\Application->sendThroughPipeline()
#24 /var/www/html/sis_dbu/backend/vendor/laravel/lumen-framework/src/Concerns/RoutesRequests.php(109): Laravel\\Lumen\\Application->dispatch()
#25 /var/www/html/sis_dbu/backend/index.php(28): Laravel\\Lumen\\Application->run()
#26 {main}
"} 
[2025-08-09 19:53:47] local.ERROR: file_put_contents(storage/app/public/9_60920734_RECIBO DE AGUA.pdf): failed to open stream: Permission denied {"exception":"[object] (ErrorException(code: 0): file_put_contents(storage/app/public/9_60920734_RECIBO DE AGUA.pdf): failed to open stream: Permission denied at /var/www/html/sis_dbu/backend/app/Services/Solicitud/CreateSolicitudService.php:128)
[stacktrace]
#0 [internal function]: Laravel\\Lumen\\Application->Laravel\\Lumen\\Concerns\\{closure}()
#1 /var/www/html/sis_dbu/backend/app/Services/Solicitud/CreateSolicitudService.php(128): file_put_contents()
#2 /var/www/html/sis_dbu/backend/app/Services/Solicitud/CreateSolicitudService.php(60): App\\Services\\Solicitud\\CreateSolicitudService->saveFileLocal()
#3 /var/www/html/sis_dbu/backend/app/Http/Controllers/SolicitudController.php(99): App\\Services\\Solicitud\\CreateSolicitudService->uploadFile()
#4 /var/www/html/sis_dbu/backend/vendor/illuminate/container/BoundMethod.php(36): App\\Http\\Controllers\\SolicitudController->uploadDocument()
#5 /var/www/html/sis_dbu/backend/vendor/illuminate/container/Util.php(37): Illuminate\\Container\\BoundMethod::Illuminate\\Container\\{closure}()
#6 /var/www/html/sis_dbu/backend/vendor/illuminate/container/BoundMethod.php(93): Illuminate\\Container\\Util::unwrapIfClosure()
#7 /var/www/html/sis_dbu/backend/vendor/illuminate/container/BoundMethod.php(37): Illuminate\\Container\\BoundMethod::callBoundMethod()
#8 /var/www/html/sis_dbu/backend/vendor/illuminate/container/Container.php(596): Illuminate\\Container\\BoundMethod::call()
#9 /var/www/html/sis_dbu/backend/vendor/laravel/lumen-framework/src/Concerns/RoutesRequests.php(386): Illuminate\\Container\\Container->call()
#10 /var/www/html/sis_dbu/backend/vendor/laravel/lumen-framework/src/Concerns/RoutesRequests.php(352): Laravel\\Lumen\\Application->callControllerCallable()
#11 /var/www/html/sis_dbu/backend/vendor/laravel/lumen-framework/src/Concerns/RoutesRequests.php(326): Laravel\\Lumen\\Application->callLumenController()
#12 /var/www/html/sis_dbu/backend/vendor/laravel/lumen-framework/src/Concerns/RoutesRequests.php(279): Laravel\\Lumen\\Application->callControllerAction()
#13 /var/www/html/sis_dbu/backend/vendor/laravel/lumen-framework/src/Concerns/RoutesRequests.php(264): Laravel\\Lumen\\Application->callActionOnArrayBasedRoute()
#14 /var/www/html/sis_dbu/backend/vendor/laravel/lumen-framework/src/Concerns/RoutesRequests.php(166): Laravel\\Lumen\\Application->handleFoundRoute()
#15 [internal function]: Laravel\\Lumen\\Application->Laravel\\Lumen\\Concerns\\{closure}()
#16 /var/www/html/sis_dbu/backend/vendor/laravel/lumen-framework/src/Routing/Pipeline.php(48): call_user_func()
#17 /var/www/html/sis_dbu/backend/vendor/fruitcake/laravel-cors/src/HandleCors.php(52): Laravel\\Lumen\\Routing\\Pipeline->Laravel\\Lumen\\Routing\\{closure}()
#18 /var/www/html/sis_dbu/backend/vendor/illuminate/pipeline/Pipeline.php(167): Fruitcake\\Cors\\HandleCors->handle()
#19 [internal function]: Illuminate\\Pipeline\\Pipeline->Illuminate\\Pipeline\\{closure}()
#20 /var/www/html/sis_dbu/backend/vendor/laravel/lumen-framework/src/Routing/Pipeline.php(30): call_user_func()
#21 /var/www/html/sis_dbu/backend/vendor/illuminate/pipeline/Pipeline.php(103): Laravel\\Lumen\\Routing\\Pipeline->Laravel\\Lumen\\Routing\\{closure}()
#22 /var/www/html/sis_dbu/backend/vendor/laravel/lumen-framework/src/Concerns/RoutesRequests.php(423): Illuminate\\Pipeline\\Pipeline->then()
#23 /var/www/html/sis_dbu/backend/vendor/laravel/lumen-framework/src/Concerns/RoutesRequests.php(172): Laravel\\Lumen\\Application->sendThroughPipeline()
#24 /var/www/html/sis_dbu/backend/vendor/laravel/lumen-framework/src/Concerns/RoutesRequests.php(109): Laravel\\Lumen\\Application->dispatch()
#25 /var/www/html/sis_dbu/backend/index.php(28): Laravel\\Lumen\\Application->run()
#26 {main}
"} 
[2025-08-09 19:56:18] local.ERROR: file_put_contents(storage/app/public/9_60920734_MI DNI.pdf): failed to open stream: Permission denied {"exception":"[object] (ErrorException(code: 0): file_put_contents(storage/app/public/9_60920734_MI DNI.pdf): failed to open stream: Permission denied at /var/www/html/sis_dbu/backend/app/Services/Solicitud/CreateSolicitudService.php:128)
[stacktrace]
#0 [internal function]: Laravel\\Lumen\\Application->Laravel\\Lumen\\Concerns\\{closure}()
#1 /var/www/html/sis_dbu/backend/app/Services/Solicitud/CreateSolicitudService.php(128): file_put_contents()
#2 /var/www/html/sis_dbu/backend/app/Services/Solicitud/CreateSolicitudService.php(60): App\\Services\\Solicitud\\CreateSolicitudService->saveFileLocal()
#3 /var/www/html/sis_dbu/backend/app/Http/Controllers/SolicitudController.php(99): App\\Services\\Solicitud\\CreateSolicitudService->uploadFile()
#4 /var/www/html/sis_dbu/backend/vendor/illuminate/container/BoundMethod.php(36): App\\Http\\Controllers\\SolicitudController->uploadDocument()
#5 /var/www/html/sis_dbu/backend/vendor/illuminate/container/Util.php(37): Illuminate\\Container\\BoundMethod::Illuminate\\Container\\{closure}()
#6 /var/www/html/sis_dbu/backend/vendor/illuminate/container/BoundMethod.php(93): Illuminate\\Container\\Util::unwrapIfClosure()
#7 /var/www/html/sis_dbu/backend/vendor/illuminate/container/BoundMethod.php(37): Illuminate\\Container\\BoundMethod::callBoundMethod()
#8 /var/www/html/sis_dbu/backend/vendor/illuminate/container/Container.php(596): Illuminate\\Container\\BoundMethod::call()
#9 /var/www/html/sis_dbu/backend/vendor/laravel/lumen-framework/src/Concerns/RoutesRequests.php(386): Illuminate\\Container\\Container->call()
#10 /var/www/html/sis_dbu/backend/vendor/laravel/lumen-framework/src/Concerns/RoutesRequests.php(352): Laravel\\Lumen\\Application->callControllerCallable()
#11 /var/www/html/sis_dbu/backend/vendor/laravel/lumen-framework/src/Concerns/RoutesRequests.php(326): Laravel\\Lumen\\Application->callLumenController()
#12 /var/www/html/sis_dbu/backend/vendor/laravel/lumen-framework/src/Concerns/RoutesRequests.php(279): Laravel\\Lumen\\Application->callControllerAction()
#13 /var/www/html/sis_dbu/backend/vendor/laravel/lumen-framework/src/Concerns/RoutesRequests.php(264): Laravel\\Lumen\\Application->callActionOnArrayBasedRoute()
#14 /var/www/html/sis_dbu/backend/vendor/laravel/lumen-framework/src/Concerns/RoutesRequests.php(166): Laravel\\Lumen\\Application->handleFoundRoute()
#15 [internal function]: Laravel\\Lumen\\Application->Laravel\\Lumen\\Concerns\\{closure}()
#16 /var/www/html/sis_dbu/backend/vendor/laravel/lumen-framework/src/Routing/Pipeline.php(48): call_user_func()
#17 /var/www/html/sis_dbu/backend/vendor/fruitcake/laravel-cors/src/HandleCors.php(52): Laravel\\Lumen\\Routing\\Pipeline->Laravel\\Lumen\\Routing\\{closure}()
#18 /var/www/html/sis_dbu/backend/vendor/illuminate/pipeline/Pipeline.php(167): Fruitcake\\Cors\\HandleCors->handle()
#19 [internal function]: Illuminate\\Pipeline\\Pipeline->Illuminate\\Pipeline\\{closure}()
#20 /var/www/html/sis_dbu/backend/vendor/laravel/lumen-framework/src/Routing/Pipeline.php(30): call_user_func()
#21 /var/www/html/sis_dbu/backend/vendor/illuminate/pipeline/Pipeline.php(103): Laravel\\Lumen\\Routing\\Pipeline->Laravel\\Lumen\\Routing\\{closure}()
#22 /var/www/html/sis_dbu/backend/vendor/laravel/lumen-framework/src/Concerns/RoutesRequests.php(423): Illuminate\\Pipeline\\Pipeline->then()
#23 /var/www/html/sis_dbu/backend/vendor/laravel/lumen-framework/src/Concerns/RoutesRequests.php(172): Laravel\\Lumen\\Application->sendThroughPipeline()
#24 /var/www/html/sis_dbu/backend/vendor/laravel/lumen-framework/src/Concerns/RoutesRequests.php(109): Laravel\\Lumen\\Application->dispatch()
#25 /var/www/html/sis_dbu/backend/index.php(28): Laravel\\Lumen\\Application->run()
#26 {main}
"} 
[2025-08-09 20:12:14] local.ERROR: file_put_contents(storage/app/public/9_60920734_DocConstancia vigente.pdf): failed to open stream: Permission denied {"exception":"[object] (ErrorException(code: 0): file_put_contents(storage/app/public/9_60920734_DocConstancia vigente.pdf): failed to open stream: Permission denied at /var/www/html/sis_dbu/backend/app/Services/Solicitud/CreateSolicitudService.php:128)
[stacktrace]
#0 [internal function]: Laravel\\Lumen\\Application->Laravel\\Lumen\\Concerns\\{closure}()
#1 /var/www/html/sis_dbu/backend/app/Services/Solicitud/CreateSolicitudService.php(128): file_put_contents()
#2 /var/www/html/sis_dbu/backend/app/Services/Solicitud/CreateSolicitudService.php(60): App\\Services\\Solicitud\\CreateSolicitudService->saveFileLocal()
#3 /var/www/html/sis_dbu/backend/app/Http/Controllers/SolicitudController.php(99): App\\Services\\Solicitud\\CreateSolicitudService->uploadFile()
#4 /var/www/html/sis_dbu/backend/vendor/illuminate/container/BoundMethod.php(36): App\\Http\\Controllers\\SolicitudController->uploadDocument()
#5 /var/www/html/sis_dbu/backend/vendor/illuminate/container/Util.php(37): Illuminate\\Container\\BoundMethod::Illuminate\\Container\\{closure}()
#6 /var/www/html/sis_dbu/backend/vendor/illuminate/container/BoundMethod.php(93): Illuminate\\Container\\Util::unwrapIfClosure()
#7 /var/www/html/sis_dbu/backend/vendor/illuminate/container/BoundMethod.php(37): Illuminate\\Container\\BoundMethod::callBoundMethod()
#8 /var/www/html/sis_dbu/backend/vendor/illuminate/container/Container.php(596): Illuminate\\Container\\BoundMethod::call()
#9 /var/www/html/sis_dbu/backend/vendor/laravel/lumen-framework/src/Concerns/RoutesRequests.php(386): Illuminate\\Container\\Container->call()
#10 /var/www/html/sis_dbu/backend/vendor/laravel/lumen-framework/src/Concerns/RoutesRequests.php(352): Laravel\\Lumen\\Application->callControllerCallable()
#11 /var/www/html/sis_dbu/backend/vendor/laravel/lumen-framework/src/Concerns/RoutesRequests.php(326): Laravel\\Lumen\\Application->callLumenController()
#12 /var/www/html/sis_dbu/backend/vendor/laravel/lumen-framework/src/Concerns/RoutesRequests.php(279): Laravel\\Lumen\\Application->callControllerAction()
#13 /var/www/html/sis_dbu/backend/vendor/laravel/lumen-framework/src/Concerns/RoutesRequests.php(264): Laravel\\Lumen\\Application->callActionOnArrayBasedRoute()
#14 /var/www/html/sis_dbu/backend/vendor/laravel/lumen-framework/src/Concerns/RoutesRequests.php(166): Laravel\\Lumen\\Application->handleFoundRoute()
#15 [internal function]: Laravel\\Lumen\\Application->Laravel\\Lumen\\Concerns\\{closure}()
#16 /var/www/html/sis_dbu/backend/vendor/laravel/lumen-framework/src/Routing/Pipeline.php(48): call_user_func()
#17 /var/www/html/sis_dbu/backend/vendor/fruitcake/laravel-cors/src/HandleCors.php(52): Laravel\\Lumen\\Routing\\Pipeline->Laravel\\Lumen\\Routing\\{closure}()
#18 /var/www/html/sis_dbu/backend/vendor/illuminate/pipeline/Pipeline.php(167): Fruitcake\\Cors\\HandleCors->handle()
#19 [internal function]: Illuminate\\Pipeline\\Pipeline->Illuminate\\Pipeline\\{closure}()
#20 /var/www/html/sis_dbu/backend/vendor/laravel/lumen-framework/src/Routing/Pipeline.php(30): call_user_func()
#21 /var/www/html/sis_dbu/backend/vendor/illuminate/pipeline/Pipeline.php(103): Laravel\\Lumen\\Routing\\Pipeline->Laravel\\Lumen\\Routing\\{closure}()
#22 /var/www/html/sis_dbu/backend/vendor/laravel/lumen-framework/src/Concerns/RoutesRequests.php(423): Illuminate\\Pipeline\\Pipeline->then()
#23 /var/www/html/sis_dbu/backend/vendor/laravel/lumen-framework/src/Concerns/RoutesRequests.php(172): Laravel\\Lumen\\Application->sendThroughPipeline()
#24 /var/www/html/sis_dbu/backend/vendor/laravel/lumen-framework/src/Concerns/RoutesRequests.php(109): Laravel\\Lumen\\Application->dispatch()
#25 /var/www/html/sis_dbu/backend/index.php(28): Laravel\\Lumen\\Application->run()
#26 {main}
"} 
