[2025-08-14 06:59:10] local.ERROR: A non well formed numeric value encountered {"exception":"[object] (ErrorException(code: 0): A non well formed numeric value encountered at /var/www/html/sis_dbu/backend/app/Services/Solicitud/ServicioSolicitadoSolicitanteService.php:14)
[stacktrace]
#0 /var/www/html/sis_dbu/backend/app/Services/Solicitud/ServicioSolicitadoSolicitanteService.php(14): Laravel\\Lumen\\Application->Laravel\\Lumen\\Concerns\\{closure}()
#1 /var/www/html/sis_dbu/backend/app/Http/Controllers/SolicitudController.php(150): App\\Services\\Solicitud\\ServicioSolicitadoSolicitanteService->servicioSolicitante()
#2 /var/www/html/sis_dbu/backend/vendor/illuminate/container/BoundMethod.php(36): App\\Http\\Controllers\\SolicitudController->servicioSolicitadoSolicitante()
#3 /var/www/html/sis_dbu/backend/vendor/illuminate/container/Util.php(37): Illuminate\\Container\\BoundMethod::Illuminate\\Container\\{closure}()
#4 /var/www/html/sis_dbu/backend/vendor/illuminate/container/BoundMethod.php(93): Illuminate\\Container\\Util::unwrapIfClosure()
#5 /var/www/html/sis_dbu/backend/vendor/illuminate/container/BoundMethod.php(37): Illuminate\\Container\\BoundMethod::callBoundMethod()
#6 /var/www/html/sis_dbu/backend/vendor/illuminate/container/Container.php(596): Illuminate\\Container\\BoundMethod::call()
#7 /var/www/html/sis_dbu/backend/vendor/laravel/lumen-framework/src/Concerns/RoutesRequests.php(386): Illuminate\\Container\\Container->call()
#8 /var/www/html/sis_dbu/backend/vendor/laravel/lumen-framework/src/Concerns/RoutesRequests.php(352): Laravel\\Lumen\\Application->callControllerCallable()
#9 /var/www/html/sis_dbu/backend/vendor/laravel/lumen-framework/src/Concerns/RoutesRequests.php(326): Laravel\\Lumen\\Application->callLumenController()
#10 /var/www/html/sis_dbu/backend/vendor/laravel/lumen-framework/src/Concerns/RoutesRequests.php(279): Laravel\\Lumen\\Application->callControllerAction()
#11 /var/www/html/sis_dbu/backend/vendor/laravel/lumen-framework/src/Concerns/RoutesRequests.php(264): Laravel\\Lumen\\Application->callActionOnArrayBasedRoute()
#12 /var/www/html/sis_dbu/backend/vendor/laravel/lumen-framework/src/Concerns/RoutesRequests.php(234): Laravel\\Lumen\\Application->handleFoundRoute()
#13 /var/www/html/sis_dbu/backend/vendor/laravel/lumen-framework/src/Concerns/RoutesRequests.php(170): Laravel\\Lumen\\Application->handleDispatcherResponse()
#14 [internal function]: Laravel\\Lumen\\Application->Laravel\\Lumen\\Concerns\\{closure}()
#15 /var/www/html/sis_dbu/backend/vendor/laravel/lumen-framework/src/Routing/Pipeline.php(48): call_user_func()
#16 /var/www/html/sis_dbu/backend/vendor/fruitcake/laravel-cors/src/HandleCors.php(52): Laravel\\Lumen\\Routing\\Pipeline->Laravel\\Lumen\\Routing\\{closure}()
#17 /var/www/html/sis_dbu/backend/vendor/illuminate/pipeline/Pipeline.php(167): Fruitcake\\Cors\\HandleCors->handle()
#18 [internal function]: Illuminate\\Pipeline\\Pipeline->Illuminate\\Pipeline\\{closure}()
#19 /var/www/html/sis_dbu/backend/vendor/laravel/lumen-framework/src/Routing/Pipeline.php(30): call_user_func()
#20 /var/www/html/sis_dbu/backend/vendor/illuminate/pipeline/Pipeline.php(103): Laravel\\Lumen\\Routing\\Pipeline->Laravel\\Lumen\\Routing\\{closure}()
#21 /var/www/html/sis_dbu/backend/vendor/laravel/lumen-framework/src/Concerns/RoutesRequests.php(423): Illuminate\\Pipeline\\Pipeline->then()
#22 /var/www/html/sis_dbu/backend/vendor/laravel/lumen-framework/src/Concerns/RoutesRequests.php(172): Laravel\\Lumen\\Application->sendThroughPipeline()
#23 /var/www/html/sis_dbu/backend/vendor/laravel/lumen-framework/src/Concerns/RoutesRequests.php(109): Laravel\\Lumen\\Application->dispatch()
#24 /var/www/html/sis_dbu/backend/index.php(28): Laravel\\Lumen\\Application->run()
#25 {main}
"} 
[2025-08-14 14:31:59] local.ERROR: Argument 1 passed to App\Services\Solicitud\ServicioSolicitadoSolicitanteService::servicioSolicitante() must be of the type int, string given, called in /var/www/html/sis_dbu/backend/app/Http/Controllers/SolicitudController.php on line 150 {"exception":"[object] (TypeError(code: 0): Argument 1 passed to App\\Services\\Solicitud\\ServicioSolicitadoSolicitanteService::servicioSolicitante() must be of the type int, string given, called in /var/www/html/sis_dbu/backend/app/Http/Controllers/SolicitudController.php on line 150 at /var/www/html/sis_dbu/backend/app/Services/Solicitud/ServicioSolicitadoSolicitanteService.php:14)
[stacktrace]
#0 /var/www/html/sis_dbu/backend/app/Http/Controllers/SolicitudController.php(150): App\\Services\\Solicitud\\ServicioSolicitadoSolicitanteService->servicioSolicitante()
#1 /var/www/html/sis_dbu/backend/vendor/illuminate/container/BoundMethod.php(36): App\\Http\\Controllers\\SolicitudController->servicioSolicitadoSolicitante()
#2 /var/www/html/sis_dbu/backend/vendor/illuminate/container/Util.php(37): Illuminate\\Container\\BoundMethod::Illuminate\\Container\\{closure}()
#3 /var/www/html/sis_dbu/backend/vendor/illuminate/container/BoundMethod.php(93): Illuminate\\Container\\Util::unwrapIfClosure()
#4 /var/www/html/sis_dbu/backend/vendor/illuminate/container/BoundMethod.php(37): Illuminate\\Container\\BoundMethod::callBoundMethod()
#5 /var/www/html/sis_dbu/backend/vendor/illuminate/container/Container.php(596): Illuminate\\Container\\BoundMethod::call()
#6 /var/www/html/sis_dbu/backend/vendor/laravel/lumen-framework/src/Concerns/RoutesRequests.php(386): Illuminate\\Container\\Container->call()
#7 /var/www/html/sis_dbu/backend/vendor/laravel/lumen-framework/src/Concerns/RoutesRequests.php(352): Laravel\\Lumen\\Application->callControllerCallable()
#8 /var/www/html/sis_dbu/backend/vendor/laravel/lumen-framework/src/Concerns/RoutesRequests.php(326): Laravel\\Lumen\\Application->callLumenController()
#9 /var/www/html/sis_dbu/backend/vendor/laravel/lumen-framework/src/Concerns/RoutesRequests.php(279): Laravel\\Lumen\\Application->callControllerAction()
#10 /var/www/html/sis_dbu/backend/vendor/laravel/lumen-framework/src/Concerns/RoutesRequests.php(264): Laravel\\Lumen\\Application->callActionOnArrayBasedRoute()
#11 /var/www/html/sis_dbu/backend/vendor/laravel/lumen-framework/src/Concerns/RoutesRequests.php(234): Laravel\\Lumen\\Application->handleFoundRoute()
#12 /var/www/html/sis_dbu/backend/vendor/laravel/lumen-framework/src/Concerns/RoutesRequests.php(170): Laravel\\Lumen\\Application->handleDispatcherResponse()
#13 [internal function]: Laravel\\Lumen\\Application->Laravel\\Lumen\\Concerns\\{closure}()
#14 /var/www/html/sis_dbu/backend/vendor/laravel/lumen-framework/src/Routing/Pipeline.php(48): call_user_func()
#15 /var/www/html/sis_dbu/backend/vendor/fruitcake/laravel-cors/src/HandleCors.php(52): Laravel\\Lumen\\Routing\\Pipeline->Laravel\\Lumen\\Routing\\{closure}()
#16 /var/www/html/sis_dbu/backend/vendor/illuminate/pipeline/Pipeline.php(167): Fruitcake\\Cors\\HandleCors->handle()
#17 [internal function]: Illuminate\\Pipeline\\Pipeline->Illuminate\\Pipeline\\{closure}()
#18 /var/www/html/sis_dbu/backend/vendor/laravel/lumen-framework/src/Routing/Pipeline.php(30): call_user_func()
#19 /var/www/html/sis_dbu/backend/vendor/illuminate/pipeline/Pipeline.php(103): Laravel\\Lumen\\Routing\\Pipeline->Laravel\\Lumen\\Routing\\{closure}()
#20 /var/www/html/sis_dbu/backend/vendor/laravel/lumen-framework/src/Concerns/RoutesRequests.php(423): Illuminate\\Pipeline\\Pipeline->then()
#21 /var/www/html/sis_dbu/backend/vendor/laravel/lumen-framework/src/Concerns/RoutesRequests.php(172): Laravel\\Lumen\\Application->sendThroughPipeline()
#22 /var/www/html/sis_dbu/backend/vendor/laravel/lumen-framework/src/Concerns/RoutesRequests.php(109): Laravel\\Lumen\\Application->dispatch()
#23 /var/www/html/sis_dbu/backend/index.php(28): Laravel\\Lumen\\Application->run()
#24 {main}
"} 
[2025-08-14 14:32:04] local.ERROR: Argument 1 passed to App\Services\Solicitud\ServicioSolicitadoSolicitanteService::servicioSolicitante() must be of the type int, string given, called in /var/www/html/sis_dbu/backend/app/Http/Controllers/SolicitudController.php on line 150 {"exception":"[object] (TypeError(code: 0): Argument 1 passed to App\\Services\\Solicitud\\ServicioSolicitadoSolicitanteService::servicioSolicitante() must be of the type int, string given, called in /var/www/html/sis_dbu/backend/app/Http/Controllers/SolicitudController.php on line 150 at /var/www/html/sis_dbu/backend/app/Services/Solicitud/ServicioSolicitadoSolicitanteService.php:14)
[stacktrace]
#0 /var/www/html/sis_dbu/backend/app/Http/Controllers/SolicitudController.php(150): App\\Services\\Solicitud\\ServicioSolicitadoSolicitanteService->servicioSolicitante()
#1 /var/www/html/sis_dbu/backend/vendor/illuminate/container/BoundMethod.php(36): App\\Http\\Controllers\\SolicitudController->servicioSolicitadoSolicitante()
#2 /var/www/html/sis_dbu/backend/vendor/illuminate/container/Util.php(37): Illuminate\\Container\\BoundMethod::Illuminate\\Container\\{closure}()
#3 /var/www/html/sis_dbu/backend/vendor/illuminate/container/BoundMethod.php(93): Illuminate\\Container\\Util::unwrapIfClosure()
#4 /var/www/html/sis_dbu/backend/vendor/illuminate/container/BoundMethod.php(37): Illuminate\\Container\\BoundMethod::callBoundMethod()
#5 /var/www/html/sis_dbu/backend/vendor/illuminate/container/Container.php(596): Illuminate\\Container\\BoundMethod::call()
#6 /var/www/html/sis_dbu/backend/vendor/laravel/lumen-framework/src/Concerns/RoutesRequests.php(386): Illuminate\\Container\\Container->call()
#7 /var/www/html/sis_dbu/backend/vendor/laravel/lumen-framework/src/Concerns/RoutesRequests.php(352): Laravel\\Lumen\\Application->callControllerCallable()
#8 /var/www/html/sis_dbu/backend/vendor/laravel/lumen-framework/src/Concerns/RoutesRequests.php(326): Laravel\\Lumen\\Application->callLumenController()
#9 /var/www/html/sis_dbu/backend/vendor/laravel/lumen-framework/src/Concerns/RoutesRequests.php(279): Laravel\\Lumen\\Application->callControllerAction()
#10 /var/www/html/sis_dbu/backend/vendor/laravel/lumen-framework/src/Concerns/RoutesRequests.php(264): Laravel\\Lumen\\Application->callActionOnArrayBasedRoute()
#11 /var/www/html/sis_dbu/backend/vendor/laravel/lumen-framework/src/Concerns/RoutesRequests.php(234): Laravel\\Lumen\\Application->handleFoundRoute()
#12 /var/www/html/sis_dbu/backend/vendor/laravel/lumen-framework/src/Concerns/RoutesRequests.php(170): Laravel\\Lumen\\Application->handleDispatcherResponse()
#13 [internal function]: Laravel\\Lumen\\Application->Laravel\\Lumen\\Concerns\\{closure}()
#14 /var/www/html/sis_dbu/backend/vendor/laravel/lumen-framework/src/Routing/Pipeline.php(48): call_user_func()
#15 /var/www/html/sis_dbu/backend/vendor/fruitcake/laravel-cors/src/HandleCors.php(52): Laravel\\Lumen\\Routing\\Pipeline->Laravel\\Lumen\\Routing\\{closure}()
#16 /var/www/html/sis_dbu/backend/vendor/illuminate/pipeline/Pipeline.php(167): Fruitcake\\Cors\\HandleCors->handle()
#17 [internal function]: Illuminate\\Pipeline\\Pipeline->Illuminate\\Pipeline\\{closure}()
#18 /var/www/html/sis_dbu/backend/vendor/laravel/lumen-framework/src/Routing/Pipeline.php(30): call_user_func()
#19 /var/www/html/sis_dbu/backend/vendor/illuminate/pipeline/Pipeline.php(103): Laravel\\Lumen\\Routing\\Pipeline->Laravel\\Lumen\\Routing\\{closure}()
#20 /var/www/html/sis_dbu/backend/vendor/laravel/lumen-framework/src/Concerns/RoutesRequests.php(423): Illuminate\\Pipeline\\Pipeline->then()
#21 /var/www/html/sis_dbu/backend/vendor/laravel/lumen-framework/src/Concerns/RoutesRequests.php(172): Laravel\\Lumen\\Application->sendThroughPipeline()
#22 /var/www/html/sis_dbu/backend/vendor/laravel/lumen-framework/src/Concerns/RoutesRequests.php(109): Laravel\\Lumen\\Application->dispatch()
#23 /var/www/html/sis_dbu/backend/index.php(28): Laravel\\Lumen\\Application->run()
#24 {main}
"} 
[2025-08-14 14:32:09] local.ERROR: Argument 1 passed to App\Services\Solicitud\ServicioSolicitadoSolicitanteService::servicioSolicitante() must be of the type int, string given, called in /var/www/html/sis_dbu/backend/app/Http/Controllers/SolicitudController.php on line 150 {"exception":"[object] (TypeError(code: 0): Argument 1 passed to App\\Services\\Solicitud\\ServicioSolicitadoSolicitanteService::servicioSolicitante() must be of the type int, string given, called in /var/www/html/sis_dbu/backend/app/Http/Controllers/SolicitudController.php on line 150 at /var/www/html/sis_dbu/backend/app/Services/Solicitud/ServicioSolicitadoSolicitanteService.php:14)
[stacktrace]
#0 /var/www/html/sis_dbu/backend/app/Http/Controllers/SolicitudController.php(150): App\\Services\\Solicitud\\ServicioSolicitadoSolicitanteService->servicioSolicitante()
#1 /var/www/html/sis_dbu/backend/vendor/illuminate/container/BoundMethod.php(36): App\\Http\\Controllers\\SolicitudController->servicioSolicitadoSolicitante()
#2 /var/www/html/sis_dbu/backend/vendor/illuminate/container/Util.php(37): Illuminate\\Container\\BoundMethod::Illuminate\\Container\\{closure}()
#3 /var/www/html/sis_dbu/backend/vendor/illuminate/container/BoundMethod.php(93): Illuminate\\Container\\Util::unwrapIfClosure()
#4 /var/www/html/sis_dbu/backend/vendor/illuminate/container/BoundMethod.php(37): Illuminate\\Container\\BoundMethod::callBoundMethod()
#5 /var/www/html/sis_dbu/backend/vendor/illuminate/container/Container.php(596): Illuminate\\Container\\BoundMethod::call()
#6 /var/www/html/sis_dbu/backend/vendor/laravel/lumen-framework/src/Concerns/RoutesRequests.php(386): Illuminate\\Container\\Container->call()
#7 /var/www/html/sis_dbu/backend/vendor/laravel/lumen-framework/src/Concerns/RoutesRequests.php(352): Laravel\\Lumen\\Application->callControllerCallable()
#8 /var/www/html/sis_dbu/backend/vendor/laravel/lumen-framework/src/Concerns/RoutesRequests.php(326): Laravel\\Lumen\\Application->callLumenController()
#9 /var/www/html/sis_dbu/backend/vendor/laravel/lumen-framework/src/Concerns/RoutesRequests.php(279): Laravel\\Lumen\\Application->callControllerAction()
#10 /var/www/html/sis_dbu/backend/vendor/laravel/lumen-framework/src/Concerns/RoutesRequests.php(264): Laravel\\Lumen\\Application->callActionOnArrayBasedRoute()
#11 /var/www/html/sis_dbu/backend/vendor/laravel/lumen-framework/src/Concerns/RoutesRequests.php(234): Laravel\\Lumen\\Application->handleFoundRoute()
#12 /var/www/html/sis_dbu/backend/vendor/laravel/lumen-framework/src/Concerns/RoutesRequests.php(170): Laravel\\Lumen\\Application->handleDispatcherResponse()
#13 [internal function]: Laravel\\Lumen\\Application->Laravel\\Lumen\\Concerns\\{closure}()
#14 /var/www/html/sis_dbu/backend/vendor/laravel/lumen-framework/src/Routing/Pipeline.php(48): call_user_func()
#15 /var/www/html/sis_dbu/backend/vendor/fruitcake/laravel-cors/src/HandleCors.php(52): Laravel\\Lumen\\Routing\\Pipeline->Laravel\\Lumen\\Routing\\{closure}()
#16 /var/www/html/sis_dbu/backend/vendor/illuminate/pipeline/Pipeline.php(167): Fruitcake\\Cors\\HandleCors->handle()
#17 [internal function]: Illuminate\\Pipeline\\Pipeline->Illuminate\\Pipeline\\{closure}()
#18 /var/www/html/sis_dbu/backend/vendor/laravel/lumen-framework/src/Routing/Pipeline.php(30): call_user_func()
#19 /var/www/html/sis_dbu/backend/vendor/illuminate/pipeline/Pipeline.php(103): Laravel\\Lumen\\Routing\\Pipeline->Laravel\\Lumen\\Routing\\{closure}()
#20 /var/www/html/sis_dbu/backend/vendor/laravel/lumen-framework/src/Concerns/RoutesRequests.php(423): Illuminate\\Pipeline\\Pipeline->then()
#21 /var/www/html/sis_dbu/backend/vendor/laravel/lumen-framework/src/Concerns/RoutesRequests.php(172): Laravel\\Lumen\\Application->sendThroughPipeline()
#22 /var/www/html/sis_dbu/backend/vendor/laravel/lumen-framework/src/Concerns/RoutesRequests.php(109): Laravel\\Lumen\\Application->dispatch()
#23 /var/www/html/sis_dbu/backend/index.php(28): Laravel\\Lumen\\Application->run()
#24 {main}
"} 
[2025-08-14 14:33:53] local.ERROR: Argument 1 passed to App\Services\Solicitud\ServicioSolicitadoSolicitanteService::servicioSolicitante() must be of the type int, string given, called in /var/www/html/sis_dbu/backend/app/Http/Controllers/SolicitudController.php on line 150 {"exception":"[object] (TypeError(code: 0): Argument 1 passed to App\\Services\\Solicitud\\ServicioSolicitadoSolicitanteService::servicioSolicitante() must be of the type int, string given, called in /var/www/html/sis_dbu/backend/app/Http/Controllers/SolicitudController.php on line 150 at /var/www/html/sis_dbu/backend/app/Services/Solicitud/ServicioSolicitadoSolicitanteService.php:14)
[stacktrace]
#0 /var/www/html/sis_dbu/backend/app/Http/Controllers/SolicitudController.php(150): App\\Services\\Solicitud\\ServicioSolicitadoSolicitanteService->servicioSolicitante()
#1 /var/www/html/sis_dbu/backend/vendor/illuminate/container/BoundMethod.php(36): App\\Http\\Controllers\\SolicitudController->servicioSolicitadoSolicitante()
#2 /var/www/html/sis_dbu/backend/vendor/illuminate/container/Util.php(37): Illuminate\\Container\\BoundMethod::Illuminate\\Container\\{closure}()
#3 /var/www/html/sis_dbu/backend/vendor/illuminate/container/BoundMethod.php(93): Illuminate\\Container\\Util::unwrapIfClosure()
#4 /var/www/html/sis_dbu/backend/vendor/illuminate/container/BoundMethod.php(37): Illuminate\\Container\\BoundMethod::callBoundMethod()
#5 /var/www/html/sis_dbu/backend/vendor/illuminate/container/Container.php(596): Illuminate\\Container\\BoundMethod::call()
#6 /var/www/html/sis_dbu/backend/vendor/laravel/lumen-framework/src/Concerns/RoutesRequests.php(386): Illuminate\\Container\\Container->call()
#7 /var/www/html/sis_dbu/backend/vendor/laravel/lumen-framework/src/Concerns/RoutesRequests.php(352): Laravel\\Lumen\\Application->callControllerCallable()
#8 /var/www/html/sis_dbu/backend/vendor/laravel/lumen-framework/src/Concerns/RoutesRequests.php(326): Laravel\\Lumen\\Application->callLumenController()
#9 /var/www/html/sis_dbu/backend/vendor/laravel/lumen-framework/src/Concerns/RoutesRequests.php(279): Laravel\\Lumen\\Application->callControllerAction()
#10 /var/www/html/sis_dbu/backend/vendor/laravel/lumen-framework/src/Concerns/RoutesRequests.php(264): Laravel\\Lumen\\Application->callActionOnArrayBasedRoute()
#11 /var/www/html/sis_dbu/backend/vendor/laravel/lumen-framework/src/Concerns/RoutesRequests.php(234): Laravel\\Lumen\\Application->handleFoundRoute()
#12 /var/www/html/sis_dbu/backend/vendor/laravel/lumen-framework/src/Concerns/RoutesRequests.php(170): Laravel\\Lumen\\Application->handleDispatcherResponse()
#13 [internal function]: Laravel\\Lumen\\Application->Laravel\\Lumen\\Concerns\\{closure}()
#14 /var/www/html/sis_dbu/backend/vendor/laravel/lumen-framework/src/Routing/Pipeline.php(48): call_user_func()
#15 /var/www/html/sis_dbu/backend/vendor/fruitcake/laravel-cors/src/HandleCors.php(52): Laravel\\Lumen\\Routing\\Pipeline->Laravel\\Lumen\\Routing\\{closure}()
#16 /var/www/html/sis_dbu/backend/vendor/illuminate/pipeline/Pipeline.php(167): Fruitcake\\Cors\\HandleCors->handle()
#17 [internal function]: Illuminate\\Pipeline\\Pipeline->Illuminate\\Pipeline\\{closure}()
#18 /var/www/html/sis_dbu/backend/vendor/laravel/lumen-framework/src/Routing/Pipeline.php(30): call_user_func()
#19 /var/www/html/sis_dbu/backend/vendor/illuminate/pipeline/Pipeline.php(103): Laravel\\Lumen\\Routing\\Pipeline->Laravel\\Lumen\\Routing\\{closure}()
#20 /var/www/html/sis_dbu/backend/vendor/laravel/lumen-framework/src/Concerns/RoutesRequests.php(423): Illuminate\\Pipeline\\Pipeline->then()
#21 /var/www/html/sis_dbu/backend/vendor/laravel/lumen-framework/src/Concerns/RoutesRequests.php(172): Laravel\\Lumen\\Application->sendThroughPipeline()
#22 /var/www/html/sis_dbu/backend/vendor/laravel/lumen-framework/src/Concerns/RoutesRequests.php(109): Laravel\\Lumen\\Application->dispatch()
#23 /var/www/html/sis_dbu/backend/index.php(28): Laravel\\Lumen\\Application->run()
#24 {main}
"} 
[2025-08-14 14:33:58] local.ERROR: Argument 1 passed to App\Services\Solicitud\ServicioSolicitadoSolicitanteService::servicioSolicitante() must be of the type int, string given, called in /var/www/html/sis_dbu/backend/app/Http/Controllers/SolicitudController.php on line 150 {"exception":"[object] (TypeError(code: 0): Argument 1 passed to App\\Services\\Solicitud\\ServicioSolicitadoSolicitanteService::servicioSolicitante() must be of the type int, string given, called in /var/www/html/sis_dbu/backend/app/Http/Controllers/SolicitudController.php on line 150 at /var/www/html/sis_dbu/backend/app/Services/Solicitud/ServicioSolicitadoSolicitanteService.php:14)
[stacktrace]
#0 /var/www/html/sis_dbu/backend/app/Http/Controllers/SolicitudController.php(150): App\\Services\\Solicitud\\ServicioSolicitadoSolicitanteService->servicioSolicitante()
#1 /var/www/html/sis_dbu/backend/vendor/illuminate/container/BoundMethod.php(36): App\\Http\\Controllers\\SolicitudController->servicioSolicitadoSolicitante()
#2 /var/www/html/sis_dbu/backend/vendor/illuminate/container/Util.php(37): Illuminate\\Container\\BoundMethod::Illuminate\\Container\\{closure}()
#3 /var/www/html/sis_dbu/backend/vendor/illuminate/container/BoundMethod.php(93): Illuminate\\Container\\Util::unwrapIfClosure()
#4 /var/www/html/sis_dbu/backend/vendor/illuminate/container/BoundMethod.php(37): Illuminate\\Container\\BoundMethod::callBoundMethod()
#5 /var/www/html/sis_dbu/backend/vendor/illuminate/container/Container.php(596): Illuminate\\Container\\BoundMethod::call()
#6 /var/www/html/sis_dbu/backend/vendor/laravel/lumen-framework/src/Concerns/RoutesRequests.php(386): Illuminate\\Container\\Container->call()
#7 /var/www/html/sis_dbu/backend/vendor/laravel/lumen-framework/src/Concerns/RoutesRequests.php(352): Laravel\\Lumen\\Application->callControllerCallable()
#8 /var/www/html/sis_dbu/backend/vendor/laravel/lumen-framework/src/Concerns/RoutesRequests.php(326): Laravel\\Lumen\\Application->callLumenController()
#9 /var/www/html/sis_dbu/backend/vendor/laravel/lumen-framework/src/Concerns/RoutesRequests.php(279): Laravel\\Lumen\\Application->callControllerAction()
#10 /var/www/html/sis_dbu/backend/vendor/laravel/lumen-framework/src/Concerns/RoutesRequests.php(264): Laravel\\Lumen\\Application->callActionOnArrayBasedRoute()
#11 /var/www/html/sis_dbu/backend/vendor/laravel/lumen-framework/src/Concerns/RoutesRequests.php(234): Laravel\\Lumen\\Application->handleFoundRoute()
#12 /var/www/html/sis_dbu/backend/vendor/laravel/lumen-framework/src/Concerns/RoutesRequests.php(170): Laravel\\Lumen\\Application->handleDispatcherResponse()
#13 [internal function]: Laravel\\Lumen\\Application->Laravel\\Lumen\\Concerns\\{closure}()
#14 /var/www/html/sis_dbu/backend/vendor/laravel/lumen-framework/src/Routing/Pipeline.php(48): call_user_func()
#15 /var/www/html/sis_dbu/backend/vendor/fruitcake/laravel-cors/src/HandleCors.php(52): Laravel\\Lumen\\Routing\\Pipeline->Laravel\\Lumen\\Routing\\{closure}()
#16 /var/www/html/sis_dbu/backend/vendor/illuminate/pipeline/Pipeline.php(167): Fruitcake\\Cors\\HandleCors->handle()
#17 [internal function]: Illuminate\\Pipeline\\Pipeline->Illuminate\\Pipeline\\{closure}()
#18 /var/www/html/sis_dbu/backend/vendor/laravel/lumen-framework/src/Routing/Pipeline.php(30): call_user_func()
#19 /var/www/html/sis_dbu/backend/vendor/illuminate/pipeline/Pipeline.php(103): Laravel\\Lumen\\Routing\\Pipeline->Laravel\\Lumen\\Routing\\{closure}()
#20 /var/www/html/sis_dbu/backend/vendor/laravel/lumen-framework/src/Concerns/RoutesRequests.php(423): Illuminate\\Pipeline\\Pipeline->then()
#21 /var/www/html/sis_dbu/backend/vendor/laravel/lumen-framework/src/Concerns/RoutesRequests.php(172): Laravel\\Lumen\\Application->sendThroughPipeline()
#22 /var/www/html/sis_dbu/backend/vendor/laravel/lumen-framework/src/Concerns/RoutesRequests.php(109): Laravel\\Lumen\\Application->dispatch()
#23 /var/www/html/sis_dbu/backend/index.php(28): Laravel\\Lumen\\Application->run()
#24 {main}
"} 
[2025-08-14 14:34:02] local.ERROR: Argument 1 passed to App\Services\Solicitud\ServicioSolicitadoSolicitanteService::servicioSolicitante() must be of the type int, string given, called in /var/www/html/sis_dbu/backend/app/Http/Controllers/SolicitudController.php on line 150 {"exception":"[object] (TypeError(code: 0): Argument 1 passed to App\\Services\\Solicitud\\ServicioSolicitadoSolicitanteService::servicioSolicitante() must be of the type int, string given, called in /var/www/html/sis_dbu/backend/app/Http/Controllers/SolicitudController.php on line 150 at /var/www/html/sis_dbu/backend/app/Services/Solicitud/ServicioSolicitadoSolicitanteService.php:14)
[stacktrace]
#0 /var/www/html/sis_dbu/backend/app/Http/Controllers/SolicitudController.php(150): App\\Services\\Solicitud\\ServicioSolicitadoSolicitanteService->servicioSolicitante()
#1 /var/www/html/sis_dbu/backend/vendor/illuminate/container/BoundMethod.php(36): App\\Http\\Controllers\\SolicitudController->servicioSolicitadoSolicitante()
#2 /var/www/html/sis_dbu/backend/vendor/illuminate/container/Util.php(37): Illuminate\\Container\\BoundMethod::Illuminate\\Container\\{closure}()
#3 /var/www/html/sis_dbu/backend/vendor/illuminate/container/BoundMethod.php(93): Illuminate\\Container\\Util::unwrapIfClosure()
#4 /var/www/html/sis_dbu/backend/vendor/illuminate/container/BoundMethod.php(37): Illuminate\\Container\\BoundMethod::callBoundMethod()
#5 /var/www/html/sis_dbu/backend/vendor/illuminate/container/Container.php(596): Illuminate\\Container\\BoundMethod::call()
#6 /var/www/html/sis_dbu/backend/vendor/laravel/lumen-framework/src/Concerns/RoutesRequests.php(386): Illuminate\\Container\\Container->call()
#7 /var/www/html/sis_dbu/backend/vendor/laravel/lumen-framework/src/Concerns/RoutesRequests.php(352): Laravel\\Lumen\\Application->callControllerCallable()
#8 /var/www/html/sis_dbu/backend/vendor/laravel/lumen-framework/src/Concerns/RoutesRequests.php(326): Laravel\\Lumen\\Application->callLumenController()
#9 /var/www/html/sis_dbu/backend/vendor/laravel/lumen-framework/src/Concerns/RoutesRequests.php(279): Laravel\\Lumen\\Application->callControllerAction()
#10 /var/www/html/sis_dbu/backend/vendor/laravel/lumen-framework/src/Concerns/RoutesRequests.php(264): Laravel\\Lumen\\Application->callActionOnArrayBasedRoute()
#11 /var/www/html/sis_dbu/backend/vendor/laravel/lumen-framework/src/Concerns/RoutesRequests.php(234): Laravel\\Lumen\\Application->handleFoundRoute()
#12 /var/www/html/sis_dbu/backend/vendor/laravel/lumen-framework/src/Concerns/RoutesRequests.php(170): Laravel\\Lumen\\Application->handleDispatcherResponse()
#13 [internal function]: Laravel\\Lumen\\Application->Laravel\\Lumen\\Concerns\\{closure}()
#14 /var/www/html/sis_dbu/backend/vendor/laravel/lumen-framework/src/Routing/Pipeline.php(48): call_user_func()
#15 /var/www/html/sis_dbu/backend/vendor/fruitcake/laravel-cors/src/HandleCors.php(52): Laravel\\Lumen\\Routing\\Pipeline->Laravel\\Lumen\\Routing\\{closure}()
#16 /var/www/html/sis_dbu/backend/vendor/illuminate/pipeline/Pipeline.php(167): Fruitcake\\Cors\\HandleCors->handle()
#17 [internal function]: Illuminate\\Pipeline\\Pipeline->Illuminate\\Pipeline\\{closure}()
#18 /var/www/html/sis_dbu/backend/vendor/laravel/lumen-framework/src/Routing/Pipeline.php(30): call_user_func()
#19 /var/www/html/sis_dbu/backend/vendor/illuminate/pipeline/Pipeline.php(103): Laravel\\Lumen\\Routing\\Pipeline->Laravel\\Lumen\\Routing\\{closure}()
#20 /var/www/html/sis_dbu/backend/vendor/laravel/lumen-framework/src/Concerns/RoutesRequests.php(423): Illuminate\\Pipeline\\Pipeline->then()
#21 /var/www/html/sis_dbu/backend/vendor/laravel/lumen-framework/src/Concerns/RoutesRequests.php(172): Laravel\\Lumen\\Application->sendThroughPipeline()
#22 /var/www/html/sis_dbu/backend/vendor/laravel/lumen-framework/src/Concerns/RoutesRequests.php(109): Laravel\\Lumen\\Application->dispatch()
#23 /var/www/html/sis_dbu/backend/index.php(28): Laravel\\Lumen\\Application->run()
#24 {main}
"} 
[2025-08-14 14:34:55] local.ERROR: Argument 1 passed to App\Services\Solicitud\ServicioSolicitadoSolicitanteService::servicioSolicitante() must be of the type int, string given, called in /var/www/html/sis_dbu/backend/app/Http/Controllers/SolicitudController.php on line 150 {"exception":"[object] (TypeError(code: 0): Argument 1 passed to App\\Services\\Solicitud\\ServicioSolicitadoSolicitanteService::servicioSolicitante() must be of the type int, string given, called in /var/www/html/sis_dbu/backend/app/Http/Controllers/SolicitudController.php on line 150 at /var/www/html/sis_dbu/backend/app/Services/Solicitud/ServicioSolicitadoSolicitanteService.php:14)
[stacktrace]
#0 /var/www/html/sis_dbu/backend/app/Http/Controllers/SolicitudController.php(150): App\\Services\\Solicitud\\ServicioSolicitadoSolicitanteService->servicioSolicitante()
#1 /var/www/html/sis_dbu/backend/vendor/illuminate/container/BoundMethod.php(36): App\\Http\\Controllers\\SolicitudController->servicioSolicitadoSolicitante()
#2 /var/www/html/sis_dbu/backend/vendor/illuminate/container/Util.php(37): Illuminate\\Container\\BoundMethod::Illuminate\\Container\\{closure}()
#3 /var/www/html/sis_dbu/backend/vendor/illuminate/container/BoundMethod.php(93): Illuminate\\Container\\Util::unwrapIfClosure()
#4 /var/www/html/sis_dbu/backend/vendor/illuminate/container/BoundMethod.php(37): Illuminate\\Container\\BoundMethod::callBoundMethod()
#5 /var/www/html/sis_dbu/backend/vendor/illuminate/container/Container.php(596): Illuminate\\Container\\BoundMethod::call()
#6 /var/www/html/sis_dbu/backend/vendor/laravel/lumen-framework/src/Concerns/RoutesRequests.php(386): Illuminate\\Container\\Container->call()
#7 /var/www/html/sis_dbu/backend/vendor/laravel/lumen-framework/src/Concerns/RoutesRequests.php(352): Laravel\\Lumen\\Application->callControllerCallable()
#8 /var/www/html/sis_dbu/backend/vendor/laravel/lumen-framework/src/Concerns/RoutesRequests.php(326): Laravel\\Lumen\\Application->callLumenController()
#9 /var/www/html/sis_dbu/backend/vendor/laravel/lumen-framework/src/Concerns/RoutesRequests.php(279): Laravel\\Lumen\\Application->callControllerAction()
#10 /var/www/html/sis_dbu/backend/vendor/laravel/lumen-framework/src/Concerns/RoutesRequests.php(264): Laravel\\Lumen\\Application->callActionOnArrayBasedRoute()
#11 /var/www/html/sis_dbu/backend/vendor/laravel/lumen-framework/src/Concerns/RoutesRequests.php(234): Laravel\\Lumen\\Application->handleFoundRoute()
#12 /var/www/html/sis_dbu/backend/vendor/laravel/lumen-framework/src/Concerns/RoutesRequests.php(170): Laravel\\Lumen\\Application->handleDispatcherResponse()
#13 [internal function]: Laravel\\Lumen\\Application->Laravel\\Lumen\\Concerns\\{closure}()
#14 /var/www/html/sis_dbu/backend/vendor/laravel/lumen-framework/src/Routing/Pipeline.php(48): call_user_func()
#15 /var/www/html/sis_dbu/backend/vendor/fruitcake/laravel-cors/src/HandleCors.php(52): Laravel\\Lumen\\Routing\\Pipeline->Laravel\\Lumen\\Routing\\{closure}()
#16 /var/www/html/sis_dbu/backend/vendor/illuminate/pipeline/Pipeline.php(167): Fruitcake\\Cors\\HandleCors->handle()
#17 [internal function]: Illuminate\\Pipeline\\Pipeline->Illuminate\\Pipeline\\{closure}()
#18 /var/www/html/sis_dbu/backend/vendor/laravel/lumen-framework/src/Routing/Pipeline.php(30): call_user_func()
#19 /var/www/html/sis_dbu/backend/vendor/illuminate/pipeline/Pipeline.php(103): Laravel\\Lumen\\Routing\\Pipeline->Laravel\\Lumen\\Routing\\{closure}()
#20 /var/www/html/sis_dbu/backend/vendor/laravel/lumen-framework/src/Concerns/RoutesRequests.php(423): Illuminate\\Pipeline\\Pipeline->then()
#21 /var/www/html/sis_dbu/backend/vendor/laravel/lumen-framework/src/Concerns/RoutesRequests.php(172): Laravel\\Lumen\\Application->sendThroughPipeline()
#22 /var/www/html/sis_dbu/backend/vendor/laravel/lumen-framework/src/Concerns/RoutesRequests.php(109): Laravel\\Lumen\\Application->dispatch()
#23 /var/www/html/sis_dbu/backend/index.php(28): Laravel\\Lumen\\Application->run()
#24 {main}
"} 
[2025-08-14 14:34:59] local.ERROR: Argument 1 passed to App\Services\Solicitud\ServicioSolicitadoSolicitanteService::servicioSolicitante() must be of the type int, string given, called in /var/www/html/sis_dbu/backend/app/Http/Controllers/SolicitudController.php on line 150 {"exception":"[object] (TypeError(code: 0): Argument 1 passed to App\\Services\\Solicitud\\ServicioSolicitadoSolicitanteService::servicioSolicitante() must be of the type int, string given, called in /var/www/html/sis_dbu/backend/app/Http/Controllers/SolicitudController.php on line 150 at /var/www/html/sis_dbu/backend/app/Services/Solicitud/ServicioSolicitadoSolicitanteService.php:14)
[stacktrace]
#0 /var/www/html/sis_dbu/backend/app/Http/Controllers/SolicitudController.php(150): App\\Services\\Solicitud\\ServicioSolicitadoSolicitanteService->servicioSolicitante()
#1 /var/www/html/sis_dbu/backend/vendor/illuminate/container/BoundMethod.php(36): App\\Http\\Controllers\\SolicitudController->servicioSolicitadoSolicitante()
#2 /var/www/html/sis_dbu/backend/vendor/illuminate/container/Util.php(37): Illuminate\\Container\\BoundMethod::Illuminate\\Container\\{closure}()
#3 /var/www/html/sis_dbu/backend/vendor/illuminate/container/BoundMethod.php(93): Illuminate\\Container\\Util::unwrapIfClosure()
#4 /var/www/html/sis_dbu/backend/vendor/illuminate/container/BoundMethod.php(37): Illuminate\\Container\\BoundMethod::callBoundMethod()
#5 /var/www/html/sis_dbu/backend/vendor/illuminate/container/Container.php(596): Illuminate\\Container\\BoundMethod::call()
#6 /var/www/html/sis_dbu/backend/vendor/laravel/lumen-framework/src/Concerns/RoutesRequests.php(386): Illuminate\\Container\\Container->call()
#7 /var/www/html/sis_dbu/backend/vendor/laravel/lumen-framework/src/Concerns/RoutesRequests.php(352): Laravel\\Lumen\\Application->callControllerCallable()
#8 /var/www/html/sis_dbu/backend/vendor/laravel/lumen-framework/src/Concerns/RoutesRequests.php(326): Laravel\\Lumen\\Application->callLumenController()
#9 /var/www/html/sis_dbu/backend/vendor/laravel/lumen-framework/src/Concerns/RoutesRequests.php(279): Laravel\\Lumen\\Application->callControllerAction()
#10 /var/www/html/sis_dbu/backend/vendor/laravel/lumen-framework/src/Concerns/RoutesRequests.php(264): Laravel\\Lumen\\Application->callActionOnArrayBasedRoute()
#11 /var/www/html/sis_dbu/backend/vendor/laravel/lumen-framework/src/Concerns/RoutesRequests.php(234): Laravel\\Lumen\\Application->handleFoundRoute()
#12 /var/www/html/sis_dbu/backend/vendor/laravel/lumen-framework/src/Concerns/RoutesRequests.php(170): Laravel\\Lumen\\Application->handleDispatcherResponse()
#13 [internal function]: Laravel\\Lumen\\Application->Laravel\\Lumen\\Concerns\\{closure}()
#14 /var/www/html/sis_dbu/backend/vendor/laravel/lumen-framework/src/Routing/Pipeline.php(48): call_user_func()
#15 /var/www/html/sis_dbu/backend/vendor/fruitcake/laravel-cors/src/HandleCors.php(52): Laravel\\Lumen\\Routing\\Pipeline->Laravel\\Lumen\\Routing\\{closure}()
#16 /var/www/html/sis_dbu/backend/vendor/illuminate/pipeline/Pipeline.php(167): Fruitcake\\Cors\\HandleCors->handle()
#17 [internal function]: Illuminate\\Pipeline\\Pipeline->Illuminate\\Pipeline\\{closure}()
#18 /var/www/html/sis_dbu/backend/vendor/laravel/lumen-framework/src/Routing/Pipeline.php(30): call_user_func()
#19 /var/www/html/sis_dbu/backend/vendor/illuminate/pipeline/Pipeline.php(103): Laravel\\Lumen\\Routing\\Pipeline->Laravel\\Lumen\\Routing\\{closure}()
#20 /var/www/html/sis_dbu/backend/vendor/laravel/lumen-framework/src/Concerns/RoutesRequests.php(423): Illuminate\\Pipeline\\Pipeline->then()
#21 /var/www/html/sis_dbu/backend/vendor/laravel/lumen-framework/src/Concerns/RoutesRequests.php(172): Laravel\\Lumen\\Application->sendThroughPipeline()
#22 /var/www/html/sis_dbu/backend/vendor/laravel/lumen-framework/src/Concerns/RoutesRequests.php(109): Laravel\\Lumen\\Application->dispatch()
#23 /var/www/html/sis_dbu/backend/index.php(28): Laravel\\Lumen\\Application->run()
#24 {main}
"} 
[2025-08-14 14:35:03] local.ERROR: Argument 1 passed to App\Services\Solicitud\ServicioSolicitadoSolicitanteService::servicioSolicitante() must be of the type int, string given, called in /var/www/html/sis_dbu/backend/app/Http/Controllers/SolicitudController.php on line 150 {"exception":"[object] (TypeError(code: 0): Argument 1 passed to App\\Services\\Solicitud\\ServicioSolicitadoSolicitanteService::servicioSolicitante() must be of the type int, string given, called in /var/www/html/sis_dbu/backend/app/Http/Controllers/SolicitudController.php on line 150 at /var/www/html/sis_dbu/backend/app/Services/Solicitud/ServicioSolicitadoSolicitanteService.php:14)
[stacktrace]
#0 /var/www/html/sis_dbu/backend/app/Http/Controllers/SolicitudController.php(150): App\\Services\\Solicitud\\ServicioSolicitadoSolicitanteService->servicioSolicitante()
#1 /var/www/html/sis_dbu/backend/vendor/illuminate/container/BoundMethod.php(36): App\\Http\\Controllers\\SolicitudController->servicioSolicitadoSolicitante()
#2 /var/www/html/sis_dbu/backend/vendor/illuminate/container/Util.php(37): Illuminate\\Container\\BoundMethod::Illuminate\\Container\\{closure}()
#3 /var/www/html/sis_dbu/backend/vendor/illuminate/container/BoundMethod.php(93): Illuminate\\Container\\Util::unwrapIfClosure()
#4 /var/www/html/sis_dbu/backend/vendor/illuminate/container/BoundMethod.php(37): Illuminate\\Container\\BoundMethod::callBoundMethod()
#5 /var/www/html/sis_dbu/backend/vendor/illuminate/container/Container.php(596): Illuminate\\Container\\BoundMethod::call()
#6 /var/www/html/sis_dbu/backend/vendor/laravel/lumen-framework/src/Concerns/RoutesRequests.php(386): Illuminate\\Container\\Container->call()
#7 /var/www/html/sis_dbu/backend/vendor/laravel/lumen-framework/src/Concerns/RoutesRequests.php(352): Laravel\\Lumen\\Application->callControllerCallable()
#8 /var/www/html/sis_dbu/backend/vendor/laravel/lumen-framework/src/Concerns/RoutesRequests.php(326): Laravel\\Lumen\\Application->callLumenController()
#9 /var/www/html/sis_dbu/backend/vendor/laravel/lumen-framework/src/Concerns/RoutesRequests.php(279): Laravel\\Lumen\\Application->callControllerAction()
#10 /var/www/html/sis_dbu/backend/vendor/laravel/lumen-framework/src/Concerns/RoutesRequests.php(264): Laravel\\Lumen\\Application->callActionOnArrayBasedRoute()
#11 /var/www/html/sis_dbu/backend/vendor/laravel/lumen-framework/src/Concerns/RoutesRequests.php(234): Laravel\\Lumen\\Application->handleFoundRoute()
#12 /var/www/html/sis_dbu/backend/vendor/laravel/lumen-framework/src/Concerns/RoutesRequests.php(170): Laravel\\Lumen\\Application->handleDispatcherResponse()
#13 [internal function]: Laravel\\Lumen\\Application->Laravel\\Lumen\\Concerns\\{closure}()
#14 /var/www/html/sis_dbu/backend/vendor/laravel/lumen-framework/src/Routing/Pipeline.php(48): call_user_func()
#15 /var/www/html/sis_dbu/backend/vendor/fruitcake/laravel-cors/src/HandleCors.php(52): Laravel\\Lumen\\Routing\\Pipeline->Laravel\\Lumen\\Routing\\{closure}()
#16 /var/www/html/sis_dbu/backend/vendor/illuminate/pipeline/Pipeline.php(167): Fruitcake\\Cors\\HandleCors->handle()
#17 [internal function]: Illuminate\\Pipeline\\Pipeline->Illuminate\\Pipeline\\{closure}()
#18 /var/www/html/sis_dbu/backend/vendor/laravel/lumen-framework/src/Routing/Pipeline.php(30): call_user_func()
#19 /var/www/html/sis_dbu/backend/vendor/illuminate/pipeline/Pipeline.php(103): Laravel\\Lumen\\Routing\\Pipeline->Laravel\\Lumen\\Routing\\{closure}()
#20 /var/www/html/sis_dbu/backend/vendor/laravel/lumen-framework/src/Concerns/RoutesRequests.php(423): Illuminate\\Pipeline\\Pipeline->then()
#21 /var/www/html/sis_dbu/backend/vendor/laravel/lumen-framework/src/Concerns/RoutesRequests.php(172): Laravel\\Lumen\\Application->sendThroughPipeline()
#22 /var/www/html/sis_dbu/backend/vendor/laravel/lumen-framework/src/Concerns/RoutesRequests.php(109): Laravel\\Lumen\\Application->dispatch()
#23 /var/www/html/sis_dbu/backend/index.php(28): Laravel\\Lumen\\Application->run()
#24 {main}
"} 
[2025-08-14 14:35:07] local.ERROR: Argument 1 passed to App\Services\Solicitud\ServicioSolicitadoSolicitanteService::servicioSolicitante() must be of the type int, string given, called in /var/www/html/sis_dbu/backend/app/Http/Controllers/SolicitudController.php on line 150 {"exception":"[object] (TypeError(code: 0): Argument 1 passed to App\\Services\\Solicitud\\ServicioSolicitadoSolicitanteService::servicioSolicitante() must be of the type int, string given, called in /var/www/html/sis_dbu/backend/app/Http/Controllers/SolicitudController.php on line 150 at /var/www/html/sis_dbu/backend/app/Services/Solicitud/ServicioSolicitadoSolicitanteService.php:14)
[stacktrace]
#0 /var/www/html/sis_dbu/backend/app/Http/Controllers/SolicitudController.php(150): App\\Services\\Solicitud\\ServicioSolicitadoSolicitanteService->servicioSolicitante()
#1 /var/www/html/sis_dbu/backend/vendor/illuminate/container/BoundMethod.php(36): App\\Http\\Controllers\\SolicitudController->servicioSolicitadoSolicitante()
#2 /var/www/html/sis_dbu/backend/vendor/illuminate/container/Util.php(37): Illuminate\\Container\\BoundMethod::Illuminate\\Container\\{closure}()
#3 /var/www/html/sis_dbu/backend/vendor/illuminate/container/BoundMethod.php(93): Illuminate\\Container\\Util::unwrapIfClosure()
#4 /var/www/html/sis_dbu/backend/vendor/illuminate/container/BoundMethod.php(37): Illuminate\\Container\\BoundMethod::callBoundMethod()
#5 /var/www/html/sis_dbu/backend/vendor/illuminate/container/Container.php(596): Illuminate\\Container\\BoundMethod::call()
#6 /var/www/html/sis_dbu/backend/vendor/laravel/lumen-framework/src/Concerns/RoutesRequests.php(386): Illuminate\\Container\\Container->call()
#7 /var/www/html/sis_dbu/backend/vendor/laravel/lumen-framework/src/Concerns/RoutesRequests.php(352): Laravel\\Lumen\\Application->callControllerCallable()
#8 /var/www/html/sis_dbu/backend/vendor/laravel/lumen-framework/src/Concerns/RoutesRequests.php(326): Laravel\\Lumen\\Application->callLumenController()
#9 /var/www/html/sis_dbu/backend/vendor/laravel/lumen-framework/src/Concerns/RoutesRequests.php(279): Laravel\\Lumen\\Application->callControllerAction()
#10 /var/www/html/sis_dbu/backend/vendor/laravel/lumen-framework/src/Concerns/RoutesRequests.php(264): Laravel\\Lumen\\Application->callActionOnArrayBasedRoute()
#11 /var/www/html/sis_dbu/backend/vendor/laravel/lumen-framework/src/Concerns/RoutesRequests.php(234): Laravel\\Lumen\\Application->handleFoundRoute()
#12 /var/www/html/sis_dbu/backend/vendor/laravel/lumen-framework/src/Concerns/RoutesRequests.php(170): Laravel\\Lumen\\Application->handleDispatcherResponse()
#13 [internal function]: Laravel\\Lumen\\Application->Laravel\\Lumen\\Concerns\\{closure}()
#14 /var/www/html/sis_dbu/backend/vendor/laravel/lumen-framework/src/Routing/Pipeline.php(48): call_user_func()
#15 /var/www/html/sis_dbu/backend/vendor/fruitcake/laravel-cors/src/HandleCors.php(52): Laravel\\Lumen\\Routing\\Pipeline->Laravel\\Lumen\\Routing\\{closure}()
#16 /var/www/html/sis_dbu/backend/vendor/illuminate/pipeline/Pipeline.php(167): Fruitcake\\Cors\\HandleCors->handle()
#17 [internal function]: Illuminate\\Pipeline\\Pipeline->Illuminate\\Pipeline\\{closure}()
#18 /var/www/html/sis_dbu/backend/vendor/laravel/lumen-framework/src/Routing/Pipeline.php(30): call_user_func()
#19 /var/www/html/sis_dbu/backend/vendor/illuminate/pipeline/Pipeline.php(103): Laravel\\Lumen\\Routing\\Pipeline->Laravel\\Lumen\\Routing\\{closure}()
#20 /var/www/html/sis_dbu/backend/vendor/laravel/lumen-framework/src/Concerns/RoutesRequests.php(423): Illuminate\\Pipeline\\Pipeline->then()
#21 /var/www/html/sis_dbu/backend/vendor/laravel/lumen-framework/src/Concerns/RoutesRequests.php(172): Laravel\\Lumen\\Application->sendThroughPipeline()
#22 /var/www/html/sis_dbu/backend/vendor/laravel/lumen-framework/src/Concerns/RoutesRequests.php(109): Laravel\\Lumen\\Application->dispatch()
#23 /var/www/html/sis_dbu/backend/index.php(28): Laravel\\Lumen\\Application->run()
#24 {main}
"} 
[2025-08-14 14:35:12] local.ERROR: Argument 1 passed to App\Services\Solicitud\ServicioSolicitadoSolicitanteService::servicioSolicitante() must be of the type int, string given, called in /var/www/html/sis_dbu/backend/app/Http/Controllers/SolicitudController.php on line 150 {"exception":"[object] (TypeError(code: 0): Argument 1 passed to App\\Services\\Solicitud\\ServicioSolicitadoSolicitanteService::servicioSolicitante() must be of the type int, string given, called in /var/www/html/sis_dbu/backend/app/Http/Controllers/SolicitudController.php on line 150 at /var/www/html/sis_dbu/backend/app/Services/Solicitud/ServicioSolicitadoSolicitanteService.php:14)
[stacktrace]
#0 /var/www/html/sis_dbu/backend/app/Http/Controllers/SolicitudController.php(150): App\\Services\\Solicitud\\ServicioSolicitadoSolicitanteService->servicioSolicitante()
#1 /var/www/html/sis_dbu/backend/vendor/illuminate/container/BoundMethod.php(36): App\\Http\\Controllers\\SolicitudController->servicioSolicitadoSolicitante()
#2 /var/www/html/sis_dbu/backend/vendor/illuminate/container/Util.php(37): Illuminate\\Container\\BoundMethod::Illuminate\\Container\\{closure}()
#3 /var/www/html/sis_dbu/backend/vendor/illuminate/container/BoundMethod.php(93): Illuminate\\Container\\Util::unwrapIfClosure()
#4 /var/www/html/sis_dbu/backend/vendor/illuminate/container/BoundMethod.php(37): Illuminate\\Container\\BoundMethod::callBoundMethod()
#5 /var/www/html/sis_dbu/backend/vendor/illuminate/container/Container.php(596): Illuminate\\Container\\BoundMethod::call()
#6 /var/www/html/sis_dbu/backend/vendor/laravel/lumen-framework/src/Concerns/RoutesRequests.php(386): Illuminate\\Container\\Container->call()
#7 /var/www/html/sis_dbu/backend/vendor/laravel/lumen-framework/src/Concerns/RoutesRequests.php(352): Laravel\\Lumen\\Application->callControllerCallable()
#8 /var/www/html/sis_dbu/backend/vendor/laravel/lumen-framework/src/Concerns/RoutesRequests.php(326): Laravel\\Lumen\\Application->callLumenController()
#9 /var/www/html/sis_dbu/backend/vendor/laravel/lumen-framework/src/Concerns/RoutesRequests.php(279): Laravel\\Lumen\\Application->callControllerAction()
#10 /var/www/html/sis_dbu/backend/vendor/laravel/lumen-framework/src/Concerns/RoutesRequests.php(264): Laravel\\Lumen\\Application->callActionOnArrayBasedRoute()
#11 /var/www/html/sis_dbu/backend/vendor/laravel/lumen-framework/src/Concerns/RoutesRequests.php(234): Laravel\\Lumen\\Application->handleFoundRoute()
#12 /var/www/html/sis_dbu/backend/vendor/laravel/lumen-framework/src/Concerns/RoutesRequests.php(170): Laravel\\Lumen\\Application->handleDispatcherResponse()
#13 [internal function]: Laravel\\Lumen\\Application->Laravel\\Lumen\\Concerns\\{closure}()
#14 /var/www/html/sis_dbu/backend/vendor/laravel/lumen-framework/src/Routing/Pipeline.php(48): call_user_func()
#15 /var/www/html/sis_dbu/backend/vendor/fruitcake/laravel-cors/src/HandleCors.php(52): Laravel\\Lumen\\Routing\\Pipeline->Laravel\\Lumen\\Routing\\{closure}()
#16 /var/www/html/sis_dbu/backend/vendor/illuminate/pipeline/Pipeline.php(167): Fruitcake\\Cors\\HandleCors->handle()
#17 [internal function]: Illuminate\\Pipeline\\Pipeline->Illuminate\\Pipeline\\{closure}()
#18 /var/www/html/sis_dbu/backend/vendor/laravel/lumen-framework/src/Routing/Pipeline.php(30): call_user_func()
#19 /var/www/html/sis_dbu/backend/vendor/illuminate/pipeline/Pipeline.php(103): Laravel\\Lumen\\Routing\\Pipeline->Laravel\\Lumen\\Routing\\{closure}()
#20 /var/www/html/sis_dbu/backend/vendor/laravel/lumen-framework/src/Concerns/RoutesRequests.php(423): Illuminate\\Pipeline\\Pipeline->then()
#21 /var/www/html/sis_dbu/backend/vendor/laravel/lumen-framework/src/Concerns/RoutesRequests.php(172): Laravel\\Lumen\\Application->sendThroughPipeline()
#22 /var/www/html/sis_dbu/backend/vendor/laravel/lumen-framework/src/Concerns/RoutesRequests.php(109): Laravel\\Lumen\\Application->dispatch()
#23 /var/www/html/sis_dbu/backend/index.php(28): Laravel\\Lumen\\Application->run()
#24 {main}
"} 
[2025-08-14 14:35:14] local.ERROR: Argument 1 passed to App\Services\Solicitud\ServicioSolicitadoSolicitanteService::servicioSolicitante() must be of the type int, string given, called in /var/www/html/sis_dbu/backend/app/Http/Controllers/SolicitudController.php on line 150 {"exception":"[object] (TypeError(code: 0): Argument 1 passed to App\\Services\\Solicitud\\ServicioSolicitadoSolicitanteService::servicioSolicitante() must be of the type int, string given, called in /var/www/html/sis_dbu/backend/app/Http/Controllers/SolicitudController.php on line 150 at /var/www/html/sis_dbu/backend/app/Services/Solicitud/ServicioSolicitadoSolicitanteService.php:14)
[stacktrace]
#0 /var/www/html/sis_dbu/backend/app/Http/Controllers/SolicitudController.php(150): App\\Services\\Solicitud\\ServicioSolicitadoSolicitanteService->servicioSolicitante()
#1 /var/www/html/sis_dbu/backend/vendor/illuminate/container/BoundMethod.php(36): App\\Http\\Controllers\\SolicitudController->servicioSolicitadoSolicitante()
#2 /var/www/html/sis_dbu/backend/vendor/illuminate/container/Util.php(37): Illuminate\\Container\\BoundMethod::Illuminate\\Container\\{closure}()
#3 /var/www/html/sis_dbu/backend/vendor/illuminate/container/BoundMethod.php(93): Illuminate\\Container\\Util::unwrapIfClosure()
#4 /var/www/html/sis_dbu/backend/vendor/illuminate/container/BoundMethod.php(37): Illuminate\\Container\\BoundMethod::callBoundMethod()
#5 /var/www/html/sis_dbu/backend/vendor/illuminate/container/Container.php(596): Illuminate\\Container\\BoundMethod::call()
#6 /var/www/html/sis_dbu/backend/vendor/laravel/lumen-framework/src/Concerns/RoutesRequests.php(386): Illuminate\\Container\\Container->call()
#7 /var/www/html/sis_dbu/backend/vendor/laravel/lumen-framework/src/Concerns/RoutesRequests.php(352): Laravel\\Lumen\\Application->callControllerCallable()
#8 /var/www/html/sis_dbu/backend/vendor/laravel/lumen-framework/src/Concerns/RoutesRequests.php(326): Laravel\\Lumen\\Application->callLumenController()
#9 /var/www/html/sis_dbu/backend/vendor/laravel/lumen-framework/src/Concerns/RoutesRequests.php(279): Laravel\\Lumen\\Application->callControllerAction()
#10 /var/www/html/sis_dbu/backend/vendor/laravel/lumen-framework/src/Concerns/RoutesRequests.php(264): Laravel\\Lumen\\Application->callActionOnArrayBasedRoute()
#11 /var/www/html/sis_dbu/backend/vendor/laravel/lumen-framework/src/Concerns/RoutesRequests.php(234): Laravel\\Lumen\\Application->handleFoundRoute()
#12 /var/www/html/sis_dbu/backend/vendor/laravel/lumen-framework/src/Concerns/RoutesRequests.php(170): Laravel\\Lumen\\Application->handleDispatcherResponse()
#13 [internal function]: Laravel\\Lumen\\Application->Laravel\\Lumen\\Concerns\\{closure}()
#14 /var/www/html/sis_dbu/backend/vendor/laravel/lumen-framework/src/Routing/Pipeline.php(48): call_user_func()
#15 /var/www/html/sis_dbu/backend/vendor/fruitcake/laravel-cors/src/HandleCors.php(52): Laravel\\Lumen\\Routing\\Pipeline->Laravel\\Lumen\\Routing\\{closure}()
#16 /var/www/html/sis_dbu/backend/vendor/illuminate/pipeline/Pipeline.php(167): Fruitcake\\Cors\\HandleCors->handle()
#17 [internal function]: Illuminate\\Pipeline\\Pipeline->Illuminate\\Pipeline\\{closure}()
#18 /var/www/html/sis_dbu/backend/vendor/laravel/lumen-framework/src/Routing/Pipeline.php(30): call_user_func()
#19 /var/www/html/sis_dbu/backend/vendor/illuminate/pipeline/Pipeline.php(103): Laravel\\Lumen\\Routing\\Pipeline->Laravel\\Lumen\\Routing\\{closure}()
#20 /var/www/html/sis_dbu/backend/vendor/laravel/lumen-framework/src/Concerns/RoutesRequests.php(423): Illuminate\\Pipeline\\Pipeline->then()
#21 /var/www/html/sis_dbu/backend/vendor/laravel/lumen-framework/src/Concerns/RoutesRequests.php(172): Laravel\\Lumen\\Application->sendThroughPipeline()
#22 /var/www/html/sis_dbu/backend/vendor/laravel/lumen-framework/src/Concerns/RoutesRequests.php(109): Laravel\\Lumen\\Application->dispatch()
#23 /var/www/html/sis_dbu/backend/index.php(28): Laravel\\Lumen\\Application->run()
#24 {main}
"} 
[2025-08-14 14:47:53] local.ERROR: Argument 1 passed to App\Services\Solicitud\ServicioSolicitadoSolicitanteService::servicioSolicitante() must be of the type int, string given, called in /var/www/html/sis_dbu/backend/app/Http/Controllers/SolicitudController.php on line 150 {"exception":"[object] (TypeError(code: 0): Argument 1 passed to App\\Services\\Solicitud\\ServicioSolicitadoSolicitanteService::servicioSolicitante() must be of the type int, string given, called in /var/www/html/sis_dbu/backend/app/Http/Controllers/SolicitudController.php on line 150 at /var/www/html/sis_dbu/backend/app/Services/Solicitud/ServicioSolicitadoSolicitanteService.php:14)
[stacktrace]
#0 /var/www/html/sis_dbu/backend/app/Http/Controllers/SolicitudController.php(150): App\\Services\\Solicitud\\ServicioSolicitadoSolicitanteService->servicioSolicitante()
#1 /var/www/html/sis_dbu/backend/vendor/illuminate/container/BoundMethod.php(36): App\\Http\\Controllers\\SolicitudController->servicioSolicitadoSolicitante()
#2 /var/www/html/sis_dbu/backend/vendor/illuminate/container/Util.php(37): Illuminate\\Container\\BoundMethod::Illuminate\\Container\\{closure}()
#3 /var/www/html/sis_dbu/backend/vendor/illuminate/container/BoundMethod.php(93): Illuminate\\Container\\Util::unwrapIfClosure()
#4 /var/www/html/sis_dbu/backend/vendor/illuminate/container/BoundMethod.php(37): Illuminate\\Container\\BoundMethod::callBoundMethod()
#5 /var/www/html/sis_dbu/backend/vendor/illuminate/container/Container.php(596): Illuminate\\Container\\BoundMethod::call()
#6 /var/www/html/sis_dbu/backend/vendor/laravel/lumen-framework/src/Concerns/RoutesRequests.php(386): Illuminate\\Container\\Container->call()
#7 /var/www/html/sis_dbu/backend/vendor/laravel/lumen-framework/src/Concerns/RoutesRequests.php(352): Laravel\\Lumen\\Application->callControllerCallable()
#8 /var/www/html/sis_dbu/backend/vendor/laravel/lumen-framework/src/Concerns/RoutesRequests.php(326): Laravel\\Lumen\\Application->callLumenController()
#9 /var/www/html/sis_dbu/backend/vendor/laravel/lumen-framework/src/Concerns/RoutesRequests.php(279): Laravel\\Lumen\\Application->callControllerAction()
#10 /var/www/html/sis_dbu/backend/vendor/laravel/lumen-framework/src/Concerns/RoutesRequests.php(264): Laravel\\Lumen\\Application->callActionOnArrayBasedRoute()
#11 /var/www/html/sis_dbu/backend/vendor/laravel/lumen-framework/src/Concerns/RoutesRequests.php(234): Laravel\\Lumen\\Application->handleFoundRoute()
#12 /var/www/html/sis_dbu/backend/vendor/laravel/lumen-framework/src/Concerns/RoutesRequests.php(170): Laravel\\Lumen\\Application->handleDispatcherResponse()
#13 [internal function]: Laravel\\Lumen\\Application->Laravel\\Lumen\\Concerns\\{closure}()
#14 /var/www/html/sis_dbu/backend/vendor/laravel/lumen-framework/src/Routing/Pipeline.php(48): call_user_func()
#15 /var/www/html/sis_dbu/backend/vendor/fruitcake/laravel-cors/src/HandleCors.php(52): Laravel\\Lumen\\Routing\\Pipeline->Laravel\\Lumen\\Routing\\{closure}()
#16 /var/www/html/sis_dbu/backend/vendor/illuminate/pipeline/Pipeline.php(167): Fruitcake\\Cors\\HandleCors->handle()
#17 [internal function]: Illuminate\\Pipeline\\Pipeline->Illuminate\\Pipeline\\{closure}()
#18 /var/www/html/sis_dbu/backend/vendor/laravel/lumen-framework/src/Routing/Pipeline.php(30): call_user_func()
#19 /var/www/html/sis_dbu/backend/vendor/illuminate/pipeline/Pipeline.php(103): Laravel\\Lumen\\Routing\\Pipeline->Laravel\\Lumen\\Routing\\{closure}()
#20 /var/www/html/sis_dbu/backend/vendor/laravel/lumen-framework/src/Concerns/RoutesRequests.php(423): Illuminate\\Pipeline\\Pipeline->then()
#21 /var/www/html/sis_dbu/backend/vendor/laravel/lumen-framework/src/Concerns/RoutesRequests.php(172): Laravel\\Lumen\\Application->sendThroughPipeline()
#22 /var/www/html/sis_dbu/backend/vendor/laravel/lumen-framework/src/Concerns/RoutesRequests.php(109): Laravel\\Lumen\\Application->dispatch()
#23 /var/www/html/sis_dbu/backend/index.php(28): Laravel\\Lumen\\Application->run()
#24 {main}
"} 
[2025-08-14 14:48:00] local.ERROR: Argument 1 passed to App\Services\Solicitud\ServicioSolicitadoSolicitanteService::servicioSolicitante() must be of the type int, string given, called in /var/www/html/sis_dbu/backend/app/Http/Controllers/SolicitudController.php on line 150 {"exception":"[object] (TypeError(code: 0): Argument 1 passed to App\\Services\\Solicitud\\ServicioSolicitadoSolicitanteService::servicioSolicitante() must be of the type int, string given, called in /var/www/html/sis_dbu/backend/app/Http/Controllers/SolicitudController.php on line 150 at /var/www/html/sis_dbu/backend/app/Services/Solicitud/ServicioSolicitadoSolicitanteService.php:14)
[stacktrace]
#0 /var/www/html/sis_dbu/backend/app/Http/Controllers/SolicitudController.php(150): App\\Services\\Solicitud\\ServicioSolicitadoSolicitanteService->servicioSolicitante()
#1 /var/www/html/sis_dbu/backend/vendor/illuminate/container/BoundMethod.php(36): App\\Http\\Controllers\\SolicitudController->servicioSolicitadoSolicitante()
#2 /var/www/html/sis_dbu/backend/vendor/illuminate/container/Util.php(37): Illuminate\\Container\\BoundMethod::Illuminate\\Container\\{closure}()
#3 /var/www/html/sis_dbu/backend/vendor/illuminate/container/BoundMethod.php(93): Illuminate\\Container\\Util::unwrapIfClosure()
#4 /var/www/html/sis_dbu/backend/vendor/illuminate/container/BoundMethod.php(37): Illuminate\\Container\\BoundMethod::callBoundMethod()
#5 /var/www/html/sis_dbu/backend/vendor/illuminate/container/Container.php(596): Illuminate\\Container\\BoundMethod::call()
#6 /var/www/html/sis_dbu/backend/vendor/laravel/lumen-framework/src/Concerns/RoutesRequests.php(386): Illuminate\\Container\\Container->call()
#7 /var/www/html/sis_dbu/backend/vendor/laravel/lumen-framework/src/Concerns/RoutesRequests.php(352): Laravel\\Lumen\\Application->callControllerCallable()
#8 /var/www/html/sis_dbu/backend/vendor/laravel/lumen-framework/src/Concerns/RoutesRequests.php(326): Laravel\\Lumen\\Application->callLumenController()
#9 /var/www/html/sis_dbu/backend/vendor/laravel/lumen-framework/src/Concerns/RoutesRequests.php(279): Laravel\\Lumen\\Application->callControllerAction()
#10 /var/www/html/sis_dbu/backend/vendor/laravel/lumen-framework/src/Concerns/RoutesRequests.php(264): Laravel\\Lumen\\Application->callActionOnArrayBasedRoute()
#11 /var/www/html/sis_dbu/backend/vendor/laravel/lumen-framework/src/Concerns/RoutesRequests.php(234): Laravel\\Lumen\\Application->handleFoundRoute()
#12 /var/www/html/sis_dbu/backend/vendor/laravel/lumen-framework/src/Concerns/RoutesRequests.php(170): Laravel\\Lumen\\Application->handleDispatcherResponse()
#13 [internal function]: Laravel\\Lumen\\Application->Laravel\\Lumen\\Concerns\\{closure}()
#14 /var/www/html/sis_dbu/backend/vendor/laravel/lumen-framework/src/Routing/Pipeline.php(48): call_user_func()
#15 /var/www/html/sis_dbu/backend/vendor/fruitcake/laravel-cors/src/HandleCors.php(52): Laravel\\Lumen\\Routing\\Pipeline->Laravel\\Lumen\\Routing\\{closure}()
#16 /var/www/html/sis_dbu/backend/vendor/illuminate/pipeline/Pipeline.php(167): Fruitcake\\Cors\\HandleCors->handle()
#17 [internal function]: Illuminate\\Pipeline\\Pipeline->Illuminate\\Pipeline\\{closure}()
#18 /var/www/html/sis_dbu/backend/vendor/laravel/lumen-framework/src/Routing/Pipeline.php(30): call_user_func()
#19 /var/www/html/sis_dbu/backend/vendor/illuminate/pipeline/Pipeline.php(103): Laravel\\Lumen\\Routing\\Pipeline->Laravel\\Lumen\\Routing\\{closure}()
#20 /var/www/html/sis_dbu/backend/vendor/laravel/lumen-framework/src/Concerns/RoutesRequests.php(423): Illuminate\\Pipeline\\Pipeline->then()
#21 /var/www/html/sis_dbu/backend/vendor/laravel/lumen-framework/src/Concerns/RoutesRequests.php(172): Laravel\\Lumen\\Application->sendThroughPipeline()
#22 /var/www/html/sis_dbu/backend/vendor/laravel/lumen-framework/src/Concerns/RoutesRequests.php(109): Laravel\\Lumen\\Application->dispatch()
#23 /var/www/html/sis_dbu/backend/index.php(28): Laravel\\Lumen\\Application->run()
#24 {main}
"} 
[2025-08-14 14:48:04] local.ERROR: Argument 1 passed to App\Services\Solicitud\ServicioSolicitadoSolicitanteService::servicioSolicitante() must be of the type int, string given, called in /var/www/html/sis_dbu/backend/app/Http/Controllers/SolicitudController.php on line 150 {"exception":"[object] (TypeError(code: 0): Argument 1 passed to App\\Services\\Solicitud\\ServicioSolicitadoSolicitanteService::servicioSolicitante() must be of the type int, string given, called in /var/www/html/sis_dbu/backend/app/Http/Controllers/SolicitudController.php on line 150 at /var/www/html/sis_dbu/backend/app/Services/Solicitud/ServicioSolicitadoSolicitanteService.php:14)
[stacktrace]
#0 /var/www/html/sis_dbu/backend/app/Http/Controllers/SolicitudController.php(150): App\\Services\\Solicitud\\ServicioSolicitadoSolicitanteService->servicioSolicitante()
#1 /var/www/html/sis_dbu/backend/vendor/illuminate/container/BoundMethod.php(36): App\\Http\\Controllers\\SolicitudController->servicioSolicitadoSolicitante()
#2 /var/www/html/sis_dbu/backend/vendor/illuminate/container/Util.php(37): Illuminate\\Container\\BoundMethod::Illuminate\\Container\\{closure}()
#3 /var/www/html/sis_dbu/backend/vendor/illuminate/container/BoundMethod.php(93): Illuminate\\Container\\Util::unwrapIfClosure()
#4 /var/www/html/sis_dbu/backend/vendor/illuminate/container/BoundMethod.php(37): Illuminate\\Container\\BoundMethod::callBoundMethod()
#5 /var/www/html/sis_dbu/backend/vendor/illuminate/container/Container.php(596): Illuminate\\Container\\BoundMethod::call()
#6 /var/www/html/sis_dbu/backend/vendor/laravel/lumen-framework/src/Concerns/RoutesRequests.php(386): Illuminate\\Container\\Container->call()
#7 /var/www/html/sis_dbu/backend/vendor/laravel/lumen-framework/src/Concerns/RoutesRequests.php(352): Laravel\\Lumen\\Application->callControllerCallable()
#8 /var/www/html/sis_dbu/backend/vendor/laravel/lumen-framework/src/Concerns/RoutesRequests.php(326): Laravel\\Lumen\\Application->callLumenController()
#9 /var/www/html/sis_dbu/backend/vendor/laravel/lumen-framework/src/Concerns/RoutesRequests.php(279): Laravel\\Lumen\\Application->callControllerAction()
#10 /var/www/html/sis_dbu/backend/vendor/laravel/lumen-framework/src/Concerns/RoutesRequests.php(264): Laravel\\Lumen\\Application->callActionOnArrayBasedRoute()
#11 /var/www/html/sis_dbu/backend/vendor/laravel/lumen-framework/src/Concerns/RoutesRequests.php(234): Laravel\\Lumen\\Application->handleFoundRoute()
#12 /var/www/html/sis_dbu/backend/vendor/laravel/lumen-framework/src/Concerns/RoutesRequests.php(170): Laravel\\Lumen\\Application->handleDispatcherResponse()
#13 [internal function]: Laravel\\Lumen\\Application->Laravel\\Lumen\\Concerns\\{closure}()
#14 /var/www/html/sis_dbu/backend/vendor/laravel/lumen-framework/src/Routing/Pipeline.php(48): call_user_func()
#15 /var/www/html/sis_dbu/backend/vendor/fruitcake/laravel-cors/src/HandleCors.php(52): Laravel\\Lumen\\Routing\\Pipeline->Laravel\\Lumen\\Routing\\{closure}()
#16 /var/www/html/sis_dbu/backend/vendor/illuminate/pipeline/Pipeline.php(167): Fruitcake\\Cors\\HandleCors->handle()
#17 [internal function]: Illuminate\\Pipeline\\Pipeline->Illuminate\\Pipeline\\{closure}()
#18 /var/www/html/sis_dbu/backend/vendor/laravel/lumen-framework/src/Routing/Pipeline.php(30): call_user_func()
#19 /var/www/html/sis_dbu/backend/vendor/illuminate/pipeline/Pipeline.php(103): Laravel\\Lumen\\Routing\\Pipeline->Laravel\\Lumen\\Routing\\{closure}()
#20 /var/www/html/sis_dbu/backend/vendor/laravel/lumen-framework/src/Concerns/RoutesRequests.php(423): Illuminate\\Pipeline\\Pipeline->then()
#21 /var/www/html/sis_dbu/backend/vendor/laravel/lumen-framework/src/Concerns/RoutesRequests.php(172): Laravel\\Lumen\\Application->sendThroughPipeline()
#22 /var/www/html/sis_dbu/backend/vendor/laravel/lumen-framework/src/Concerns/RoutesRequests.php(109): Laravel\\Lumen\\Application->dispatch()
#23 /var/www/html/sis_dbu/backend/index.php(28): Laravel\\Lumen\\Application->run()
#24 {main}
"} 
[2025-08-14 14:48:06] local.ERROR: Argument 1 passed to App\Services\Solicitud\ServicioSolicitadoSolicitanteService::servicioSolicitante() must be of the type int, string given, called in /var/www/html/sis_dbu/backend/app/Http/Controllers/SolicitudController.php on line 150 {"exception":"[object] (TypeError(code: 0): Argument 1 passed to App\\Services\\Solicitud\\ServicioSolicitadoSolicitanteService::servicioSolicitante() must be of the type int, string given, called in /var/www/html/sis_dbu/backend/app/Http/Controllers/SolicitudController.php on line 150 at /var/www/html/sis_dbu/backend/app/Services/Solicitud/ServicioSolicitadoSolicitanteService.php:14)
[stacktrace]
#0 /var/www/html/sis_dbu/backend/app/Http/Controllers/SolicitudController.php(150): App\\Services\\Solicitud\\ServicioSolicitadoSolicitanteService->servicioSolicitante()
#1 /var/www/html/sis_dbu/backend/vendor/illuminate/container/BoundMethod.php(36): App\\Http\\Controllers\\SolicitudController->servicioSolicitadoSolicitante()
#2 /var/www/html/sis_dbu/backend/vendor/illuminate/container/Util.php(37): Illuminate\\Container\\BoundMethod::Illuminate\\Container\\{closure}()
#3 /var/www/html/sis_dbu/backend/vendor/illuminate/container/BoundMethod.php(93): Illuminate\\Container\\Util::unwrapIfClosure()
#4 /var/www/html/sis_dbu/backend/vendor/illuminate/container/BoundMethod.php(37): Illuminate\\Container\\BoundMethod::callBoundMethod()
#5 /var/www/html/sis_dbu/backend/vendor/illuminate/container/Container.php(596): Illuminate\\Container\\BoundMethod::call()
#6 /var/www/html/sis_dbu/backend/vendor/laravel/lumen-framework/src/Concerns/RoutesRequests.php(386): Illuminate\\Container\\Container->call()
#7 /var/www/html/sis_dbu/backend/vendor/laravel/lumen-framework/src/Concerns/RoutesRequests.php(352): Laravel\\Lumen\\Application->callControllerCallable()
#8 /var/www/html/sis_dbu/backend/vendor/laravel/lumen-framework/src/Concerns/RoutesRequests.php(326): Laravel\\Lumen\\Application->callLumenController()
#9 /var/www/html/sis_dbu/backend/vendor/laravel/lumen-framework/src/Concerns/RoutesRequests.php(279): Laravel\\Lumen\\Application->callControllerAction()
#10 /var/www/html/sis_dbu/backend/vendor/laravel/lumen-framework/src/Concerns/RoutesRequests.php(264): Laravel\\Lumen\\Application->callActionOnArrayBasedRoute()
#11 /var/www/html/sis_dbu/backend/vendor/laravel/lumen-framework/src/Concerns/RoutesRequests.php(234): Laravel\\Lumen\\Application->handleFoundRoute()
#12 /var/www/html/sis_dbu/backend/vendor/laravel/lumen-framework/src/Concerns/RoutesRequests.php(170): Laravel\\Lumen\\Application->handleDispatcherResponse()
#13 [internal function]: Laravel\\Lumen\\Application->Laravel\\Lumen\\Concerns\\{closure}()
#14 /var/www/html/sis_dbu/backend/vendor/laravel/lumen-framework/src/Routing/Pipeline.php(48): call_user_func()
#15 /var/www/html/sis_dbu/backend/vendor/fruitcake/laravel-cors/src/HandleCors.php(52): Laravel\\Lumen\\Routing\\Pipeline->Laravel\\Lumen\\Routing\\{closure}()
#16 /var/www/html/sis_dbu/backend/vendor/illuminate/pipeline/Pipeline.php(167): Fruitcake\\Cors\\HandleCors->handle()
#17 [internal function]: Illuminate\\Pipeline\\Pipeline->Illuminate\\Pipeline\\{closure}()
#18 /var/www/html/sis_dbu/backend/vendor/laravel/lumen-framework/src/Routing/Pipeline.php(30): call_user_func()
#19 /var/www/html/sis_dbu/backend/vendor/illuminate/pipeline/Pipeline.php(103): Laravel\\Lumen\\Routing\\Pipeline->Laravel\\Lumen\\Routing\\{closure}()
#20 /var/www/html/sis_dbu/backend/vendor/laravel/lumen-framework/src/Concerns/RoutesRequests.php(423): Illuminate\\Pipeline\\Pipeline->then()
#21 /var/www/html/sis_dbu/backend/vendor/laravel/lumen-framework/src/Concerns/RoutesRequests.php(172): Laravel\\Lumen\\Application->sendThroughPipeline()
#22 /var/www/html/sis_dbu/backend/vendor/laravel/lumen-framework/src/Concerns/RoutesRequests.php(109): Laravel\\Lumen\\Application->dispatch()
#23 /var/www/html/sis_dbu/backend/index.php(28): Laravel\\Lumen\\Application->run()
#24 {main}
"} 
[2025-08-14 17:57:06] local.ERROR: Argument 1 passed to App\Services\Solicitud\ServicioSolicitadoSolicitanteService::servicioSolicitante() must be of the type int, string given, called in /var/www/html/sis_dbu/backend/app/Http/Controllers/SolicitudController.php on line 150 {"exception":"[object] (TypeError(code: 0): Argument 1 passed to App\\Services\\Solicitud\\ServicioSolicitadoSolicitanteService::servicioSolicitante() must be of the type int, string given, called in /var/www/html/sis_dbu/backend/app/Http/Controllers/SolicitudController.php on line 150 at /var/www/html/sis_dbu/backend/app/Services/Solicitud/ServicioSolicitadoSolicitanteService.php:14)
[stacktrace]
#0 /var/www/html/sis_dbu/backend/app/Http/Controllers/SolicitudController.php(150): App\\Services\\Solicitud\\ServicioSolicitadoSolicitanteService->servicioSolicitante()
#1 /var/www/html/sis_dbu/backend/vendor/illuminate/container/BoundMethod.php(36): App\\Http\\Controllers\\SolicitudController->servicioSolicitadoSolicitante()
#2 /var/www/html/sis_dbu/backend/vendor/illuminate/container/Util.php(37): Illuminate\\Container\\BoundMethod::Illuminate\\Container\\{closure}()
#3 /var/www/html/sis_dbu/backend/vendor/illuminate/container/BoundMethod.php(93): Illuminate\\Container\\Util::unwrapIfClosure()
#4 /var/www/html/sis_dbu/backend/vendor/illuminate/container/BoundMethod.php(37): Illuminate\\Container\\BoundMethod::callBoundMethod()
#5 /var/www/html/sis_dbu/backend/vendor/illuminate/container/Container.php(596): Illuminate\\Container\\BoundMethod::call()
#6 /var/www/html/sis_dbu/backend/vendor/laravel/lumen-framework/src/Concerns/RoutesRequests.php(386): Illuminate\\Container\\Container->call()
#7 /var/www/html/sis_dbu/backend/vendor/laravel/lumen-framework/src/Concerns/RoutesRequests.php(352): Laravel\\Lumen\\Application->callControllerCallable()
#8 /var/www/html/sis_dbu/backend/vendor/laravel/lumen-framework/src/Concerns/RoutesRequests.php(326): Laravel\\Lumen\\Application->callLumenController()
#9 /var/www/html/sis_dbu/backend/vendor/laravel/lumen-framework/src/Concerns/RoutesRequests.php(279): Laravel\\Lumen\\Application->callControllerAction()
#10 /var/www/html/sis_dbu/backend/vendor/laravel/lumen-framework/src/Concerns/RoutesRequests.php(264): Laravel\\Lumen\\Application->callActionOnArrayBasedRoute()
#11 /var/www/html/sis_dbu/backend/vendor/laravel/lumen-framework/src/Concerns/RoutesRequests.php(234): Laravel\\Lumen\\Application->handleFoundRoute()
#12 /var/www/html/sis_dbu/backend/vendor/laravel/lumen-framework/src/Concerns/RoutesRequests.php(170): Laravel\\Lumen\\Application->handleDispatcherResponse()
#13 [internal function]: Laravel\\Lumen\\Application->Laravel\\Lumen\\Concerns\\{closure}()
#14 /var/www/html/sis_dbu/backend/vendor/laravel/lumen-framework/src/Routing/Pipeline.php(48): call_user_func()
#15 /var/www/html/sis_dbu/backend/vendor/fruitcake/laravel-cors/src/HandleCors.php(52): Laravel\\Lumen\\Routing\\Pipeline->Laravel\\Lumen\\Routing\\{closure}()
#16 /var/www/html/sis_dbu/backend/vendor/illuminate/pipeline/Pipeline.php(167): Fruitcake\\Cors\\HandleCors->handle()
#17 [internal function]: Illuminate\\Pipeline\\Pipeline->Illuminate\\Pipeline\\{closure}()
#18 /var/www/html/sis_dbu/backend/vendor/laravel/lumen-framework/src/Routing/Pipeline.php(30): call_user_func()
#19 /var/www/html/sis_dbu/backend/vendor/illuminate/pipeline/Pipeline.php(103): Laravel\\Lumen\\Routing\\Pipeline->Laravel\\Lumen\\Routing\\{closure}()
#20 /var/www/html/sis_dbu/backend/vendor/laravel/lumen-framework/src/Concerns/RoutesRequests.php(423): Illuminate\\Pipeline\\Pipeline->then()
#21 /var/www/html/sis_dbu/backend/vendor/laravel/lumen-framework/src/Concerns/RoutesRequests.php(172): Laravel\\Lumen\\Application->sendThroughPipeline()
#22 /var/www/html/sis_dbu/backend/vendor/laravel/lumen-framework/src/Concerns/RoutesRequests.php(109): Laravel\\Lumen\\Application->dispatch()
#23 /var/www/html/sis_dbu/backend/index.php(28): Laravel\\Lumen\\Application->run()
#24 {main}
"} 
[2025-08-14 17:57:08] local.ERROR: Argument 1 passed to App\Services\Solicitud\ServicioSolicitadoSolicitanteService::servicioSolicitante() must be of the type int, string given, called in /var/www/html/sis_dbu/backend/app/Http/Controllers/SolicitudController.php on line 150 {"exception":"[object] (TypeError(code: 0): Argument 1 passed to App\\Services\\Solicitud\\ServicioSolicitadoSolicitanteService::servicioSolicitante() must be of the type int, string given, called in /var/www/html/sis_dbu/backend/app/Http/Controllers/SolicitudController.php on line 150 at /var/www/html/sis_dbu/backend/app/Services/Solicitud/ServicioSolicitadoSolicitanteService.php:14)
[stacktrace]
#0 /var/www/html/sis_dbu/backend/app/Http/Controllers/SolicitudController.php(150): App\\Services\\Solicitud\\ServicioSolicitadoSolicitanteService->servicioSolicitante()
#1 /var/www/html/sis_dbu/backend/vendor/illuminate/container/BoundMethod.php(36): App\\Http\\Controllers\\SolicitudController->servicioSolicitadoSolicitante()
#2 /var/www/html/sis_dbu/backend/vendor/illuminate/container/Util.php(37): Illuminate\\Container\\BoundMethod::Illuminate\\Container\\{closure}()
#3 /var/www/html/sis_dbu/backend/vendor/illuminate/container/BoundMethod.php(93): Illuminate\\Container\\Util::unwrapIfClosure()
#4 /var/www/html/sis_dbu/backend/vendor/illuminate/container/BoundMethod.php(37): Illuminate\\Container\\BoundMethod::callBoundMethod()
#5 /var/www/html/sis_dbu/backend/vendor/illuminate/container/Container.php(596): Illuminate\\Container\\BoundMethod::call()
#6 /var/www/html/sis_dbu/backend/vendor/laravel/lumen-framework/src/Concerns/RoutesRequests.php(386): Illuminate\\Container\\Container->call()
#7 /var/www/html/sis_dbu/backend/vendor/laravel/lumen-framework/src/Concerns/RoutesRequests.php(352): Laravel\\Lumen\\Application->callControllerCallable()
#8 /var/www/html/sis_dbu/backend/vendor/laravel/lumen-framework/src/Concerns/RoutesRequests.php(326): Laravel\\Lumen\\Application->callLumenController()
#9 /var/www/html/sis_dbu/backend/vendor/laravel/lumen-framework/src/Concerns/RoutesRequests.php(279): Laravel\\Lumen\\Application->callControllerAction()
#10 /var/www/html/sis_dbu/backend/vendor/laravel/lumen-framework/src/Concerns/RoutesRequests.php(264): Laravel\\Lumen\\Application->callActionOnArrayBasedRoute()
#11 /var/www/html/sis_dbu/backend/vendor/laravel/lumen-framework/src/Concerns/RoutesRequests.php(234): Laravel\\Lumen\\Application->handleFoundRoute()
#12 /var/www/html/sis_dbu/backend/vendor/laravel/lumen-framework/src/Concerns/RoutesRequests.php(170): Laravel\\Lumen\\Application->handleDispatcherResponse()
#13 [internal function]: Laravel\\Lumen\\Application->Laravel\\Lumen\\Concerns\\{closure}()
#14 /var/www/html/sis_dbu/backend/vendor/laravel/lumen-framework/src/Routing/Pipeline.php(48): call_user_func()
#15 /var/www/html/sis_dbu/backend/vendor/fruitcake/laravel-cors/src/HandleCors.php(52): Laravel\\Lumen\\Routing\\Pipeline->Laravel\\Lumen\\Routing\\{closure}()
#16 /var/www/html/sis_dbu/backend/vendor/illuminate/pipeline/Pipeline.php(167): Fruitcake\\Cors\\HandleCors->handle()
#17 [internal function]: Illuminate\\Pipeline\\Pipeline->Illuminate\\Pipeline\\{closure}()
#18 /var/www/html/sis_dbu/backend/vendor/laravel/lumen-framework/src/Routing/Pipeline.php(30): call_user_func()
#19 /var/www/html/sis_dbu/backend/vendor/illuminate/pipeline/Pipeline.php(103): Laravel\\Lumen\\Routing\\Pipeline->Laravel\\Lumen\\Routing\\{closure}()
#20 /var/www/html/sis_dbu/backend/vendor/laravel/lumen-framework/src/Concerns/RoutesRequests.php(423): Illuminate\\Pipeline\\Pipeline->then()
#21 /var/www/html/sis_dbu/backend/vendor/laravel/lumen-framework/src/Concerns/RoutesRequests.php(172): Laravel\\Lumen\\Application->sendThroughPipeline()
#22 /var/www/html/sis_dbu/backend/vendor/laravel/lumen-framework/src/Concerns/RoutesRequests.php(109): Laravel\\Lumen\\Application->dispatch()
#23 /var/www/html/sis_dbu/backend/index.php(28): Laravel\\Lumen\\Application->run()
#24 {main}
"} 
[2025-08-14 22:20:51] local.ERROR: Argument 1 passed to App\Services\Solicitud\ServicioSolicitadoSolicitanteService::servicioSolicitante() must be of the type int, string given, called in /var/www/html/sis_dbu/backend/app/Http/Controllers/SolicitudController.php on line 150 {"exception":"[object] (TypeError(code: 0): Argument 1 passed to App\\Services\\Solicitud\\ServicioSolicitadoSolicitanteService::servicioSolicitante() must be of the type int, string given, called in /var/www/html/sis_dbu/backend/app/Http/Controllers/SolicitudController.php on line 150 at /var/www/html/sis_dbu/backend/app/Services/Solicitud/ServicioSolicitadoSolicitanteService.php:14)
[stacktrace]
#0 /var/www/html/sis_dbu/backend/app/Http/Controllers/SolicitudController.php(150): App\\Services\\Solicitud\\ServicioSolicitadoSolicitanteService->servicioSolicitante()
#1 /var/www/html/sis_dbu/backend/vendor/illuminate/container/BoundMethod.php(36): App\\Http\\Controllers\\SolicitudController->servicioSolicitadoSolicitante()
#2 /var/www/html/sis_dbu/backend/vendor/illuminate/container/Util.php(37): Illuminate\\Container\\BoundMethod::Illuminate\\Container\\{closure}()
#3 /var/www/html/sis_dbu/backend/vendor/illuminate/container/BoundMethod.php(93): Illuminate\\Container\\Util::unwrapIfClosure()
#4 /var/www/html/sis_dbu/backend/vendor/illuminate/container/BoundMethod.php(37): Illuminate\\Container\\BoundMethod::callBoundMethod()
#5 /var/www/html/sis_dbu/backend/vendor/illuminate/container/Container.php(596): Illuminate\\Container\\BoundMethod::call()
#6 /var/www/html/sis_dbu/backend/vendor/laravel/lumen-framework/src/Concerns/RoutesRequests.php(386): Illuminate\\Container\\Container->call()
#7 /var/www/html/sis_dbu/backend/vendor/laravel/lumen-framework/src/Concerns/RoutesRequests.php(352): Laravel\\Lumen\\Application->callControllerCallable()
#8 /var/www/html/sis_dbu/backend/vendor/laravel/lumen-framework/src/Concerns/RoutesRequests.php(326): Laravel\\Lumen\\Application->callLumenController()
#9 /var/www/html/sis_dbu/backend/vendor/laravel/lumen-framework/src/Concerns/RoutesRequests.php(279): Laravel\\Lumen\\Application->callControllerAction()
#10 /var/www/html/sis_dbu/backend/vendor/laravel/lumen-framework/src/Concerns/RoutesRequests.php(264): Laravel\\Lumen\\Application->callActionOnArrayBasedRoute()
#11 /var/www/html/sis_dbu/backend/vendor/laravel/lumen-framework/src/Concerns/RoutesRequests.php(234): Laravel\\Lumen\\Application->handleFoundRoute()
#12 /var/www/html/sis_dbu/backend/vendor/laravel/lumen-framework/src/Concerns/RoutesRequests.php(170): Laravel\\Lumen\\Application->handleDispatcherResponse()
#13 [internal function]: Laravel\\Lumen\\Application->Laravel\\Lumen\\Concerns\\{closure}()
#14 /var/www/html/sis_dbu/backend/vendor/laravel/lumen-framework/src/Routing/Pipeline.php(48): call_user_func()
#15 /var/www/html/sis_dbu/backend/vendor/fruitcake/laravel-cors/src/HandleCors.php(52): Laravel\\Lumen\\Routing\\Pipeline->Laravel\\Lumen\\Routing\\{closure}()
#16 /var/www/html/sis_dbu/backend/vendor/illuminate/pipeline/Pipeline.php(167): Fruitcake\\Cors\\HandleCors->handle()
#17 [internal function]: Illuminate\\Pipeline\\Pipeline->Illuminate\\Pipeline\\{closure}()
#18 /var/www/html/sis_dbu/backend/vendor/laravel/lumen-framework/src/Routing/Pipeline.php(30): call_user_func()
#19 /var/www/html/sis_dbu/backend/vendor/illuminate/pipeline/Pipeline.php(103): Laravel\\Lumen\\Routing\\Pipeline->Laravel\\Lumen\\Routing\\{closure}()
#20 /var/www/html/sis_dbu/backend/vendor/laravel/lumen-framework/src/Concerns/RoutesRequests.php(423): Illuminate\\Pipeline\\Pipeline->then()
#21 /var/www/html/sis_dbu/backend/vendor/laravel/lumen-framework/src/Concerns/RoutesRequests.php(172): Laravel\\Lumen\\Application->sendThroughPipeline()
#22 /var/www/html/sis_dbu/backend/vendor/laravel/lumen-framework/src/Concerns/RoutesRequests.php(109): Laravel\\Lumen\\Application->dispatch()
#23 /var/www/html/sis_dbu/backend/index.php(28): Laravel\\Lumen\\Application->run()
#24 {main}
"} 
[2025-08-14 22:20:56] local.ERROR: Argument 1 passed to App\Services\Solicitud\ServicioSolicitadoSolicitanteService::servicioSolicitante() must be of the type int, string given, called in /var/www/html/sis_dbu/backend/app/Http/Controllers/SolicitudController.php on line 150 {"exception":"[object] (TypeError(code: 0): Argument 1 passed to App\\Services\\Solicitud\\ServicioSolicitadoSolicitanteService::servicioSolicitante() must be of the type int, string given, called in /var/www/html/sis_dbu/backend/app/Http/Controllers/SolicitudController.php on line 150 at /var/www/html/sis_dbu/backend/app/Services/Solicitud/ServicioSolicitadoSolicitanteService.php:14)
[stacktrace]
#0 /var/www/html/sis_dbu/backend/app/Http/Controllers/SolicitudController.php(150): App\\Services\\Solicitud\\ServicioSolicitadoSolicitanteService->servicioSolicitante()
#1 /var/www/html/sis_dbu/backend/vendor/illuminate/container/BoundMethod.php(36): App\\Http\\Controllers\\SolicitudController->servicioSolicitadoSolicitante()
#2 /var/www/html/sis_dbu/backend/vendor/illuminate/container/Util.php(37): Illuminate\\Container\\BoundMethod::Illuminate\\Container\\{closure}()
#3 /var/www/html/sis_dbu/backend/vendor/illuminate/container/BoundMethod.php(93): Illuminate\\Container\\Util::unwrapIfClosure()
#4 /var/www/html/sis_dbu/backend/vendor/illuminate/container/BoundMethod.php(37): Illuminate\\Container\\BoundMethod::callBoundMethod()
#5 /var/www/html/sis_dbu/backend/vendor/illuminate/container/Container.php(596): Illuminate\\Container\\BoundMethod::call()
#6 /var/www/html/sis_dbu/backend/vendor/laravel/lumen-framework/src/Concerns/RoutesRequests.php(386): Illuminate\\Container\\Container->call()
#7 /var/www/html/sis_dbu/backend/vendor/laravel/lumen-framework/src/Concerns/RoutesRequests.php(352): Laravel\\Lumen\\Application->callControllerCallable()
#8 /var/www/html/sis_dbu/backend/vendor/laravel/lumen-framework/src/Concerns/RoutesRequests.php(326): Laravel\\Lumen\\Application->callLumenController()
#9 /var/www/html/sis_dbu/backend/vendor/laravel/lumen-framework/src/Concerns/RoutesRequests.php(279): Laravel\\Lumen\\Application->callControllerAction()
#10 /var/www/html/sis_dbu/backend/vendor/laravel/lumen-framework/src/Concerns/RoutesRequests.php(264): Laravel\\Lumen\\Application->callActionOnArrayBasedRoute()
#11 /var/www/html/sis_dbu/backend/vendor/laravel/lumen-framework/src/Concerns/RoutesRequests.php(234): Laravel\\Lumen\\Application->handleFoundRoute()
#12 /var/www/html/sis_dbu/backend/vendor/laravel/lumen-framework/src/Concerns/RoutesRequests.php(170): Laravel\\Lumen\\Application->handleDispatcherResponse()
#13 [internal function]: Laravel\\Lumen\\Application->Laravel\\Lumen\\Concerns\\{closure}()
#14 /var/www/html/sis_dbu/backend/vendor/laravel/lumen-framework/src/Routing/Pipeline.php(48): call_user_func()
#15 /var/www/html/sis_dbu/backend/vendor/fruitcake/laravel-cors/src/HandleCors.php(52): Laravel\\Lumen\\Routing\\Pipeline->Laravel\\Lumen\\Routing\\{closure}()
#16 /var/www/html/sis_dbu/backend/vendor/illuminate/pipeline/Pipeline.php(167): Fruitcake\\Cors\\HandleCors->handle()
#17 [internal function]: Illuminate\\Pipeline\\Pipeline->Illuminate\\Pipeline\\{closure}()
#18 /var/www/html/sis_dbu/backend/vendor/laravel/lumen-framework/src/Routing/Pipeline.php(30): call_user_func()
#19 /var/www/html/sis_dbu/backend/vendor/illuminate/pipeline/Pipeline.php(103): Laravel\\Lumen\\Routing\\Pipeline->Laravel\\Lumen\\Routing\\{closure}()
#20 /var/www/html/sis_dbu/backend/vendor/laravel/lumen-framework/src/Concerns/RoutesRequests.php(423): Illuminate\\Pipeline\\Pipeline->then()
#21 /var/www/html/sis_dbu/backend/vendor/laravel/lumen-framework/src/Concerns/RoutesRequests.php(172): Laravel\\Lumen\\Application->sendThroughPipeline()
#22 /var/www/html/sis_dbu/backend/vendor/laravel/lumen-framework/src/Concerns/RoutesRequests.php(109): Laravel\\Lumen\\Application->dispatch()
#23 /var/www/html/sis_dbu/backend/index.php(28): Laravel\\Lumen\\Application->run()
#24 {main}
"} 
[2025-08-14 22:20:59] local.ERROR: Argument 1 passed to App\Services\Solicitud\ServicioSolicitadoSolicitanteService::servicioSolicitante() must be of the type int, string given, called in /var/www/html/sis_dbu/backend/app/Http/Controllers/SolicitudController.php on line 150 {"exception":"[object] (TypeError(code: 0): Argument 1 passed to App\\Services\\Solicitud\\ServicioSolicitadoSolicitanteService::servicioSolicitante() must be of the type int, string given, called in /var/www/html/sis_dbu/backend/app/Http/Controllers/SolicitudController.php on line 150 at /var/www/html/sis_dbu/backend/app/Services/Solicitud/ServicioSolicitadoSolicitanteService.php:14)
[stacktrace]
#0 /var/www/html/sis_dbu/backend/app/Http/Controllers/SolicitudController.php(150): App\\Services\\Solicitud\\ServicioSolicitadoSolicitanteService->servicioSolicitante()
#1 /var/www/html/sis_dbu/backend/vendor/illuminate/container/BoundMethod.php(36): App\\Http\\Controllers\\SolicitudController->servicioSolicitadoSolicitante()
#2 /var/www/html/sis_dbu/backend/vendor/illuminate/container/Util.php(37): Illuminate\\Container\\BoundMethod::Illuminate\\Container\\{closure}()
#3 /var/www/html/sis_dbu/backend/vendor/illuminate/container/BoundMethod.php(93): Illuminate\\Container\\Util::unwrapIfClosure()
#4 /var/www/html/sis_dbu/backend/vendor/illuminate/container/BoundMethod.php(37): Illuminate\\Container\\BoundMethod::callBoundMethod()
#5 /var/www/html/sis_dbu/backend/vendor/illuminate/container/Container.php(596): Illuminate\\Container\\BoundMethod::call()
#6 /var/www/html/sis_dbu/backend/vendor/laravel/lumen-framework/src/Concerns/RoutesRequests.php(386): Illuminate\\Container\\Container->call()
#7 /var/www/html/sis_dbu/backend/vendor/laravel/lumen-framework/src/Concerns/RoutesRequests.php(352): Laravel\\Lumen\\Application->callControllerCallable()
#8 /var/www/html/sis_dbu/backend/vendor/laravel/lumen-framework/src/Concerns/RoutesRequests.php(326): Laravel\\Lumen\\Application->callLumenController()
#9 /var/www/html/sis_dbu/backend/vendor/laravel/lumen-framework/src/Concerns/RoutesRequests.php(279): Laravel\\Lumen\\Application->callControllerAction()
#10 /var/www/html/sis_dbu/backend/vendor/laravel/lumen-framework/src/Concerns/RoutesRequests.php(264): Laravel\\Lumen\\Application->callActionOnArrayBasedRoute()
#11 /var/www/html/sis_dbu/backend/vendor/laravel/lumen-framework/src/Concerns/RoutesRequests.php(234): Laravel\\Lumen\\Application->handleFoundRoute()
#12 /var/www/html/sis_dbu/backend/vendor/laravel/lumen-framework/src/Concerns/RoutesRequests.php(170): Laravel\\Lumen\\Application->handleDispatcherResponse()
#13 [internal function]: Laravel\\Lumen\\Application->Laravel\\Lumen\\Concerns\\{closure}()
#14 /var/www/html/sis_dbu/backend/vendor/laravel/lumen-framework/src/Routing/Pipeline.php(48): call_user_func()
#15 /var/www/html/sis_dbu/backend/vendor/fruitcake/laravel-cors/src/HandleCors.php(52): Laravel\\Lumen\\Routing\\Pipeline->Laravel\\Lumen\\Routing\\{closure}()
#16 /var/www/html/sis_dbu/backend/vendor/illuminate/pipeline/Pipeline.php(167): Fruitcake\\Cors\\HandleCors->handle()
#17 [internal function]: Illuminate\\Pipeline\\Pipeline->Illuminate\\Pipeline\\{closure}()
#18 /var/www/html/sis_dbu/backend/vendor/laravel/lumen-framework/src/Routing/Pipeline.php(30): call_user_func()
#19 /var/www/html/sis_dbu/backend/vendor/illuminate/pipeline/Pipeline.php(103): Laravel\\Lumen\\Routing\\Pipeline->Laravel\\Lumen\\Routing\\{closure}()
#20 /var/www/html/sis_dbu/backend/vendor/laravel/lumen-framework/src/Concerns/RoutesRequests.php(423): Illuminate\\Pipeline\\Pipeline->then()
#21 /var/www/html/sis_dbu/backend/vendor/laravel/lumen-framework/src/Concerns/RoutesRequests.php(172): Laravel\\Lumen\\Application->sendThroughPipeline()
#22 /var/www/html/sis_dbu/backend/vendor/laravel/lumen-framework/src/Concerns/RoutesRequests.php(109): Laravel\\Lumen\\Application->dispatch()
#23 /var/www/html/sis_dbu/backend/index.php(28): Laravel\\Lumen\\Application->run()
#24 {main}
"} 
[2025-08-14 22:21:01] local.ERROR: Argument 1 passed to App\Services\Solicitud\ServicioSolicitadoSolicitanteService::servicioSolicitante() must be of the type int, string given, called in /var/www/html/sis_dbu/backend/app/Http/Controllers/SolicitudController.php on line 150 {"exception":"[object] (TypeError(code: 0): Argument 1 passed to App\\Services\\Solicitud\\ServicioSolicitadoSolicitanteService::servicioSolicitante() must be of the type int, string given, called in /var/www/html/sis_dbu/backend/app/Http/Controllers/SolicitudController.php on line 150 at /var/www/html/sis_dbu/backend/app/Services/Solicitud/ServicioSolicitadoSolicitanteService.php:14)
[stacktrace]
#0 /var/www/html/sis_dbu/backend/app/Http/Controllers/SolicitudController.php(150): App\\Services\\Solicitud\\ServicioSolicitadoSolicitanteService->servicioSolicitante()
#1 /var/www/html/sis_dbu/backend/vendor/illuminate/container/BoundMethod.php(36): App\\Http\\Controllers\\SolicitudController->servicioSolicitadoSolicitante()
#2 /var/www/html/sis_dbu/backend/vendor/illuminate/container/Util.php(37): Illuminate\\Container\\BoundMethod::Illuminate\\Container\\{closure}()
#3 /var/www/html/sis_dbu/backend/vendor/illuminate/container/BoundMethod.php(93): Illuminate\\Container\\Util::unwrapIfClosure()
#4 /var/www/html/sis_dbu/backend/vendor/illuminate/container/BoundMethod.php(37): Illuminate\\Container\\BoundMethod::callBoundMethod()
#5 /var/www/html/sis_dbu/backend/vendor/illuminate/container/Container.php(596): Illuminate\\Container\\BoundMethod::call()
#6 /var/www/html/sis_dbu/backend/vendor/laravel/lumen-framework/src/Concerns/RoutesRequests.php(386): Illuminate\\Container\\Container->call()
#7 /var/www/html/sis_dbu/backend/vendor/laravel/lumen-framework/src/Concerns/RoutesRequests.php(352): Laravel\\Lumen\\Application->callControllerCallable()
#8 /var/www/html/sis_dbu/backend/vendor/laravel/lumen-framework/src/Concerns/RoutesRequests.php(326): Laravel\\Lumen\\Application->callLumenController()
#9 /var/www/html/sis_dbu/backend/vendor/laravel/lumen-framework/src/Concerns/RoutesRequests.php(279): Laravel\\Lumen\\Application->callControllerAction()
#10 /var/www/html/sis_dbu/backend/vendor/laravel/lumen-framework/src/Concerns/RoutesRequests.php(264): Laravel\\Lumen\\Application->callActionOnArrayBasedRoute()
#11 /var/www/html/sis_dbu/backend/vendor/laravel/lumen-framework/src/Concerns/RoutesRequests.php(234): Laravel\\Lumen\\Application->handleFoundRoute()
#12 /var/www/html/sis_dbu/backend/vendor/laravel/lumen-framework/src/Concerns/RoutesRequests.php(170): Laravel\\Lumen\\Application->handleDispatcherResponse()
#13 [internal function]: Laravel\\Lumen\\Application->Laravel\\Lumen\\Concerns\\{closure}()
#14 /var/www/html/sis_dbu/backend/vendor/laravel/lumen-framework/src/Routing/Pipeline.php(48): call_user_func()
#15 /var/www/html/sis_dbu/backend/vendor/fruitcake/laravel-cors/src/HandleCors.php(52): Laravel\\Lumen\\Routing\\Pipeline->Laravel\\Lumen\\Routing\\{closure}()
#16 /var/www/html/sis_dbu/backend/vendor/illuminate/pipeline/Pipeline.php(167): Fruitcake\\Cors\\HandleCors->handle()
#17 [internal function]: Illuminate\\Pipeline\\Pipeline->Illuminate\\Pipeline\\{closure}()
#18 /var/www/html/sis_dbu/backend/vendor/laravel/lumen-framework/src/Routing/Pipeline.php(30): call_user_func()
#19 /var/www/html/sis_dbu/backend/vendor/illuminate/pipeline/Pipeline.php(103): Laravel\\Lumen\\Routing\\Pipeline->Laravel\\Lumen\\Routing\\{closure}()
#20 /var/www/html/sis_dbu/backend/vendor/laravel/lumen-framework/src/Concerns/RoutesRequests.php(423): Illuminate\\Pipeline\\Pipeline->then()
#21 /var/www/html/sis_dbu/backend/vendor/laravel/lumen-framework/src/Concerns/RoutesRequests.php(172): Laravel\\Lumen\\Application->sendThroughPipeline()
#22 /var/www/html/sis_dbu/backend/vendor/laravel/lumen-framework/src/Concerns/RoutesRequests.php(109): Laravel\\Lumen\\Application->dispatch()
#23 /var/www/html/sis_dbu/backend/index.php(28): Laravel\\Lumen\\Application->run()
#24 {main}
"} 
