[2025-05-09 09:23:37] local.ERROR: Undefined offset: 2 {"exception":"[object] (ErrorException(code: 0): Undefined offset: 2 at /var/www/html/sis_dbu/backend/vendor/illuminate/support/Collection.php:1362)
[stacktrace]
#0 /var/www/html/sis_dbu/backend/vendor/illuminate/support/Collection.php(1362): Laravel\\Lumen\\Application->Laravel\\Lumen\\Concerns\\{closure}()
#1 /var/www/html/sis_dbu/backend/app/Services/Solicitud/ShowSolicitudService.php(18): Illuminate\\Support\\Collection->offsetGet()
#2 /var/www/html/sis_dbu/backend/app/Http/Controllers/SolicitudController.php(70): App\\Services\\Solicitud\\ShowSolicitudService->show()
#3 /var/www/html/sis_dbu/backend/vendor/illuminate/container/BoundMethod.php(36): App\\Http\\Controllers\\SolicitudController->show()
#4 /var/www/html/sis_dbu/backend/vendor/illuminate/container/Util.php(37): Illuminate\\Container\\BoundMethod::Illuminate\\Container\\{closure}()
#5 /var/www/html/sis_dbu/backend/vendor/illuminate/container/BoundMethod.php(93): Illuminate\\Container\\Util::unwrapIfClosure()
#6 /var/www/html/sis_dbu/backend/vendor/illuminate/container/BoundMethod.php(37): Illuminate\\Container\\BoundMethod::callBoundMethod()
#7 /var/www/html/sis_dbu/backend/vendor/illuminate/container/Container.php(596): Illuminate\\Container\\BoundMethod::call()
#8 /var/www/html/sis_dbu/backend/vendor/laravel/lumen-framework/src/Concerns/RoutesRequests.php(386): Illuminate\\Container\\Container->call()
#9 /var/www/html/sis_dbu/backend/vendor/laravel/lumen-framework/src/Concerns/RoutesRequests.php(352): Laravel\\Lumen\\Application->callControllerCallable()
#10 /var/www/html/sis_dbu/backend/vendor/laravel/lumen-framework/src/Concerns/RoutesRequests.php(326): Laravel\\Lumen\\Application->callLumenController()
#11 /var/www/html/sis_dbu/backend/vendor/laravel/lumen-framework/src/Concerns/RoutesRequests.php(279): Laravel\\Lumen\\Application->callControllerAction()
#12 /var/www/html/sis_dbu/backend/vendor/laravel/lumen-framework/src/Concerns/RoutesRequests.php(259): Laravel\\Lumen\\Application->callActionOnArrayBasedRoute()
#13 [internal function]: Laravel\\Lumen\\Application->Laravel\\Lumen\\Concerns\\{closure}()
#14 /var/www/html/sis_dbu/backend/vendor/laravel/lumen-framework/src/Routing/Pipeline.php(48): call_user_func()
#15 /var/www/html/sis_dbu/backend/app/Http/Middleware/RestricLevel3.php(44): Laravel\\Lumen\\Routing\\Pipeline->Laravel\\Lumen\\Routing\\{closure}()
#16 /var/www/html/sis_dbu/backend/vendor/illuminate/pipeline/Pipeline.php(167): App\\Http\\Middleware\\RestricLevel3->handle()
#17 [internal function]: Illuminate\\Pipeline\\Pipeline->Illuminate\\Pipeline\\{closure}()
#18 /var/www/html/sis_dbu/backend/vendor/laravel/lumen-framework/src/Routing/Pipeline.php(30): call_user_func()
#19 /var/www/html/sis_dbu/backend/app/Http/Middleware/Authenticate.php(55): Laravel\\Lumen\\Routing\\Pipeline->Laravel\\Lumen\\Routing\\{closure}()
#20 /var/www/html/sis_dbu/backend/vendor/illuminate/pipeline/Pipeline.php(167): App\\Http\\Middleware\\Authenticate->handle()
#21 [internal function]: Illuminate\\Pipeline\\Pipeline->Illuminate\\Pipeline\\{closure}()
#22 /var/www/html/sis_dbu/backend/vendor/laravel/lumen-framework/src/Routing/Pipeline.php(30): call_user_func()
#23 /var/www/html/sis_dbu/backend/vendor/illuminate/pipeline/Pipeline.php(103): Laravel\\Lumen\\Routing\\Pipeline->Laravel\\Lumen\\Routing\\{closure}()
#24 /var/www/html/sis_dbu/backend/vendor/laravel/lumen-framework/src/Concerns/RoutesRequests.php(423): Illuminate\\Pipeline\\Pipeline->then()
#25 /var/www/html/sis_dbu/backend/vendor/laravel/lumen-framework/src/Concerns/RoutesRequests.php(260): Laravel\\Lumen\\Application->sendThroughPipeline()
#26 /var/www/html/sis_dbu/backend/vendor/laravel/lumen-framework/src/Concerns/RoutesRequests.php(234): Laravel\\Lumen\\Application->handleFoundRoute()
#27 /var/www/html/sis_dbu/backend/vendor/laravel/lumen-framework/src/Concerns/RoutesRequests.php(170): Laravel\\Lumen\\Application->handleDispatcherResponse()
#28 [internal function]: Laravel\\Lumen\\Application->Laravel\\Lumen\\Concerns\\{closure}()
#29 /var/www/html/sis_dbu/backend/vendor/laravel/lumen-framework/src/Routing/Pipeline.php(48): call_user_func()
#30 /var/www/html/sis_dbu/backend/vendor/fruitcake/laravel-cors/src/HandleCors.php(52): Laravel\\Lumen\\Routing\\Pipeline->Laravel\\Lumen\\Routing\\{closure}()
#31 /var/www/html/sis_dbu/backend/vendor/illuminate/pipeline/Pipeline.php(167): Fruitcake\\Cors\\HandleCors->handle()
#32 [internal function]: Illuminate\\Pipeline\\Pipeline->Illuminate\\Pipeline\\{closure}()
#33 /var/www/html/sis_dbu/backend/vendor/laravel/lumen-framework/src/Routing/Pipeline.php(30): call_user_func()
#34 /var/www/html/sis_dbu/backend/vendor/illuminate/pipeline/Pipeline.php(103): Laravel\\Lumen\\Routing\\Pipeline->Laravel\\Lumen\\Routing\\{closure}()
#35 /var/www/html/sis_dbu/backend/vendor/laravel/lumen-framework/src/Concerns/RoutesRequests.php(423): Illuminate\\Pipeline\\Pipeline->then()
#36 /var/www/html/sis_dbu/backend/vendor/laravel/lumen-framework/src/Concerns/RoutesRequests.php(172): Laravel\\Lumen\\Application->sendThroughPipeline()
#37 /var/www/html/sis_dbu/backend/vendor/laravel/lumen-framework/src/Concerns/RoutesRequests.php(109): Laravel\\Lumen\\Application->dispatch()
#38 /var/www/html/sis_dbu/backend/index.php(28): Laravel\\Lumen\\Application->run()
#39 {main}
"} 
[2025-05-09 10:12:12] local.ERROR: Creating default object from empty value {"exception":"[object] (ErrorException(code: 0): Creating default object from empty value at /var/www/html/sis_dbu/backend/app/Services/Solicitud/SolicitudServicioService.php:48)
[stacktrace]
#0 /var/www/html/sis_dbu/backend/app/Services/Solicitud/SolicitudServicioService.php(48): Laravel\\Lumen\\Application->Laravel\\Lumen\\Concerns\\{closure}()
#1 /var/www/html/sis_dbu/backend/app/Http/Controllers/SolicitudController.php(79): App\\Services\\Solicitud\\SolicitudServicioService->updateServicio()
#2 /var/www/html/sis_dbu/backend/vendor/illuminate/container/BoundMethod.php(36): App\\Http\\Controllers\\SolicitudController->updateServicio()
#3 /var/www/html/sis_dbu/backend/vendor/illuminate/container/Util.php(37): Illuminate\\Container\\BoundMethod::Illuminate\\Container\\{closure}()
#4 /var/www/html/sis_dbu/backend/vendor/illuminate/container/BoundMethod.php(93): Illuminate\\Container\\Util::unwrapIfClosure()
#5 /var/www/html/sis_dbu/backend/vendor/illuminate/container/BoundMethod.php(37): Illuminate\\Container\\BoundMethod::callBoundMethod()
#6 /var/www/html/sis_dbu/backend/vendor/illuminate/container/Container.php(596): Illuminate\\Container\\BoundMethod::call()
#7 /var/www/html/sis_dbu/backend/vendor/laravel/lumen-framework/src/Concerns/RoutesRequests.php(386): Illuminate\\Container\\Container->call()
#8 /var/www/html/sis_dbu/backend/vendor/laravel/lumen-framework/src/Concerns/RoutesRequests.php(352): Laravel\\Lumen\\Application->callControllerCallable()
#9 /var/www/html/sis_dbu/backend/vendor/laravel/lumen-framework/src/Concerns/RoutesRequests.php(326): Laravel\\Lumen\\Application->callLumenController()
#10 /var/www/html/sis_dbu/backend/vendor/laravel/lumen-framework/src/Concerns/RoutesRequests.php(279): Laravel\\Lumen\\Application->callControllerAction()
#11 /var/www/html/sis_dbu/backend/vendor/laravel/lumen-framework/src/Concerns/RoutesRequests.php(259): Laravel\\Lumen\\Application->callActionOnArrayBasedRoute()
#12 [internal function]: Laravel\\Lumen\\Application->Laravel\\Lumen\\Concerns\\{closure}()
#13 /var/www/html/sis_dbu/backend/vendor/laravel/lumen-framework/src/Routing/Pipeline.php(48): call_user_func()
#14 /var/www/html/sis_dbu/backend/app/Http/Middleware/RestricLevel3.php(44): Laravel\\Lumen\\Routing\\Pipeline->Laravel\\Lumen\\Routing\\{closure}()
#15 /var/www/html/sis_dbu/backend/vendor/illuminate/pipeline/Pipeline.php(167): App\\Http\\Middleware\\RestricLevel3->handle()
#16 [internal function]: Illuminate\\Pipeline\\Pipeline->Illuminate\\Pipeline\\{closure}()
#17 /var/www/html/sis_dbu/backend/vendor/laravel/lumen-framework/src/Routing/Pipeline.php(30): call_user_func()
#18 /var/www/html/sis_dbu/backend/app/Http/Middleware/Authenticate.php(55): Laravel\\Lumen\\Routing\\Pipeline->Laravel\\Lumen\\Routing\\{closure}()
#19 /var/www/html/sis_dbu/backend/vendor/illuminate/pipeline/Pipeline.php(167): App\\Http\\Middleware\\Authenticate->handle()
#20 [internal function]: Illuminate\\Pipeline\\Pipeline->Illuminate\\Pipeline\\{closure}()
#21 /var/www/html/sis_dbu/backend/vendor/laravel/lumen-framework/src/Routing/Pipeline.php(30): call_user_func()
#22 /var/www/html/sis_dbu/backend/vendor/illuminate/pipeline/Pipeline.php(103): Laravel\\Lumen\\Routing\\Pipeline->Laravel\\Lumen\\Routing\\{closure}()
#23 /var/www/html/sis_dbu/backend/vendor/laravel/lumen-framework/src/Concerns/RoutesRequests.php(423): Illuminate\\Pipeline\\Pipeline->then()
#24 /var/www/html/sis_dbu/backend/vendor/laravel/lumen-framework/src/Concerns/RoutesRequests.php(260): Laravel\\Lumen\\Application->sendThroughPipeline()
#25 /var/www/html/sis_dbu/backend/vendor/laravel/lumen-framework/src/Concerns/RoutesRequests.php(166): Laravel\\Lumen\\Application->handleFoundRoute()
#26 [internal function]: Laravel\\Lumen\\Application->Laravel\\Lumen\\Concerns\\{closure}()
#27 /var/www/html/sis_dbu/backend/vendor/laravel/lumen-framework/src/Routing/Pipeline.php(48): call_user_func()
#28 /var/www/html/sis_dbu/backend/vendor/fruitcake/laravel-cors/src/HandleCors.php(52): Laravel\\Lumen\\Routing\\Pipeline->Laravel\\Lumen\\Routing\\{closure}()
#29 /var/www/html/sis_dbu/backend/vendor/illuminate/pipeline/Pipeline.php(167): Fruitcake\\Cors\\HandleCors->handle()
#30 [internal function]: Illuminate\\Pipeline\\Pipeline->Illuminate\\Pipeline\\{closure}()
#31 /var/www/html/sis_dbu/backend/vendor/laravel/lumen-framework/src/Routing/Pipeline.php(30): call_user_func()
#32 /var/www/html/sis_dbu/backend/vendor/illuminate/pipeline/Pipeline.php(103): Laravel\\Lumen\\Routing\\Pipeline->Laravel\\Lumen\\Routing\\{closure}()
#33 /var/www/html/sis_dbu/backend/vendor/laravel/lumen-framework/src/Concerns/RoutesRequests.php(423): Illuminate\\Pipeline\\Pipeline->then()
#34 /var/www/html/sis_dbu/backend/vendor/laravel/lumen-framework/src/Concerns/RoutesRequests.php(172): Laravel\\Lumen\\Application->sendThroughPipeline()
#35 /var/www/html/sis_dbu/backend/vendor/laravel/lumen-framework/src/Concerns/RoutesRequests.php(109): Laravel\\Lumen\\Application->dispatch()
#36 /var/www/html/sis_dbu/backend/index.php(28): Laravel\\Lumen\\Application->run()
#37 {main}
"} 
[2025-05-09 10:12:12] local.ERROR: Creating default object from empty value {"exception":"[object] (ErrorException(code: 0): Creating default object from empty value at /var/www/html/sis_dbu/backend/app/Services/Solicitud/SolicitudServicioService.php:48)
[stacktrace]
#0 /var/www/html/sis_dbu/backend/app/Services/Solicitud/SolicitudServicioService.php(48): Laravel\\Lumen\\Application->Laravel\\Lumen\\Concerns\\{closure}()
#1 /var/www/html/sis_dbu/backend/app/Http/Controllers/SolicitudController.php(79): App\\Services\\Solicitud\\SolicitudServicioService->updateServicio()
#2 /var/www/html/sis_dbu/backend/vendor/illuminate/container/BoundMethod.php(36): App\\Http\\Controllers\\SolicitudController->updateServicio()
#3 /var/www/html/sis_dbu/backend/vendor/illuminate/container/Util.php(37): Illuminate\\Container\\BoundMethod::Illuminate\\Container\\{closure}()
#4 /var/www/html/sis_dbu/backend/vendor/illuminate/container/BoundMethod.php(93): Illuminate\\Container\\Util::unwrapIfClosure()
#5 /var/www/html/sis_dbu/backend/vendor/illuminate/container/BoundMethod.php(37): Illuminate\\Container\\BoundMethod::callBoundMethod()
#6 /var/www/html/sis_dbu/backend/vendor/illuminate/container/Container.php(596): Illuminate\\Container\\BoundMethod::call()
#7 /var/www/html/sis_dbu/backend/vendor/laravel/lumen-framework/src/Concerns/RoutesRequests.php(386): Illuminate\\Container\\Container->call()
#8 /var/www/html/sis_dbu/backend/vendor/laravel/lumen-framework/src/Concerns/RoutesRequests.php(352): Laravel\\Lumen\\Application->callControllerCallable()
#9 /var/www/html/sis_dbu/backend/vendor/laravel/lumen-framework/src/Concerns/RoutesRequests.php(326): Laravel\\Lumen\\Application->callLumenController()
#10 /var/www/html/sis_dbu/backend/vendor/laravel/lumen-framework/src/Concerns/RoutesRequests.php(279): Laravel\\Lumen\\Application->callControllerAction()
#11 /var/www/html/sis_dbu/backend/vendor/laravel/lumen-framework/src/Concerns/RoutesRequests.php(259): Laravel\\Lumen\\Application->callActionOnArrayBasedRoute()
#12 [internal function]: Laravel\\Lumen\\Application->Laravel\\Lumen\\Concerns\\{closure}()
#13 /var/www/html/sis_dbu/backend/vendor/laravel/lumen-framework/src/Routing/Pipeline.php(48): call_user_func()
#14 /var/www/html/sis_dbu/backend/app/Http/Middleware/RestricLevel3.php(44): Laravel\\Lumen\\Routing\\Pipeline->Laravel\\Lumen\\Routing\\{closure}()
#15 /var/www/html/sis_dbu/backend/vendor/illuminate/pipeline/Pipeline.php(167): App\\Http\\Middleware\\RestricLevel3->handle()
#16 [internal function]: Illuminate\\Pipeline\\Pipeline->Illuminate\\Pipeline\\{closure}()
#17 /var/www/html/sis_dbu/backend/vendor/laravel/lumen-framework/src/Routing/Pipeline.php(30): call_user_func()
#18 /var/www/html/sis_dbu/backend/app/Http/Middleware/Authenticate.php(55): Laravel\\Lumen\\Routing\\Pipeline->Laravel\\Lumen\\Routing\\{closure}()
#19 /var/www/html/sis_dbu/backend/vendor/illuminate/pipeline/Pipeline.php(167): App\\Http\\Middleware\\Authenticate->handle()
#20 [internal function]: Illuminate\\Pipeline\\Pipeline->Illuminate\\Pipeline\\{closure}()
#21 /var/www/html/sis_dbu/backend/vendor/laravel/lumen-framework/src/Routing/Pipeline.php(30): call_user_func()
#22 /var/www/html/sis_dbu/backend/vendor/illuminate/pipeline/Pipeline.php(103): Laravel\\Lumen\\Routing\\Pipeline->Laravel\\Lumen\\Routing\\{closure}()
#23 /var/www/html/sis_dbu/backend/vendor/laravel/lumen-framework/src/Concerns/RoutesRequests.php(423): Illuminate\\Pipeline\\Pipeline->then()
#24 /var/www/html/sis_dbu/backend/vendor/laravel/lumen-framework/src/Concerns/RoutesRequests.php(260): Laravel\\Lumen\\Application->sendThroughPipeline()
#25 /var/www/html/sis_dbu/backend/vendor/laravel/lumen-framework/src/Concerns/RoutesRequests.php(166): Laravel\\Lumen\\Application->handleFoundRoute()
#26 [internal function]: Laravel\\Lumen\\Application->Laravel\\Lumen\\Concerns\\{closure}()
#27 /var/www/html/sis_dbu/backend/vendor/laravel/lumen-framework/src/Routing/Pipeline.php(48): call_user_func()
#28 /var/www/html/sis_dbu/backend/vendor/fruitcake/laravel-cors/src/HandleCors.php(52): Laravel\\Lumen\\Routing\\Pipeline->Laravel\\Lumen\\Routing\\{closure}()
#29 /var/www/html/sis_dbu/backend/vendor/illuminate/pipeline/Pipeline.php(167): Fruitcake\\Cors\\HandleCors->handle()
#30 [internal function]: Illuminate\\Pipeline\\Pipeline->Illuminate\\Pipeline\\{closure}()
#31 /var/www/html/sis_dbu/backend/vendor/laravel/lumen-framework/src/Routing/Pipeline.php(30): call_user_func()
#32 /var/www/html/sis_dbu/backend/vendor/illuminate/pipeline/Pipeline.php(103): Laravel\\Lumen\\Routing\\Pipeline->Laravel\\Lumen\\Routing\\{closure}()
#33 /var/www/html/sis_dbu/backend/vendor/laravel/lumen-framework/src/Concerns/RoutesRequests.php(423): Illuminate\\Pipeline\\Pipeline->then()
#34 /var/www/html/sis_dbu/backend/vendor/laravel/lumen-framework/src/Concerns/RoutesRequests.php(172): Laravel\\Lumen\\Application->sendThroughPipeline()
#35 /var/www/html/sis_dbu/backend/vendor/laravel/lumen-framework/src/Concerns/RoutesRequests.php(109): Laravel\\Lumen\\Application->dispatch()
#36 /var/www/html/sis_dbu/backend/index.php(28): Laravel\\Lumen\\Application->run()
#37 {main}
"} 
