[2025-06-01 19:53:19] local.ERROR: Call to a member function format() on null {"exception":"[object] (Error(code: 0): Call to a member function format() on null at /var/www/html/sis_dbu/backend/app/Http/Resources/Solicitud/SolicitudResource.php:22)
[stacktrace]
#0 /var/www/html/sis_dbu/backend/vendor/illuminate/support/HigherOrderCollectionProxy.php(60): App\\Http\\Resources\\Solicitud\\SolicitudResource->toArray()
#1 [internal function]: Illuminate\\Support\\HigherOrderCollectionProxy->Illuminate\\Support\\{closure}()
#2 /var/www/html/sis_dbu/backend/vendor/illuminate/support/Collection.php(638): array_map()
#3 /var/www/html/sis_dbu/backend/vendor/illuminate/support/HigherOrderCollectionProxy.php(61): Illuminate\\Support\\Collection->map()
#4 /var/www/html/sis_dbu/backend/vendor/illuminate/http/Resources/Json/ResourceCollection.php(100): Illuminate\\Support\\HigherOrderCollectionProxy->__call()
#5 /var/www/html/sis_dbu/backend/vendor/illuminate/http/Resources/Json/JsonResource.php(96): Illuminate\\Http\\Resources\\Json\\ResourceCollection->toArray()
#6 /var/www/html/sis_dbu/backend/vendor/illuminate/http/Resources/Json/JsonResource.php(232): Illuminate\\Http\\Resources\\Json\\JsonResource->resolve()
#7 [internal function]: Illuminate\\Http\\Resources\\Json\\JsonResource->jsonSerialize()
#8 /var/www/html/sis_dbu/backend/vendor/illuminate/http/JsonResponse.php(71): json_encode()
#9 /var/www/html/sis_dbu/backend/vendor/symfony/http-foundation/JsonResponse.php(54): Illuminate\\Http\\JsonResponse->setData()
#10 /var/www/html/sis_dbu/backend/vendor/illuminate/http/JsonResponse.php(31): Symfony\\Component\\HttpFoundation\\JsonResponse->__construct()
#11 /var/www/html/sis_dbu/backend/vendor/laravel/lumen-framework/src/Http/ResponseFactory.php(40): Illuminate\\Http\\JsonResponse->__construct()
#12 /var/www/html/sis_dbu/backend/app/Http/Response/Response.php(11): Laravel\\Lumen\\Http\\ResponseFactory->json()
#13 /var/www/html/sis_dbu/backend/app/Http/Controllers/SolicitudController.php(52): App\\Http\\Response\\Response::res()
#14 /var/www/html/sis_dbu/backend/vendor/illuminate/container/BoundMethod.php(36): App\\Http\\Controllers\\SolicitudController->index()
#15 /var/www/html/sis_dbu/backend/vendor/illuminate/container/Util.php(37): Illuminate\\Container\\BoundMethod::Illuminate\\Container\\{closure}()
#16 /var/www/html/sis_dbu/backend/vendor/illuminate/container/BoundMethod.php(93): Illuminate\\Container\\Util::unwrapIfClosure()
#17 /var/www/html/sis_dbu/backend/vendor/illuminate/container/BoundMethod.php(37): Illuminate\\Container\\BoundMethod::callBoundMethod()
#18 /var/www/html/sis_dbu/backend/vendor/illuminate/container/Container.php(596): Illuminate\\Container\\BoundMethod::call()
#19 /var/www/html/sis_dbu/backend/vendor/laravel/lumen-framework/src/Concerns/RoutesRequests.php(386): Illuminate\\Container\\Container->call()
#20 /var/www/html/sis_dbu/backend/vendor/laravel/lumen-framework/src/Concerns/RoutesRequests.php(352): Laravel\\Lumen\\Application->callControllerCallable()
#21 /var/www/html/sis_dbu/backend/vendor/laravel/lumen-framework/src/Concerns/RoutesRequests.php(326): Laravel\\Lumen\\Application->callLumenController()
#22 /var/www/html/sis_dbu/backend/vendor/laravel/lumen-framework/src/Concerns/RoutesRequests.php(279): Laravel\\Lumen\\Application->callControllerAction()
#23 /var/www/html/sis_dbu/backend/vendor/laravel/lumen-framework/src/Concerns/RoutesRequests.php(259): Laravel\\Lumen\\Application->callActionOnArrayBasedRoute()
#24 [internal function]: Laravel\\Lumen\\Application->Laravel\\Lumen\\Concerns\\{closure}()
#25 /var/www/html/sis_dbu/backend/vendor/laravel/lumen-framework/src/Routing/Pipeline.php(48): call_user_func()
#26 /var/www/html/sis_dbu/backend/app/Http/Middleware/RestricLevel3.php(44): Laravel\\Lumen\\Routing\\Pipeline->Laravel\\Lumen\\Routing\\{closure}()
#27 /var/www/html/sis_dbu/backend/vendor/illuminate/pipeline/Pipeline.php(167): App\\Http\\Middleware\\RestricLevel3->handle()
#28 [internal function]: Illuminate\\Pipeline\\Pipeline->Illuminate\\Pipeline\\{closure}()
#29 /var/www/html/sis_dbu/backend/vendor/laravel/lumen-framework/src/Routing/Pipeline.php(30): call_user_func()
#30 /var/www/html/sis_dbu/backend/app/Http/Middleware/Authenticate.php(55): Laravel\\Lumen\\Routing\\Pipeline->Laravel\\Lumen\\Routing\\{closure}()
#31 /var/www/html/sis_dbu/backend/vendor/illuminate/pipeline/Pipeline.php(167): App\\Http\\Middleware\\Authenticate->handle()
#32 [internal function]: Illuminate\\Pipeline\\Pipeline->Illuminate\\Pipeline\\{closure}()
#33 /var/www/html/sis_dbu/backend/vendor/laravel/lumen-framework/src/Routing/Pipeline.php(30): call_user_func()
#34 /var/www/html/sis_dbu/backend/vendor/illuminate/pipeline/Pipeline.php(103): Laravel\\Lumen\\Routing\\Pipeline->Laravel\\Lumen\\Routing\\{closure}()
#35 /var/www/html/sis_dbu/backend/vendor/laravel/lumen-framework/src/Concerns/RoutesRequests.php(423): Illuminate\\Pipeline\\Pipeline->then()
#36 /var/www/html/sis_dbu/backend/vendor/laravel/lumen-framework/src/Concerns/RoutesRequests.php(260): Laravel\\Lumen\\Application->sendThroughPipeline()
#37 /var/www/html/sis_dbu/backend/vendor/laravel/lumen-framework/src/Concerns/RoutesRequests.php(234): Laravel\\Lumen\\Application->handleFoundRoute()
#38 /var/www/html/sis_dbu/backend/vendor/laravel/lumen-framework/src/Concerns/RoutesRequests.php(170): Laravel\\Lumen\\Application->handleDispatcherResponse()
#39 [internal function]: Laravel\\Lumen\\Application->Laravel\\Lumen\\Concerns\\{closure}()
#40 /var/www/html/sis_dbu/backend/vendor/laravel/lumen-framework/src/Routing/Pipeline.php(48): call_user_func()
#41 /var/www/html/sis_dbu/backend/vendor/fruitcake/laravel-cors/src/HandleCors.php(52): Laravel\\Lumen\\Routing\\Pipeline->Laravel\\Lumen\\Routing\\{closure}()
#42 /var/www/html/sis_dbu/backend/vendor/illuminate/pipeline/Pipeline.php(167): Fruitcake\\Cors\\HandleCors->handle()
#43 [internal function]: Illuminate\\Pipeline\\Pipeline->Illuminate\\Pipeline\\{closure}()
#44 /var/www/html/sis_dbu/backend/vendor/laravel/lumen-framework/src/Routing/Pipeline.php(30): call_user_func()
#45 /var/www/html/sis_dbu/backend/vendor/illuminate/pipeline/Pipeline.php(103): Laravel\\Lumen\\Routing\\Pipeline->Laravel\\Lumen\\Routing\\{closure}()
#46 /var/www/html/sis_dbu/backend/vendor/laravel/lumen-framework/src/Concerns/RoutesRequests.php(423): Illuminate\\Pipeline\\Pipeline->then()
#47 /var/www/html/sis_dbu/backend/vendor/laravel/lumen-framework/src/Concerns/RoutesRequests.php(172): Laravel\\Lumen\\Application->sendThroughPipeline()
#48 /var/www/html/sis_dbu/backend/vendor/laravel/lumen-framework/src/Concerns/RoutesRequests.php(109): Laravel\\Lumen\\Application->dispatch()
#49 /var/www/html/sis_dbu/backend/index.php(28): Laravel\\Lumen\\Application->run()
#50 {main}
"} 
[2025-06-01 19:53:45] local.ERROR: Call to a member function format() on null {"exception":"[object] (Error(code: 0): Call to a member function format() on null at /var/www/html/sis_dbu/backend/app/Http/Resources/Solicitud/SolicitudResource.php:22)
[stacktrace]
#0 /var/www/html/sis_dbu/backend/vendor/illuminate/support/HigherOrderCollectionProxy.php(60): App\\Http\\Resources\\Solicitud\\SolicitudResource->toArray()
#1 [internal function]: Illuminate\\Support\\HigherOrderCollectionProxy->Illuminate\\Support\\{closure}()
#2 /var/www/html/sis_dbu/backend/vendor/illuminate/support/Collection.php(638): array_map()
#3 /var/www/html/sis_dbu/backend/vendor/illuminate/support/HigherOrderCollectionProxy.php(61): Illuminate\\Support\\Collection->map()
#4 /var/www/html/sis_dbu/backend/vendor/illuminate/http/Resources/Json/ResourceCollection.php(100): Illuminate\\Support\\HigherOrderCollectionProxy->__call()
#5 /var/www/html/sis_dbu/backend/vendor/illuminate/http/Resources/Json/JsonResource.php(96): Illuminate\\Http\\Resources\\Json\\ResourceCollection->toArray()
#6 /var/www/html/sis_dbu/backend/vendor/illuminate/http/Resources/Json/JsonResource.php(232): Illuminate\\Http\\Resources\\Json\\JsonResource->resolve()
#7 [internal function]: Illuminate\\Http\\Resources\\Json\\JsonResource->jsonSerialize()
#8 /var/www/html/sis_dbu/backend/vendor/illuminate/http/JsonResponse.php(71): json_encode()
#9 /var/www/html/sis_dbu/backend/vendor/symfony/http-foundation/JsonResponse.php(54): Illuminate\\Http\\JsonResponse->setData()
#10 /var/www/html/sis_dbu/backend/vendor/illuminate/http/JsonResponse.php(31): Symfony\\Component\\HttpFoundation\\JsonResponse->__construct()
#11 /var/www/html/sis_dbu/backend/vendor/laravel/lumen-framework/src/Http/ResponseFactory.php(40): Illuminate\\Http\\JsonResponse->__construct()
#12 /var/www/html/sis_dbu/backend/app/Http/Response/Response.php(11): Laravel\\Lumen\\Http\\ResponseFactory->json()
#13 /var/www/html/sis_dbu/backend/app/Http/Controllers/SolicitudController.php(52): App\\Http\\Response\\Response::res()
#14 /var/www/html/sis_dbu/backend/vendor/illuminate/container/BoundMethod.php(36): App\\Http\\Controllers\\SolicitudController->index()
#15 /var/www/html/sis_dbu/backend/vendor/illuminate/container/Util.php(37): Illuminate\\Container\\BoundMethod::Illuminate\\Container\\{closure}()
#16 /var/www/html/sis_dbu/backend/vendor/illuminate/container/BoundMethod.php(93): Illuminate\\Container\\Util::unwrapIfClosure()
#17 /var/www/html/sis_dbu/backend/vendor/illuminate/container/BoundMethod.php(37): Illuminate\\Container\\BoundMethod::callBoundMethod()
#18 /var/www/html/sis_dbu/backend/vendor/illuminate/container/Container.php(596): Illuminate\\Container\\BoundMethod::call()
#19 /var/www/html/sis_dbu/backend/vendor/laravel/lumen-framework/src/Concerns/RoutesRequests.php(386): Illuminate\\Container\\Container->call()
#20 /var/www/html/sis_dbu/backend/vendor/laravel/lumen-framework/src/Concerns/RoutesRequests.php(352): Laravel\\Lumen\\Application->callControllerCallable()
#21 /var/www/html/sis_dbu/backend/vendor/laravel/lumen-framework/src/Concerns/RoutesRequests.php(326): Laravel\\Lumen\\Application->callLumenController()
#22 /var/www/html/sis_dbu/backend/vendor/laravel/lumen-framework/src/Concerns/RoutesRequests.php(279): Laravel\\Lumen\\Application->callControllerAction()
#23 /var/www/html/sis_dbu/backend/vendor/laravel/lumen-framework/src/Concerns/RoutesRequests.php(259): Laravel\\Lumen\\Application->callActionOnArrayBasedRoute()
#24 [internal function]: Laravel\\Lumen\\Application->Laravel\\Lumen\\Concerns\\{closure}()
#25 /var/www/html/sis_dbu/backend/vendor/laravel/lumen-framework/src/Routing/Pipeline.php(48): call_user_func()
#26 /var/www/html/sis_dbu/backend/app/Http/Middleware/RestricLevel3.php(44): Laravel\\Lumen\\Routing\\Pipeline->Laravel\\Lumen\\Routing\\{closure}()
#27 /var/www/html/sis_dbu/backend/vendor/illuminate/pipeline/Pipeline.php(167): App\\Http\\Middleware\\RestricLevel3->handle()
#28 [internal function]: Illuminate\\Pipeline\\Pipeline->Illuminate\\Pipeline\\{closure}()
#29 /var/www/html/sis_dbu/backend/vendor/laravel/lumen-framework/src/Routing/Pipeline.php(30): call_user_func()
#30 /var/www/html/sis_dbu/backend/app/Http/Middleware/Authenticate.php(55): Laravel\\Lumen\\Routing\\Pipeline->Laravel\\Lumen\\Routing\\{closure}()
#31 /var/www/html/sis_dbu/backend/vendor/illuminate/pipeline/Pipeline.php(167): App\\Http\\Middleware\\Authenticate->handle()
#32 [internal function]: Illuminate\\Pipeline\\Pipeline->Illuminate\\Pipeline\\{closure}()
#33 /var/www/html/sis_dbu/backend/vendor/laravel/lumen-framework/src/Routing/Pipeline.php(30): call_user_func()
#34 /var/www/html/sis_dbu/backend/vendor/illuminate/pipeline/Pipeline.php(103): Laravel\\Lumen\\Routing\\Pipeline->Laravel\\Lumen\\Routing\\{closure}()
#35 /var/www/html/sis_dbu/backend/vendor/laravel/lumen-framework/src/Concerns/RoutesRequests.php(423): Illuminate\\Pipeline\\Pipeline->then()
#36 /var/www/html/sis_dbu/backend/vendor/laravel/lumen-framework/src/Concerns/RoutesRequests.php(260): Laravel\\Lumen\\Application->sendThroughPipeline()
#37 /var/www/html/sis_dbu/backend/vendor/laravel/lumen-framework/src/Concerns/RoutesRequests.php(234): Laravel\\Lumen\\Application->handleFoundRoute()
#38 /var/www/html/sis_dbu/backend/vendor/laravel/lumen-framework/src/Concerns/RoutesRequests.php(170): Laravel\\Lumen\\Application->handleDispatcherResponse()
#39 [internal function]: Laravel\\Lumen\\Application->Laravel\\Lumen\\Concerns\\{closure}()
#40 /var/www/html/sis_dbu/backend/vendor/laravel/lumen-framework/src/Routing/Pipeline.php(48): call_user_func()
#41 /var/www/html/sis_dbu/backend/vendor/fruitcake/laravel-cors/src/HandleCors.php(52): Laravel\\Lumen\\Routing\\Pipeline->Laravel\\Lumen\\Routing\\{closure}()
#42 /var/www/html/sis_dbu/backend/vendor/illuminate/pipeline/Pipeline.php(167): Fruitcake\\Cors\\HandleCors->handle()
#43 [internal function]: Illuminate\\Pipeline\\Pipeline->Illuminate\\Pipeline\\{closure}()
#44 /var/www/html/sis_dbu/backend/vendor/laravel/lumen-framework/src/Routing/Pipeline.php(30): call_user_func()
#45 /var/www/html/sis_dbu/backend/vendor/illuminate/pipeline/Pipeline.php(103): Laravel\\Lumen\\Routing\\Pipeline->Laravel\\Lumen\\Routing\\{closure}()
#46 /var/www/html/sis_dbu/backend/vendor/laravel/lumen-framework/src/Concerns/RoutesRequests.php(423): Illuminate\\Pipeline\\Pipeline->then()
#47 /var/www/html/sis_dbu/backend/vendor/laravel/lumen-framework/src/Concerns/RoutesRequests.php(172): Laravel\\Lumen\\Application->sendThroughPipeline()
#48 /var/www/html/sis_dbu/backend/vendor/laravel/lumen-framework/src/Concerns/RoutesRequests.php(109): Laravel\\Lumen\\Application->dispatch()
#49 /var/www/html/sis_dbu/backend/index.php(28): Laravel\\Lumen\\Application->run()
#50 {main}
"} 
[2025-06-01 19:54:47] local.ERROR: Call to a member function format() on null {"exception":"[object] (Error(code: 0): Call to a member function format() on null at /var/www/html/sis_dbu/backend/app/Http/Resources/Solicitud/SolicitudResource.php:22)
[stacktrace]
#0 /var/www/html/sis_dbu/backend/vendor/illuminate/support/HigherOrderCollectionProxy.php(60): App\\Http\\Resources\\Solicitud\\SolicitudResource->toArray()
#1 [internal function]: Illuminate\\Support\\HigherOrderCollectionProxy->Illuminate\\Support\\{closure}()
#2 /var/www/html/sis_dbu/backend/vendor/illuminate/support/Collection.php(638): array_map()
#3 /var/www/html/sis_dbu/backend/vendor/illuminate/support/HigherOrderCollectionProxy.php(61): Illuminate\\Support\\Collection->map()
#4 /var/www/html/sis_dbu/backend/vendor/illuminate/http/Resources/Json/ResourceCollection.php(100): Illuminate\\Support\\HigherOrderCollectionProxy->__call()
#5 /var/www/html/sis_dbu/backend/vendor/illuminate/http/Resources/Json/JsonResource.php(96): Illuminate\\Http\\Resources\\Json\\ResourceCollection->toArray()
#6 /var/www/html/sis_dbu/backend/vendor/illuminate/http/Resources/Json/JsonResource.php(232): Illuminate\\Http\\Resources\\Json\\JsonResource->resolve()
#7 [internal function]: Illuminate\\Http\\Resources\\Json\\JsonResource->jsonSerialize()
#8 /var/www/html/sis_dbu/backend/vendor/illuminate/http/JsonResponse.php(71): json_encode()
#9 /var/www/html/sis_dbu/backend/vendor/symfony/http-foundation/JsonResponse.php(54): Illuminate\\Http\\JsonResponse->setData()
#10 /var/www/html/sis_dbu/backend/vendor/illuminate/http/JsonResponse.php(31): Symfony\\Component\\HttpFoundation\\JsonResponse->__construct()
#11 /var/www/html/sis_dbu/backend/vendor/laravel/lumen-framework/src/Http/ResponseFactory.php(40): Illuminate\\Http\\JsonResponse->__construct()
#12 /var/www/html/sis_dbu/backend/app/Http/Response/Response.php(11): Laravel\\Lumen\\Http\\ResponseFactory->json()
#13 /var/www/html/sis_dbu/backend/app/Http/Controllers/SolicitudController.php(52): App\\Http\\Response\\Response::res()
#14 /var/www/html/sis_dbu/backend/vendor/illuminate/container/BoundMethod.php(36): App\\Http\\Controllers\\SolicitudController->index()
#15 /var/www/html/sis_dbu/backend/vendor/illuminate/container/Util.php(37): Illuminate\\Container\\BoundMethod::Illuminate\\Container\\{closure}()
#16 /var/www/html/sis_dbu/backend/vendor/illuminate/container/BoundMethod.php(93): Illuminate\\Container\\Util::unwrapIfClosure()
#17 /var/www/html/sis_dbu/backend/vendor/illuminate/container/BoundMethod.php(37): Illuminate\\Container\\BoundMethod::callBoundMethod()
#18 /var/www/html/sis_dbu/backend/vendor/illuminate/container/Container.php(596): Illuminate\\Container\\BoundMethod::call()
#19 /var/www/html/sis_dbu/backend/vendor/laravel/lumen-framework/src/Concerns/RoutesRequests.php(386): Illuminate\\Container\\Container->call()
#20 /var/www/html/sis_dbu/backend/vendor/laravel/lumen-framework/src/Concerns/RoutesRequests.php(352): Laravel\\Lumen\\Application->callControllerCallable()
#21 /var/www/html/sis_dbu/backend/vendor/laravel/lumen-framework/src/Concerns/RoutesRequests.php(326): Laravel\\Lumen\\Application->callLumenController()
#22 /var/www/html/sis_dbu/backend/vendor/laravel/lumen-framework/src/Concerns/RoutesRequests.php(279): Laravel\\Lumen\\Application->callControllerAction()
#23 /var/www/html/sis_dbu/backend/vendor/laravel/lumen-framework/src/Concerns/RoutesRequests.php(259): Laravel\\Lumen\\Application->callActionOnArrayBasedRoute()
#24 [internal function]: Laravel\\Lumen\\Application->Laravel\\Lumen\\Concerns\\{closure}()
#25 /var/www/html/sis_dbu/backend/vendor/laravel/lumen-framework/src/Routing/Pipeline.php(48): call_user_func()
#26 /var/www/html/sis_dbu/backend/app/Http/Middleware/RestricLevel3.php(44): Laravel\\Lumen\\Routing\\Pipeline->Laravel\\Lumen\\Routing\\{closure}()
#27 /var/www/html/sis_dbu/backend/vendor/illuminate/pipeline/Pipeline.php(167): App\\Http\\Middleware\\RestricLevel3->handle()
#28 [internal function]: Illuminate\\Pipeline\\Pipeline->Illuminate\\Pipeline\\{closure}()
#29 /var/www/html/sis_dbu/backend/vendor/laravel/lumen-framework/src/Routing/Pipeline.php(30): call_user_func()
#30 /var/www/html/sis_dbu/backend/app/Http/Middleware/Authenticate.php(55): Laravel\\Lumen\\Routing\\Pipeline->Laravel\\Lumen\\Routing\\{closure}()
#31 /var/www/html/sis_dbu/backend/vendor/illuminate/pipeline/Pipeline.php(167): App\\Http\\Middleware\\Authenticate->handle()
#32 [internal function]: Illuminate\\Pipeline\\Pipeline->Illuminate\\Pipeline\\{closure}()
#33 /var/www/html/sis_dbu/backend/vendor/laravel/lumen-framework/src/Routing/Pipeline.php(30): call_user_func()
#34 /var/www/html/sis_dbu/backend/vendor/illuminate/pipeline/Pipeline.php(103): Laravel\\Lumen\\Routing\\Pipeline->Laravel\\Lumen\\Routing\\{closure}()
#35 /var/www/html/sis_dbu/backend/vendor/laravel/lumen-framework/src/Concerns/RoutesRequests.php(423): Illuminate\\Pipeline\\Pipeline->then()
#36 /var/www/html/sis_dbu/backend/vendor/laravel/lumen-framework/src/Concerns/RoutesRequests.php(260): Laravel\\Lumen\\Application->sendThroughPipeline()
#37 /var/www/html/sis_dbu/backend/vendor/laravel/lumen-framework/src/Concerns/RoutesRequests.php(234): Laravel\\Lumen\\Application->handleFoundRoute()
#38 /var/www/html/sis_dbu/backend/vendor/laravel/lumen-framework/src/Concerns/RoutesRequests.php(170): Laravel\\Lumen\\Application->handleDispatcherResponse()
#39 [internal function]: Laravel\\Lumen\\Application->Laravel\\Lumen\\Concerns\\{closure}()
#40 /var/www/html/sis_dbu/backend/vendor/laravel/lumen-framework/src/Routing/Pipeline.php(48): call_user_func()
#41 /var/www/html/sis_dbu/backend/vendor/fruitcake/laravel-cors/src/HandleCors.php(52): Laravel\\Lumen\\Routing\\Pipeline->Laravel\\Lumen\\Routing\\{closure}()
#42 /var/www/html/sis_dbu/backend/vendor/illuminate/pipeline/Pipeline.php(167): Fruitcake\\Cors\\HandleCors->handle()
#43 [internal function]: Illuminate\\Pipeline\\Pipeline->Illuminate\\Pipeline\\{closure}()
#44 /var/www/html/sis_dbu/backend/vendor/laravel/lumen-framework/src/Routing/Pipeline.php(30): call_user_func()
#45 /var/www/html/sis_dbu/backend/vendor/illuminate/pipeline/Pipeline.php(103): Laravel\\Lumen\\Routing\\Pipeline->Laravel\\Lumen\\Routing\\{closure}()
#46 /var/www/html/sis_dbu/backend/vendor/laravel/lumen-framework/src/Concerns/RoutesRequests.php(423): Illuminate\\Pipeline\\Pipeline->then()
#47 /var/www/html/sis_dbu/backend/vendor/laravel/lumen-framework/src/Concerns/RoutesRequests.php(172): Laravel\\Lumen\\Application->sendThroughPipeline()
#48 /var/www/html/sis_dbu/backend/vendor/laravel/lumen-framework/src/Concerns/RoutesRequests.php(109): Laravel\\Lumen\\Application->dispatch()
#49 /var/www/html/sis_dbu/backend/index.php(28): Laravel\\Lumen\\Application->run()
#50 {main}
"} 
[2025-06-01 19:56:34] local.ERROR: Call to a member function format() on null {"exception":"[object] (Error(code: 0): Call to a member function format() on null at /var/www/html/sis_dbu/backend/app/Http/Resources/Solicitud/SolicitudResource.php:22)
[stacktrace]
#0 /var/www/html/sis_dbu/backend/vendor/illuminate/support/HigherOrderCollectionProxy.php(60): App\\Http\\Resources\\Solicitud\\SolicitudResource->toArray()
#1 [internal function]: Illuminate\\Support\\HigherOrderCollectionProxy->Illuminate\\Support\\{closure}()
#2 /var/www/html/sis_dbu/backend/vendor/illuminate/support/Collection.php(638): array_map()
#3 /var/www/html/sis_dbu/backend/vendor/illuminate/support/HigherOrderCollectionProxy.php(61): Illuminate\\Support\\Collection->map()
#4 /var/www/html/sis_dbu/backend/vendor/illuminate/http/Resources/Json/ResourceCollection.php(100): Illuminate\\Support\\HigherOrderCollectionProxy->__call()
#5 /var/www/html/sis_dbu/backend/vendor/illuminate/http/Resources/Json/JsonResource.php(96): Illuminate\\Http\\Resources\\Json\\ResourceCollection->toArray()
#6 /var/www/html/sis_dbu/backend/vendor/illuminate/http/Resources/Json/JsonResource.php(232): Illuminate\\Http\\Resources\\Json\\JsonResource->resolve()
#7 [internal function]: Illuminate\\Http\\Resources\\Json\\JsonResource->jsonSerialize()
#8 /var/www/html/sis_dbu/backend/vendor/illuminate/http/JsonResponse.php(71): json_encode()
#9 /var/www/html/sis_dbu/backend/vendor/symfony/http-foundation/JsonResponse.php(54): Illuminate\\Http\\JsonResponse->setData()
#10 /var/www/html/sis_dbu/backend/vendor/illuminate/http/JsonResponse.php(31): Symfony\\Component\\HttpFoundation\\JsonResponse->__construct()
#11 /var/www/html/sis_dbu/backend/vendor/laravel/lumen-framework/src/Http/ResponseFactory.php(40): Illuminate\\Http\\JsonResponse->__construct()
#12 /var/www/html/sis_dbu/backend/app/Http/Response/Response.php(11): Laravel\\Lumen\\Http\\ResponseFactory->json()
#13 /var/www/html/sis_dbu/backend/app/Http/Controllers/SolicitudController.php(52): App\\Http\\Response\\Response::res()
#14 /var/www/html/sis_dbu/backend/vendor/illuminate/container/BoundMethod.php(36): App\\Http\\Controllers\\SolicitudController->index()
#15 /var/www/html/sis_dbu/backend/vendor/illuminate/container/Util.php(37): Illuminate\\Container\\BoundMethod::Illuminate\\Container\\{closure}()
#16 /var/www/html/sis_dbu/backend/vendor/illuminate/container/BoundMethod.php(93): Illuminate\\Container\\Util::unwrapIfClosure()
#17 /var/www/html/sis_dbu/backend/vendor/illuminate/container/BoundMethod.php(37): Illuminate\\Container\\BoundMethod::callBoundMethod()
#18 /var/www/html/sis_dbu/backend/vendor/illuminate/container/Container.php(596): Illuminate\\Container\\BoundMethod::call()
#19 /var/www/html/sis_dbu/backend/vendor/laravel/lumen-framework/src/Concerns/RoutesRequests.php(386): Illuminate\\Container\\Container->call()
#20 /var/www/html/sis_dbu/backend/vendor/laravel/lumen-framework/src/Concerns/RoutesRequests.php(352): Laravel\\Lumen\\Application->callControllerCallable()
#21 /var/www/html/sis_dbu/backend/vendor/laravel/lumen-framework/src/Concerns/RoutesRequests.php(326): Laravel\\Lumen\\Application->callLumenController()
#22 /var/www/html/sis_dbu/backend/vendor/laravel/lumen-framework/src/Concerns/RoutesRequests.php(279): Laravel\\Lumen\\Application->callControllerAction()
#23 /var/www/html/sis_dbu/backend/vendor/laravel/lumen-framework/src/Concerns/RoutesRequests.php(259): Laravel\\Lumen\\Application->callActionOnArrayBasedRoute()
#24 [internal function]: Laravel\\Lumen\\Application->Laravel\\Lumen\\Concerns\\{closure}()
#25 /var/www/html/sis_dbu/backend/vendor/laravel/lumen-framework/src/Routing/Pipeline.php(48): call_user_func()
#26 /var/www/html/sis_dbu/backend/app/Http/Middleware/RestricLevel3.php(44): Laravel\\Lumen\\Routing\\Pipeline->Laravel\\Lumen\\Routing\\{closure}()
#27 /var/www/html/sis_dbu/backend/vendor/illuminate/pipeline/Pipeline.php(167): App\\Http\\Middleware\\RestricLevel3->handle()
#28 [internal function]: Illuminate\\Pipeline\\Pipeline->Illuminate\\Pipeline\\{closure}()
#29 /var/www/html/sis_dbu/backend/vendor/laravel/lumen-framework/src/Routing/Pipeline.php(30): call_user_func()
#30 /var/www/html/sis_dbu/backend/app/Http/Middleware/Authenticate.php(55): Laravel\\Lumen\\Routing\\Pipeline->Laravel\\Lumen\\Routing\\{closure}()
#31 /var/www/html/sis_dbu/backend/vendor/illuminate/pipeline/Pipeline.php(167): App\\Http\\Middleware\\Authenticate->handle()
#32 [internal function]: Illuminate\\Pipeline\\Pipeline->Illuminate\\Pipeline\\{closure}()
#33 /var/www/html/sis_dbu/backend/vendor/laravel/lumen-framework/src/Routing/Pipeline.php(30): call_user_func()
#34 /var/www/html/sis_dbu/backend/vendor/illuminate/pipeline/Pipeline.php(103): Laravel\\Lumen\\Routing\\Pipeline->Laravel\\Lumen\\Routing\\{closure}()
#35 /var/www/html/sis_dbu/backend/vendor/laravel/lumen-framework/src/Concerns/RoutesRequests.php(423): Illuminate\\Pipeline\\Pipeline->then()
#36 /var/www/html/sis_dbu/backend/vendor/laravel/lumen-framework/src/Concerns/RoutesRequests.php(260): Laravel\\Lumen\\Application->sendThroughPipeline()
#37 /var/www/html/sis_dbu/backend/vendor/laravel/lumen-framework/src/Concerns/RoutesRequests.php(234): Laravel\\Lumen\\Application->handleFoundRoute()
#38 /var/www/html/sis_dbu/backend/vendor/laravel/lumen-framework/src/Concerns/RoutesRequests.php(170): Laravel\\Lumen\\Application->handleDispatcherResponse()
#39 [internal function]: Laravel\\Lumen\\Application->Laravel\\Lumen\\Concerns\\{closure}()
#40 /var/www/html/sis_dbu/backend/vendor/laravel/lumen-framework/src/Routing/Pipeline.php(48): call_user_func()
#41 /var/www/html/sis_dbu/backend/vendor/fruitcake/laravel-cors/src/HandleCors.php(52): Laravel\\Lumen\\Routing\\Pipeline->Laravel\\Lumen\\Routing\\{closure}()
#42 /var/www/html/sis_dbu/backend/vendor/illuminate/pipeline/Pipeline.php(167): Fruitcake\\Cors\\HandleCors->handle()
#43 [internal function]: Illuminate\\Pipeline\\Pipeline->Illuminate\\Pipeline\\{closure}()
#44 /var/www/html/sis_dbu/backend/vendor/laravel/lumen-framework/src/Routing/Pipeline.php(30): call_user_func()
#45 /var/www/html/sis_dbu/backend/vendor/illuminate/pipeline/Pipeline.php(103): Laravel\\Lumen\\Routing\\Pipeline->Laravel\\Lumen\\Routing\\{closure}()
#46 /var/www/html/sis_dbu/backend/vendor/laravel/lumen-framework/src/Concerns/RoutesRequests.php(423): Illuminate\\Pipeline\\Pipeline->then()
#47 /var/www/html/sis_dbu/backend/vendor/laravel/lumen-framework/src/Concerns/RoutesRequests.php(172): Laravel\\Lumen\\Application->sendThroughPipeline()
#48 /var/www/html/sis_dbu/backend/vendor/laravel/lumen-framework/src/Concerns/RoutesRequests.php(109): Laravel\\Lumen\\Application->dispatch()
#49 /var/www/html/sis_dbu/backend/index.php(28): Laravel\\Lumen\\Application->run()
#50 {main}
"} 
[2025-06-01 20:05:29] local.ERROR: Call to a member function format() on null {"exception":"[object] (Error(code: 0): Call to a member function format() on null at /var/www/html/sis_dbu/backend/app/Http/Resources/Solicitud/SolicitudResource.php:22)
[stacktrace]
#0 /var/www/html/sis_dbu/backend/vendor/illuminate/support/HigherOrderCollectionProxy.php(60): App\\Http\\Resources\\Solicitud\\SolicitudResource->toArray()
#1 [internal function]: Illuminate\\Support\\HigherOrderCollectionProxy->Illuminate\\Support\\{closure}()
#2 /var/www/html/sis_dbu/backend/vendor/illuminate/support/Collection.php(638): array_map()
#3 /var/www/html/sis_dbu/backend/vendor/illuminate/support/HigherOrderCollectionProxy.php(61): Illuminate\\Support\\Collection->map()
#4 /var/www/html/sis_dbu/backend/vendor/illuminate/http/Resources/Json/ResourceCollection.php(100): Illuminate\\Support\\HigherOrderCollectionProxy->__call()
#5 /var/www/html/sis_dbu/backend/vendor/illuminate/http/Resources/Json/JsonResource.php(96): Illuminate\\Http\\Resources\\Json\\ResourceCollection->toArray()
#6 /var/www/html/sis_dbu/backend/vendor/illuminate/http/Resources/Json/JsonResource.php(232): Illuminate\\Http\\Resources\\Json\\JsonResource->resolve()
#7 [internal function]: Illuminate\\Http\\Resources\\Json\\JsonResource->jsonSerialize()
#8 /var/www/html/sis_dbu/backend/vendor/illuminate/http/JsonResponse.php(71): json_encode()
#9 /var/www/html/sis_dbu/backend/vendor/symfony/http-foundation/JsonResponse.php(54): Illuminate\\Http\\JsonResponse->setData()
#10 /var/www/html/sis_dbu/backend/vendor/illuminate/http/JsonResponse.php(31): Symfony\\Component\\HttpFoundation\\JsonResponse->__construct()
#11 /var/www/html/sis_dbu/backend/vendor/laravel/lumen-framework/src/Http/ResponseFactory.php(40): Illuminate\\Http\\JsonResponse->__construct()
#12 /var/www/html/sis_dbu/backend/app/Http/Response/Response.php(11): Laravel\\Lumen\\Http\\ResponseFactory->json()
#13 /var/www/html/sis_dbu/backend/app/Http/Controllers/SolicitudController.php(52): App\\Http\\Response\\Response::res()
#14 /var/www/html/sis_dbu/backend/vendor/illuminate/container/BoundMethod.php(36): App\\Http\\Controllers\\SolicitudController->index()
#15 /var/www/html/sis_dbu/backend/vendor/illuminate/container/Util.php(37): Illuminate\\Container\\BoundMethod::Illuminate\\Container\\{closure}()
#16 /var/www/html/sis_dbu/backend/vendor/illuminate/container/BoundMethod.php(93): Illuminate\\Container\\Util::unwrapIfClosure()
#17 /var/www/html/sis_dbu/backend/vendor/illuminate/container/BoundMethod.php(37): Illuminate\\Container\\BoundMethod::callBoundMethod()
#18 /var/www/html/sis_dbu/backend/vendor/illuminate/container/Container.php(596): Illuminate\\Container\\BoundMethod::call()
#19 /var/www/html/sis_dbu/backend/vendor/laravel/lumen-framework/src/Concerns/RoutesRequests.php(386): Illuminate\\Container\\Container->call()
#20 /var/www/html/sis_dbu/backend/vendor/laravel/lumen-framework/src/Concerns/RoutesRequests.php(352): Laravel\\Lumen\\Application->callControllerCallable()
#21 /var/www/html/sis_dbu/backend/vendor/laravel/lumen-framework/src/Concerns/RoutesRequests.php(326): Laravel\\Lumen\\Application->callLumenController()
#22 /var/www/html/sis_dbu/backend/vendor/laravel/lumen-framework/src/Concerns/RoutesRequests.php(279): Laravel\\Lumen\\Application->callControllerAction()
#23 /var/www/html/sis_dbu/backend/vendor/laravel/lumen-framework/src/Concerns/RoutesRequests.php(259): Laravel\\Lumen\\Application->callActionOnArrayBasedRoute()
#24 [internal function]: Laravel\\Lumen\\Application->Laravel\\Lumen\\Concerns\\{closure}()
#25 /var/www/html/sis_dbu/backend/vendor/laravel/lumen-framework/src/Routing/Pipeline.php(48): call_user_func()
#26 /var/www/html/sis_dbu/backend/app/Http/Middleware/RestricLevel3.php(44): Laravel\\Lumen\\Routing\\Pipeline->Laravel\\Lumen\\Routing\\{closure}()
#27 /var/www/html/sis_dbu/backend/vendor/illuminate/pipeline/Pipeline.php(167): App\\Http\\Middleware\\RestricLevel3->handle()
#28 [internal function]: Illuminate\\Pipeline\\Pipeline->Illuminate\\Pipeline\\{closure}()
#29 /var/www/html/sis_dbu/backend/vendor/laravel/lumen-framework/src/Routing/Pipeline.php(30): call_user_func()
#30 /var/www/html/sis_dbu/backend/app/Http/Middleware/Authenticate.php(55): Laravel\\Lumen\\Routing\\Pipeline->Laravel\\Lumen\\Routing\\{closure}()
#31 /var/www/html/sis_dbu/backend/vendor/illuminate/pipeline/Pipeline.php(167): App\\Http\\Middleware\\Authenticate->handle()
#32 [internal function]: Illuminate\\Pipeline\\Pipeline->Illuminate\\Pipeline\\{closure}()
#33 /var/www/html/sis_dbu/backend/vendor/laravel/lumen-framework/src/Routing/Pipeline.php(30): call_user_func()
#34 /var/www/html/sis_dbu/backend/vendor/illuminate/pipeline/Pipeline.php(103): Laravel\\Lumen\\Routing\\Pipeline->Laravel\\Lumen\\Routing\\{closure}()
#35 /var/www/html/sis_dbu/backend/vendor/laravel/lumen-framework/src/Concerns/RoutesRequests.php(423): Illuminate\\Pipeline\\Pipeline->then()
#36 /var/www/html/sis_dbu/backend/vendor/laravel/lumen-framework/src/Concerns/RoutesRequests.php(260): Laravel\\Lumen\\Application->sendThroughPipeline()
#37 /var/www/html/sis_dbu/backend/vendor/laravel/lumen-framework/src/Concerns/RoutesRequests.php(234): Laravel\\Lumen\\Application->handleFoundRoute()
#38 /var/www/html/sis_dbu/backend/vendor/laravel/lumen-framework/src/Concerns/RoutesRequests.php(170): Laravel\\Lumen\\Application->handleDispatcherResponse()
#39 [internal function]: Laravel\\Lumen\\Application->Laravel\\Lumen\\Concerns\\{closure}()
#40 /var/www/html/sis_dbu/backend/vendor/laravel/lumen-framework/src/Routing/Pipeline.php(48): call_user_func()
#41 /var/www/html/sis_dbu/backend/vendor/fruitcake/laravel-cors/src/HandleCors.php(52): Laravel\\Lumen\\Routing\\Pipeline->Laravel\\Lumen\\Routing\\{closure}()
#42 /var/www/html/sis_dbu/backend/vendor/illuminate/pipeline/Pipeline.php(167): Fruitcake\\Cors\\HandleCors->handle()
#43 [internal function]: Illuminate\\Pipeline\\Pipeline->Illuminate\\Pipeline\\{closure}()
#44 /var/www/html/sis_dbu/backend/vendor/laravel/lumen-framework/src/Routing/Pipeline.php(30): call_user_func()
#45 /var/www/html/sis_dbu/backend/vendor/illuminate/pipeline/Pipeline.php(103): Laravel\\Lumen\\Routing\\Pipeline->Laravel\\Lumen\\Routing\\{closure}()
#46 /var/www/html/sis_dbu/backend/vendor/laravel/lumen-framework/src/Concerns/RoutesRequests.php(423): Illuminate\\Pipeline\\Pipeline->then()
#47 /var/www/html/sis_dbu/backend/vendor/laravel/lumen-framework/src/Concerns/RoutesRequests.php(172): Laravel\\Lumen\\Application->sendThroughPipeline()
#48 /var/www/html/sis_dbu/backend/vendor/laravel/lumen-framework/src/Concerns/RoutesRequests.php(109): Laravel\\Lumen\\Application->dispatch()
#49 /var/www/html/sis_dbu/backend/index.php(28): Laravel\\Lumen\\Application->run()
#50 {main}
"} 
[2025-06-01 23:57:23] local.ERROR: Undefined offset: 2 {"exception":"[object] (ErrorException(code: 0): Undefined offset: 2 at /var/www/html/sis_dbu/backend/vendor/illuminate/support/Collection.php:1362)
[stacktrace]
#0 /var/www/html/sis_dbu/backend/vendor/illuminate/support/Collection.php(1362): Laravel\\Lumen\\Application->Laravel\\Lumen\\Concerns\\{closure}()
#1 /var/www/html/sis_dbu/backend/app/Services/Solicitud/ShowSolicitudService.php(18): Illuminate\\Support\\Collection->offsetGet()
#2 /var/www/html/sis_dbu/backend/app/Http/Controllers/SolicitudController.php(70): App\\Services\\Solicitud\\ShowSolicitudService->show()
#3 /var/www/html/sis_dbu/backend/vendor/illuminate/container/BoundMethod.php(36): App\\Http\\Controllers\\SolicitudController->show()
#4 /var/www/html/sis_dbu/backend/vendor/illuminate/container/Util.php(37): Illuminate\\Container\\BoundMethod::Illuminate\\Container\\{closure}()
#5 /var/www/html/sis_dbu/backend/vendor/illuminate/container/BoundMethod.php(93): Illuminate\\Container\\Util::unwrapIfClosure()
#6 /var/www/html/sis_dbu/backend/vendor/illuminate/container/BoundMethod.php(37): Illuminate\\Container\\BoundMethod::callBoundMethod()
#7 /var/www/html/sis_dbu/backend/vendor/illuminate/container/Container.php(596): Illuminate\\Container\\BoundMethod::call()
#8 /var/www/html/sis_dbu/backend/vendor/laravel/lumen-framework/src/Concerns/RoutesRequests.php(386): Illuminate\\Container\\Container->call()
#9 /var/www/html/sis_dbu/backend/vendor/laravel/lumen-framework/src/Concerns/RoutesRequests.php(352): Laravel\\Lumen\\Application->callControllerCallable()
#10 /var/www/html/sis_dbu/backend/vendor/laravel/lumen-framework/src/Concerns/RoutesRequests.php(326): Laravel\\Lumen\\Application->callLumenController()
#11 /var/www/html/sis_dbu/backend/vendor/laravel/lumen-framework/src/Concerns/RoutesRequests.php(279): Laravel\\Lumen\\Application->callControllerAction()
#12 /var/www/html/sis_dbu/backend/vendor/laravel/lumen-framework/src/Concerns/RoutesRequests.php(259): Laravel\\Lumen\\Application->callActionOnArrayBasedRoute()
#13 [internal function]: Laravel\\Lumen\\Application->Laravel\\Lumen\\Concerns\\{closure}()
#14 /var/www/html/sis_dbu/backend/vendor/laravel/lumen-framework/src/Routing/Pipeline.php(48): call_user_func()
#15 /var/www/html/sis_dbu/backend/app/Http/Middleware/RestricLevel3.php(44): Laravel\\Lumen\\Routing\\Pipeline->Laravel\\Lumen\\Routing\\{closure}()
#16 /var/www/html/sis_dbu/backend/vendor/illuminate/pipeline/Pipeline.php(167): App\\Http\\Middleware\\RestricLevel3->handle()
#17 [internal function]: Illuminate\\Pipeline\\Pipeline->Illuminate\\Pipeline\\{closure}()
#18 /var/www/html/sis_dbu/backend/vendor/laravel/lumen-framework/src/Routing/Pipeline.php(30): call_user_func()
#19 /var/www/html/sis_dbu/backend/app/Http/Middleware/Authenticate.php(55): Laravel\\Lumen\\Routing\\Pipeline->Laravel\\Lumen\\Routing\\{closure}()
#20 /var/www/html/sis_dbu/backend/vendor/illuminate/pipeline/Pipeline.php(167): App\\Http\\Middleware\\Authenticate->handle()
#21 [internal function]: Illuminate\\Pipeline\\Pipeline->Illuminate\\Pipeline\\{closure}()
#22 /var/www/html/sis_dbu/backend/vendor/laravel/lumen-framework/src/Routing/Pipeline.php(30): call_user_func()
#23 /var/www/html/sis_dbu/backend/vendor/illuminate/pipeline/Pipeline.php(103): Laravel\\Lumen\\Routing\\Pipeline->Laravel\\Lumen\\Routing\\{closure}()
#24 /var/www/html/sis_dbu/backend/vendor/laravel/lumen-framework/src/Concerns/RoutesRequests.php(423): Illuminate\\Pipeline\\Pipeline->then()
#25 /var/www/html/sis_dbu/backend/vendor/laravel/lumen-framework/src/Concerns/RoutesRequests.php(260): Laravel\\Lumen\\Application->sendThroughPipeline()
#26 /var/www/html/sis_dbu/backend/vendor/laravel/lumen-framework/src/Concerns/RoutesRequests.php(234): Laravel\\Lumen\\Application->handleFoundRoute()
#27 /var/www/html/sis_dbu/backend/vendor/laravel/lumen-framework/src/Concerns/RoutesRequests.php(170): Laravel\\Lumen\\Application->handleDispatcherResponse()
#28 [internal function]: Laravel\\Lumen\\Application->Laravel\\Lumen\\Concerns\\{closure}()
#29 /var/www/html/sis_dbu/backend/vendor/laravel/lumen-framework/src/Routing/Pipeline.php(48): call_user_func()
#30 /var/www/html/sis_dbu/backend/vendor/fruitcake/laravel-cors/src/HandleCors.php(52): Laravel\\Lumen\\Routing\\Pipeline->Laravel\\Lumen\\Routing\\{closure}()
#31 /var/www/html/sis_dbu/backend/vendor/illuminate/pipeline/Pipeline.php(167): Fruitcake\\Cors\\HandleCors->handle()
#32 [internal function]: Illuminate\\Pipeline\\Pipeline->Illuminate\\Pipeline\\{closure}()
#33 /var/www/html/sis_dbu/backend/vendor/laravel/lumen-framework/src/Routing/Pipeline.php(30): call_user_func()
#34 /var/www/html/sis_dbu/backend/vendor/illuminate/pipeline/Pipeline.php(103): Laravel\\Lumen\\Routing\\Pipeline->Laravel\\Lumen\\Routing\\{closure}()
#35 /var/www/html/sis_dbu/backend/vendor/laravel/lumen-framework/src/Concerns/RoutesRequests.php(423): Illuminate\\Pipeline\\Pipeline->then()
#36 /var/www/html/sis_dbu/backend/vendor/laravel/lumen-framework/src/Concerns/RoutesRequests.php(172): Laravel\\Lumen\\Application->sendThroughPipeline()
#37 /var/www/html/sis_dbu/backend/vendor/laravel/lumen-framework/src/Concerns/RoutesRequests.php(109): Laravel\\Lumen\\Application->dispatch()
#38 /var/www/html/sis_dbu/backend/index.php(28): Laravel\\Lumen\\Application->run()
#39 {main}
"} 
[2025-06-01 23:57:29] local.ERROR: Undefined offset: 2 {"exception":"[object] (ErrorException(code: 0): Undefined offset: 2 at /var/www/html/sis_dbu/backend/vendor/illuminate/support/Collection.php:1362)
[stacktrace]
#0 /var/www/html/sis_dbu/backend/vendor/illuminate/support/Collection.php(1362): Laravel\\Lumen\\Application->Laravel\\Lumen\\Concerns\\{closure}()
#1 /var/www/html/sis_dbu/backend/app/Services/Solicitud/ShowSolicitudService.php(18): Illuminate\\Support\\Collection->offsetGet()
#2 /var/www/html/sis_dbu/backend/app/Http/Controllers/SolicitudController.php(70): App\\Services\\Solicitud\\ShowSolicitudService->show()
#3 /var/www/html/sis_dbu/backend/vendor/illuminate/container/BoundMethod.php(36): App\\Http\\Controllers\\SolicitudController->show()
#4 /var/www/html/sis_dbu/backend/vendor/illuminate/container/Util.php(37): Illuminate\\Container\\BoundMethod::Illuminate\\Container\\{closure}()
#5 /var/www/html/sis_dbu/backend/vendor/illuminate/container/BoundMethod.php(93): Illuminate\\Container\\Util::unwrapIfClosure()
#6 /var/www/html/sis_dbu/backend/vendor/illuminate/container/BoundMethod.php(37): Illuminate\\Container\\BoundMethod::callBoundMethod()
#7 /var/www/html/sis_dbu/backend/vendor/illuminate/container/Container.php(596): Illuminate\\Container\\BoundMethod::call()
#8 /var/www/html/sis_dbu/backend/vendor/laravel/lumen-framework/src/Concerns/RoutesRequests.php(386): Illuminate\\Container\\Container->call()
#9 /var/www/html/sis_dbu/backend/vendor/laravel/lumen-framework/src/Concerns/RoutesRequests.php(352): Laravel\\Lumen\\Application->callControllerCallable()
#10 /var/www/html/sis_dbu/backend/vendor/laravel/lumen-framework/src/Concerns/RoutesRequests.php(326): Laravel\\Lumen\\Application->callLumenController()
#11 /var/www/html/sis_dbu/backend/vendor/laravel/lumen-framework/src/Concerns/RoutesRequests.php(279): Laravel\\Lumen\\Application->callControllerAction()
#12 /var/www/html/sis_dbu/backend/vendor/laravel/lumen-framework/src/Concerns/RoutesRequests.php(259): Laravel\\Lumen\\Application->callActionOnArrayBasedRoute()
#13 [internal function]: Laravel\\Lumen\\Application->Laravel\\Lumen\\Concerns\\{closure}()
#14 /var/www/html/sis_dbu/backend/vendor/laravel/lumen-framework/src/Routing/Pipeline.php(48): call_user_func()
#15 /var/www/html/sis_dbu/backend/app/Http/Middleware/RestricLevel3.php(44): Laravel\\Lumen\\Routing\\Pipeline->Laravel\\Lumen\\Routing\\{closure}()
#16 /var/www/html/sis_dbu/backend/vendor/illuminate/pipeline/Pipeline.php(167): App\\Http\\Middleware\\RestricLevel3->handle()
#17 [internal function]: Illuminate\\Pipeline\\Pipeline->Illuminate\\Pipeline\\{closure}()
#18 /var/www/html/sis_dbu/backend/vendor/laravel/lumen-framework/src/Routing/Pipeline.php(30): call_user_func()
#19 /var/www/html/sis_dbu/backend/app/Http/Middleware/Authenticate.php(55): Laravel\\Lumen\\Routing\\Pipeline->Laravel\\Lumen\\Routing\\{closure}()
#20 /var/www/html/sis_dbu/backend/vendor/illuminate/pipeline/Pipeline.php(167): App\\Http\\Middleware\\Authenticate->handle()
#21 [internal function]: Illuminate\\Pipeline\\Pipeline->Illuminate\\Pipeline\\{closure}()
#22 /var/www/html/sis_dbu/backend/vendor/laravel/lumen-framework/src/Routing/Pipeline.php(30): call_user_func()
#23 /var/www/html/sis_dbu/backend/vendor/illuminate/pipeline/Pipeline.php(103): Laravel\\Lumen\\Routing\\Pipeline->Laravel\\Lumen\\Routing\\{closure}()
#24 /var/www/html/sis_dbu/backend/vendor/laravel/lumen-framework/src/Concerns/RoutesRequests.php(423): Illuminate\\Pipeline\\Pipeline->then()
#25 /var/www/html/sis_dbu/backend/vendor/laravel/lumen-framework/src/Concerns/RoutesRequests.php(260): Laravel\\Lumen\\Application->sendThroughPipeline()
#26 /var/www/html/sis_dbu/backend/vendor/laravel/lumen-framework/src/Concerns/RoutesRequests.php(234): Laravel\\Lumen\\Application->handleFoundRoute()
#27 /var/www/html/sis_dbu/backend/vendor/laravel/lumen-framework/src/Concerns/RoutesRequests.php(170): Laravel\\Lumen\\Application->handleDispatcherResponse()
#28 [internal function]: Laravel\\Lumen\\Application->Laravel\\Lumen\\Concerns\\{closure}()
#29 /var/www/html/sis_dbu/backend/vendor/laravel/lumen-framework/src/Routing/Pipeline.php(48): call_user_func()
#30 /var/www/html/sis_dbu/backend/vendor/fruitcake/laravel-cors/src/HandleCors.php(52): Laravel\\Lumen\\Routing\\Pipeline->Laravel\\Lumen\\Routing\\{closure}()
#31 /var/www/html/sis_dbu/backend/vendor/illuminate/pipeline/Pipeline.php(167): Fruitcake\\Cors\\HandleCors->handle()
#32 [internal function]: Illuminate\\Pipeline\\Pipeline->Illuminate\\Pipeline\\{closure}()
#33 /var/www/html/sis_dbu/backend/vendor/laravel/lumen-framework/src/Routing/Pipeline.php(30): call_user_func()
#34 /var/www/html/sis_dbu/backend/vendor/illuminate/pipeline/Pipeline.php(103): Laravel\\Lumen\\Routing\\Pipeline->Laravel\\Lumen\\Routing\\{closure}()
#35 /var/www/html/sis_dbu/backend/vendor/laravel/lumen-framework/src/Concerns/RoutesRequests.php(423): Illuminate\\Pipeline\\Pipeline->then()
#36 /var/www/html/sis_dbu/backend/vendor/laravel/lumen-framework/src/Concerns/RoutesRequests.php(172): Laravel\\Lumen\\Application->sendThroughPipeline()
#37 /var/www/html/sis_dbu/backend/vendor/laravel/lumen-framework/src/Concerns/RoutesRequests.php(109): Laravel\\Lumen\\Application->dispatch()
#38 /var/www/html/sis_dbu/backend/index.php(28): Laravel\\Lumen\\Application->run()
#39 {main}
"} 
