[2025-08-15 16:55:44] local.ERROR: Argument 1 passed to App\Services\Solicitud\ServicioSolicitadoSolicitanteService::servicioSolicitante() must be of the type int, string given, called in /var/www/html/sis_dbu/backend/app/Http/Controllers/SolicitudController.php on line 150 {"exception":"[object] (TypeError(code: 0): Argument 1 passed to App\\Services\\Solicitud\\ServicioSolicitadoSolicitanteService::servicioSolicitante() must be of the type int, string given, called in /var/www/html/sis_dbu/backend/app/Http/Controllers/SolicitudController.php on line 150 at /var/www/html/sis_dbu/backend/app/Services/Solicitud/ServicioSolicitadoSolicitanteService.php:14)
[stacktrace]
#0 /var/www/html/sis_dbu/backend/app/Http/Controllers/SolicitudController.php(150): App\\Services\\Solicitud\\ServicioSolicitadoSolicitanteService->servicioSolicitante()
#1 /var/www/html/sis_dbu/backend/vendor/illuminate/container/BoundMethod.php(36): App\\Http\\Controllers\\SolicitudController->servicioSolicitadoSolicitante()
#2 /var/www/html/sis_dbu/backend/vendor/illuminate/container/Util.php(37): Illuminate\\Container\\BoundMethod::Illuminate\\Container\\{closure}()
#3 /var/www/html/sis_dbu/backend/vendor/illuminate/container/BoundMethod.php(93): Illuminate\\Container\\Util::unwrapIfClosure()
#4 /var/www/html/sis_dbu/backend/vendor/illuminate/container/BoundMethod.php(37): Illuminate\\Container\\BoundMethod::callBoundMethod()
#5 /var/www/html/sis_dbu/backend/vendor/illuminate/container/Container.php(596): Illuminate\\Container\\BoundMethod::call()
#6 /var/www/html/sis_dbu/backend/vendor/laravel/lumen-framework/src/Concerns/RoutesRequests.php(386): Illuminate\\Container\\Container->call()
#7 /var/www/html/sis_dbu/backend/vendor/laravel/lumen-framework/src/Concerns/RoutesRequests.php(352): Laravel\\Lumen\\Application->callControllerCallable()
#8 /var/www/html/sis_dbu/backend/vendor/laravel/lumen-framework/src/Concerns/RoutesRequests.php(326): Laravel\\Lumen\\Application->callLumenController()
#9 /var/www/html/sis_dbu/backend/vendor/laravel/lumen-framework/src/Concerns/RoutesRequests.php(279): Laravel\\Lumen\\Application->callControllerAction()
#10 /var/www/html/sis_dbu/backend/vendor/laravel/lumen-framework/src/Concerns/RoutesRequests.php(264): Laravel\\Lumen\\Application->callActionOnArrayBasedRoute()
#11 /var/www/html/sis_dbu/backend/vendor/laravel/lumen-framework/src/Concerns/RoutesRequests.php(234): Laravel\\Lumen\\Application->handleFoundRoute()
#12 /var/www/html/sis_dbu/backend/vendor/laravel/lumen-framework/src/Concerns/RoutesRequests.php(170): Laravel\\Lumen\\Application->handleDispatcherResponse()
#13 [internal function]: Laravel\\Lumen\\Application->Laravel\\Lumen\\Concerns\\{closure}()
#14 /var/www/html/sis_dbu/backend/vendor/laravel/lumen-framework/src/Routing/Pipeline.php(48): call_user_func()
#15 /var/www/html/sis_dbu/backend/vendor/fruitcake/laravel-cors/src/HandleCors.php(52): Laravel\\Lumen\\Routing\\Pipeline->Laravel\\Lumen\\Routing\\{closure}()
#16 /var/www/html/sis_dbu/backend/vendor/illuminate/pipeline/Pipeline.php(167): Fruitcake\\Cors\\HandleCors->handle()
#17 [internal function]: Illuminate\\Pipeline\\Pipeline->Illuminate\\Pipeline\\{closure}()
#18 /var/www/html/sis_dbu/backend/vendor/laravel/lumen-framework/src/Routing/Pipeline.php(30): call_user_func()
#19 /var/www/html/sis_dbu/backend/vendor/illuminate/pipeline/Pipeline.php(103): Laravel\\Lumen\\Routing\\Pipeline->Laravel\\Lumen\\Routing\\{closure}()
#20 /var/www/html/sis_dbu/backend/vendor/laravel/lumen-framework/src/Concerns/RoutesRequests.php(423): Illuminate\\Pipeline\\Pipeline->then()
#21 /var/www/html/sis_dbu/backend/vendor/laravel/lumen-framework/src/Concerns/RoutesRequests.php(172): Laravel\\Lumen\\Application->sendThroughPipeline()
#22 /var/www/html/sis_dbu/backend/vendor/laravel/lumen-framework/src/Concerns/RoutesRequests.php(109): Laravel\\Lumen\\Application->dispatch()
#23 /var/www/html/sis_dbu/backend/index.php(28): Laravel\\Lumen\\Application->run()
#24 {main}
"} 
[2025-08-15 20:50:58] local.ERROR: Argument 1 passed to App\Services\Solicitud\ServicioSolicitadoSolicitanteService::servicioSolicitante() must be of the type int, string given, called in /var/www/html/sis_dbu/backend/app/Http/Controllers/SolicitudController.php on line 150 {"exception":"[object] (TypeError(code: 0): Argument 1 passed to App\\Services\\Solicitud\\ServicioSolicitadoSolicitanteService::servicioSolicitante() must be of the type int, string given, called in /var/www/html/sis_dbu/backend/app/Http/Controllers/SolicitudController.php on line 150 at /var/www/html/sis_dbu/backend/app/Services/Solicitud/ServicioSolicitadoSolicitanteService.php:14)
[stacktrace]
#0 /var/www/html/sis_dbu/backend/app/Http/Controllers/SolicitudController.php(150): App\\Services\\Solicitud\\ServicioSolicitadoSolicitanteService->servicioSolicitante()
#1 /var/www/html/sis_dbu/backend/vendor/illuminate/container/BoundMethod.php(36): App\\Http\\Controllers\\SolicitudController->servicioSolicitadoSolicitante()
#2 /var/www/html/sis_dbu/backend/vendor/illuminate/container/Util.php(37): Illuminate\\Container\\BoundMethod::Illuminate\\Container\\{closure}()
#3 /var/www/html/sis_dbu/backend/vendor/illuminate/container/BoundMethod.php(93): Illuminate\\Container\\Util::unwrapIfClosure()
#4 /var/www/html/sis_dbu/backend/vendor/illuminate/container/BoundMethod.php(37): Illuminate\\Container\\BoundMethod::callBoundMethod()
#5 /var/www/html/sis_dbu/backend/vendor/illuminate/container/Container.php(596): Illuminate\\Container\\BoundMethod::call()
#6 /var/www/html/sis_dbu/backend/vendor/laravel/lumen-framework/src/Concerns/RoutesRequests.php(386): Illuminate\\Container\\Container->call()
#7 /var/www/html/sis_dbu/backend/vendor/laravel/lumen-framework/src/Concerns/RoutesRequests.php(352): Laravel\\Lumen\\Application->callControllerCallable()
#8 /var/www/html/sis_dbu/backend/vendor/laravel/lumen-framework/src/Concerns/RoutesRequests.php(326): Laravel\\Lumen\\Application->callLumenController()
#9 /var/www/html/sis_dbu/backend/vendor/laravel/lumen-framework/src/Concerns/RoutesRequests.php(279): Laravel\\Lumen\\Application->callControllerAction()
#10 /var/www/html/sis_dbu/backend/vendor/laravel/lumen-framework/src/Concerns/RoutesRequests.php(264): Laravel\\Lumen\\Application->callActionOnArrayBasedRoute()
#11 /var/www/html/sis_dbu/backend/vendor/laravel/lumen-framework/src/Concerns/RoutesRequests.php(234): Laravel\\Lumen\\Application->handleFoundRoute()
#12 /var/www/html/sis_dbu/backend/vendor/laravel/lumen-framework/src/Concerns/RoutesRequests.php(170): Laravel\\Lumen\\Application->handleDispatcherResponse()
#13 [internal function]: Laravel\\Lumen\\Application->Laravel\\Lumen\\Concerns\\{closure}()
#14 /var/www/html/sis_dbu/backend/vendor/laravel/lumen-framework/src/Routing/Pipeline.php(48): call_user_func()
#15 /var/www/html/sis_dbu/backend/vendor/fruitcake/laravel-cors/src/HandleCors.php(52): Laravel\\Lumen\\Routing\\Pipeline->Laravel\\Lumen\\Routing\\{closure}()
#16 /var/www/html/sis_dbu/backend/vendor/illuminate/pipeline/Pipeline.php(167): Fruitcake\\Cors\\HandleCors->handle()
#17 [internal function]: Illuminate\\Pipeline\\Pipeline->Illuminate\\Pipeline\\{closure}()
#18 /var/www/html/sis_dbu/backend/vendor/laravel/lumen-framework/src/Routing/Pipeline.php(30): call_user_func()
#19 /var/www/html/sis_dbu/backend/vendor/illuminate/pipeline/Pipeline.php(103): Laravel\\Lumen\\Routing\\Pipeline->Laravel\\Lumen\\Routing\\{closure}()
#20 /var/www/html/sis_dbu/backend/vendor/laravel/lumen-framework/src/Concerns/RoutesRequests.php(423): Illuminate\\Pipeline\\Pipeline->then()
#21 /var/www/html/sis_dbu/backend/vendor/laravel/lumen-framework/src/Concerns/RoutesRequests.php(172): Laravel\\Lumen\\Application->sendThroughPipeline()
#22 /var/www/html/sis_dbu/backend/vendor/laravel/lumen-framework/src/Concerns/RoutesRequests.php(109): Laravel\\Lumen\\Application->dispatch()
#23 /var/www/html/sis_dbu/backend/index.php(28): Laravel\\Lumen\\Application->run()
#24 {main}
"} 
[2025-08-15 20:51:09] local.ERROR: Argument 1 passed to App\Services\Solicitud\ServicioSolicitadoSolicitanteService::servicioSolicitante() must be of the type int, string given, called in /var/www/html/sis_dbu/backend/app/Http/Controllers/SolicitudController.php on line 150 {"exception":"[object] (TypeError(code: 0): Argument 1 passed to App\\Services\\Solicitud\\ServicioSolicitadoSolicitanteService::servicioSolicitante() must be of the type int, string given, called in /var/www/html/sis_dbu/backend/app/Http/Controllers/SolicitudController.php on line 150 at /var/www/html/sis_dbu/backend/app/Services/Solicitud/ServicioSolicitadoSolicitanteService.php:14)
[stacktrace]
#0 /var/www/html/sis_dbu/backend/app/Http/Controllers/SolicitudController.php(150): App\\Services\\Solicitud\\ServicioSolicitadoSolicitanteService->servicioSolicitante()
#1 /var/www/html/sis_dbu/backend/vendor/illuminate/container/BoundMethod.php(36): App\\Http\\Controllers\\SolicitudController->servicioSolicitadoSolicitante()
#2 /var/www/html/sis_dbu/backend/vendor/illuminate/container/Util.php(37): Illuminate\\Container\\BoundMethod::Illuminate\\Container\\{closure}()
#3 /var/www/html/sis_dbu/backend/vendor/illuminate/container/BoundMethod.php(93): Illuminate\\Container\\Util::unwrapIfClosure()
#4 /var/www/html/sis_dbu/backend/vendor/illuminate/container/BoundMethod.php(37): Illuminate\\Container\\BoundMethod::callBoundMethod()
#5 /var/www/html/sis_dbu/backend/vendor/illuminate/container/Container.php(596): Illuminate\\Container\\BoundMethod::call()
#6 /var/www/html/sis_dbu/backend/vendor/laravel/lumen-framework/src/Concerns/RoutesRequests.php(386): Illuminate\\Container\\Container->call()
#7 /var/www/html/sis_dbu/backend/vendor/laravel/lumen-framework/src/Concerns/RoutesRequests.php(352): Laravel\\Lumen\\Application->callControllerCallable()
#8 /var/www/html/sis_dbu/backend/vendor/laravel/lumen-framework/src/Concerns/RoutesRequests.php(326): Laravel\\Lumen\\Application->callLumenController()
#9 /var/www/html/sis_dbu/backend/vendor/laravel/lumen-framework/src/Concerns/RoutesRequests.php(279): Laravel\\Lumen\\Application->callControllerAction()
#10 /var/www/html/sis_dbu/backend/vendor/laravel/lumen-framework/src/Concerns/RoutesRequests.php(264): Laravel\\Lumen\\Application->callActionOnArrayBasedRoute()
#11 /var/www/html/sis_dbu/backend/vendor/laravel/lumen-framework/src/Concerns/RoutesRequests.php(234): Laravel\\Lumen\\Application->handleFoundRoute()
#12 /var/www/html/sis_dbu/backend/vendor/laravel/lumen-framework/src/Concerns/RoutesRequests.php(170): Laravel\\Lumen\\Application->handleDispatcherResponse()
#13 [internal function]: Laravel\\Lumen\\Application->Laravel\\Lumen\\Concerns\\{closure}()
#14 /var/www/html/sis_dbu/backend/vendor/laravel/lumen-framework/src/Routing/Pipeline.php(48): call_user_func()
#15 /var/www/html/sis_dbu/backend/vendor/fruitcake/laravel-cors/src/HandleCors.php(52): Laravel\\Lumen\\Routing\\Pipeline->Laravel\\Lumen\\Routing\\{closure}()
#16 /var/www/html/sis_dbu/backend/vendor/illuminate/pipeline/Pipeline.php(167): Fruitcake\\Cors\\HandleCors->handle()
#17 [internal function]: Illuminate\\Pipeline\\Pipeline->Illuminate\\Pipeline\\{closure}()
#18 /var/www/html/sis_dbu/backend/vendor/laravel/lumen-framework/src/Routing/Pipeline.php(30): call_user_func()
#19 /var/www/html/sis_dbu/backend/vendor/illuminate/pipeline/Pipeline.php(103): Laravel\\Lumen\\Routing\\Pipeline->Laravel\\Lumen\\Routing\\{closure}()
#20 /var/www/html/sis_dbu/backend/vendor/laravel/lumen-framework/src/Concerns/RoutesRequests.php(423): Illuminate\\Pipeline\\Pipeline->then()
#21 /var/www/html/sis_dbu/backend/vendor/laravel/lumen-framework/src/Concerns/RoutesRequests.php(172): Laravel\\Lumen\\Application->sendThroughPipeline()
#22 /var/www/html/sis_dbu/backend/vendor/laravel/lumen-framework/src/Concerns/RoutesRequests.php(109): Laravel\\Lumen\\Application->dispatch()
#23 /var/www/html/sis_dbu/backend/index.php(28): Laravel\\Lumen\\Application->run()
#24 {main}
"} 
